#
# There is insufficient memory for the Java Runtime Environment to continue.
# Native memory allocation (malloc) failed to allocate 2055216 bytes for Chunk::new
# Possible reasons:
#   The system is out of physical RAM or swap space
#   The process is running with CompressedOops enabled, and the Java Heap may be blocking the growth of the native heap
# Possible solutions:
#   Reduce memory load on the system
#   Increase physical memory or swap space
#   Check if swap backing store is full
#   Decrease Java heap size (-Xmx/-Xms)
#   Decrease number of Java threads
#   Decrease Java thread stack sizes (-Xss)
#   Set larger code cache with -XX:ReservedCodeCacheSize=
#   JVM is running with Unscaled Compressed Oops mode in which the Java heap is
#     placed in the first 4GB address space. The Java Heap base address is the
#     maximum limit for the native heap growth. Please use -XX:HeapBaseMinAddress
#     to set the Java Heap base and to place the Java Heap above 4GB virtual address.
# This output file may be truncated or incomplete.
#
#  Out of Memory Error (arena.cpp:168), pid=19936, tid=1468
#
# JRE version: OpenJDK Runtime Environment (21.0.2+13) (build 21.0.2+13-58)
# Java VM: OpenJDK 64-Bit Server VM (21.0.2+13-58, mixed mode, sharing, tiered, compressed oops, compressed class ptrs, g1 gc, windows-amd64)
# No core dump will be written. Minidumps are not enabled by default on client versions of Windows
#

---------------  S U M M A R Y ------------

Command Line: -Dmaven.multiModuleProjectDirectory=C:\Users\HP 14S-FQ1001NU\IdeaProjects\local_java_repo -Djansi.passthrough=true -Dmaven.home=C:\Program Files\JetBrains\IntelliJ IDEA Community Edition 2023.3.4\plugins\maven\lib\maven3 -Dclassworlds.conf=C:\Program Files\JetBrains\IntelliJ IDEA Community Edition 2023.3.4\plugins\maven\lib\maven3\bin\m2.conf -Dmaven.ext.class.path=C:\Program Files\JetBrains\IntelliJ IDEA Community Edition 2023.3.4\plugins\maven\lib\maven-event-listener.jar -javaagent:C:\Program Files\JetBrains\IntelliJ IDEA Community Edition 2023.3.4\lib\idea_rt.jar=52195:C:\Program Files\JetBrains\IntelliJ IDEA Community Edition 2023.3.4\bin -Dfile.encoding=UTF-8 -Dsun.stdout.encoding=UTF-8 -Dsun.stderr.encoding=UTF-8 org.codehaus.classworlds.Launcher -Didea.version=2023.3.4 clean install

Host: AMD Ryzen 3 5300U with Radeon Graphics         , 8 cores, 7G,  Windows 11 , 64 bit Build 22621 (10.0.22621.3672)
Time: Sun Jun 23 11:28:41 2024  Windows 11 , 64 bit Build 22621 (10.0.22621.3672) elapsed time: 10.900681 seconds (0d 0h 0m 10s)

---------------  T H R E A D  ---------------

Current thread (0x000001c67bcf2020):  JavaThread "C2 CompilerThread2" daemon [_thread_in_native, id=1468, stack(0x000000a000100000,0x000000a000200000) (1024K)]


Current CompileTask:
C2:  10900 6684   !   4       lombok.core.AST::buildWithField0 (121 bytes)

Stack: [0x000000a000100000,0x000000a000200000]
Native frames: (J=compiled Java code, j=interpreted, Vv=VM code, C=native code)
V  [jvm.dll+0x6cade9]
V  [jvm.dll+0x8569c1]
V  [jvm.dll+0x858d2e]
V  [jvm.dll+0x859413]
V  [jvm.dll+0x280e56]
V  [jvm.dll+0xc3f3d]
V  [jvm.dll+0xc4473]
V  [jvm.dll+0x3b5bf2]
V  [jvm.dll+0x382855]
V  [jvm.dll+0x381cca]
V  [jvm.dll+0x249bd0]
V  [jvm.dll+0x2491b1]
V  [jvm.dll+0x1c9634]
V  [jvm.dll+0x258859]
V  [jvm.dll+0x256e3a]
V  [jvm.dll+0x3ef6c6]
V  [jvm.dll+0x7ff568]
V  [jvm.dll+0x6c953d]
C  [ucrtbase.dll+0x29333]
C  [KERNEL32.DLL+0x1257d]
C  [ntdll.dll+0x5af28]


---------------  P R O C E S S  ---------------

Threads class SMR info:
_java_thread_list=0x000001c67a6fd230, length=14, elements={
0x000001c6150f1ff0, 0x000001c6339a6c60, 0x000001c6339a7b80, 0x000001c6339abe80,
0x000001c6339acb60, 0x000001c6339af5d0, 0x000001c6339b1170, 0x000001c6339bd540,
0x000001c6339be240, 0x000001c633bb2fb0, 0x000001c633c7ba00, 0x000001c633c7d9f0,
0x000001c67a2217a0, 0x000001c67bcf2020
}

Java Threads: ( => current thread )
  0x000001c6150f1ff0 JavaThread "main"                              [_thread_in_native, id=21644, stack(0x000000a07ed00000,0x000000a07ee00000) (1024K)]
  0x000001c6339a6c60 JavaThread "Reference Handler"          daemon [_thread_blocked, id=16324, stack(0x000000a07f500000,0x000000a07f600000) (1024K)]
  0x000001c6339a7b80 JavaThread "Finalizer"                  daemon [_thread_blocked, id=2500, stack(0x000000a07f600000,0x000000a07f700000) (1024K)]
  0x000001c6339abe80 JavaThread "Signal Dispatcher"          daemon [_thread_blocked, id=19516, stack(0x000000a07f700000,0x000000a07f800000) (1024K)]
  0x000001c6339acb60 JavaThread "Attach Listener"            daemon [_thread_blocked, id=20620, stack(0x000000a07f800000,0x000000a07f900000) (1024K)]
  0x000001c6339af5d0 JavaThread "Service Thread"             daemon [_thread_blocked, id=5516, stack(0x000000a07f900000,0x000000a07fa00000) (1024K)]
  0x000001c6339b1170 JavaThread "Monitor Deflation Thread"   daemon [_thread_blocked, id=19700, stack(0x000000a07fa00000,0x000000a07fb00000) (1024K)]
  0x000001c6339bd540 JavaThread "C2 CompilerThread0"         daemon [_thread_in_native, id=16892, stack(0x000000a07fb00000,0x000000a07fc00000) (1024K)]
  0x000001c6339be240 JavaThread "C1 CompilerThread0"         daemon [_thread_blocked, id=20688, stack(0x000000a07fc00000,0x000000a07fd00000) (1024K)]
  0x000001c633bb2fb0 JavaThread "Common-Cleaner"             daemon [_thread_blocked, id=11888, stack(0x000000a07fd00000,0x000000a07fe00000) (1024K)]
  0x000001c633c7ba00 JavaThread "Monitor Ctrl-Break"         daemon [_thread_in_native, id=19464, stack(0x000000a07fe00000,0x000000a07ff00000) (1024K)]
  0x000001c633c7d9f0 JavaThread "Notification Thread"        daemon [_thread_blocked, id=18540, stack(0x000000a07ff00000,0x000000a080000000) (1024K)]
  0x000001c67a2217a0 JavaThread "C2 CompilerThread1"         daemon [_thread_in_native, id=21968, stack(0x000000a000000000,0x000000a000100000) (1024K)]
=>0x000001c67bcf2020 JavaThread "C2 CompilerThread2"         daemon [_thread_in_native, id=1468, stack(0x000000a000100000,0x000000a000200000) (1024K)]
Total: 14

Other Threads:
  0x000001c633989da0 VMThread "VM Thread"                           [id=1652, stack(0x000000a07f400000,0x000000a07f500000) (1024K)]
  0x000001c633974420 WatcherThread "VM Periodic Task Thread"        [id=21524, stack(0x000000a07f300000,0x000000a07f400000) (1024K)]
  0x000001c6173905c0 WorkerThread "GC Thread#0"                     [id=21108, stack(0x000000a07ee00000,0x000000a07ef00000) (1024K)]
  0x000001c679a91b40 WorkerThread "GC Thread#1"                     [id=18528, stack(0x000000a000200000,0x000000a000300000) (1024K)]
  0x000001c679efecf0 WorkerThread "GC Thread#2"                     [id=16380, stack(0x000000a000300000,0x000000a000400000) (1024K)]
  0x000001c679efe5b0 WorkerThread "GC Thread#3"                     [id=11232, stack(0x000000a000400000,0x000000a000500000) (1024K)]
  0x000001c679effb70 WorkerThread "GC Thread#4"                     [id=9888, stack(0x000000a000500000,0x000000a000600000) (1024K)]
  0x000001c679eff090 WorkerThread "GC Thread#5"                     [id=4932, stack(0x000000a000600000,0x000000a000700000) (1024K)]
  0x000001c679eff430 WorkerThread "GC Thread#6"                     [id=7100, stack(0x000000a000700000,0x000000a000800000) (1024K)]
  0x000001c679efff10 WorkerThread "GC Thread#7"                     [id=8612, stack(0x000000a000800000,0x000000a000900000) (1024K)]
  0x000001c6173a09e0 ConcurrentGCThread "G1 Main Marker"            [id=7236, stack(0x000000a07ef00000,0x000000a07f000000) (1024K)]
  0x000001c6173a1c80 WorkerThread "G1 Conc#0"                       [id=18004, stack(0x000000a07f000000,0x000000a07f100000) (1024K)]
  0x000001c67a0d4d80 WorkerThread "G1 Conc#1"                       [id=1680, stack(0x000000a000900000,0x000000a000a00000) (1024K)]
  0x000001c633847100 ConcurrentGCThread "G1 Refine#0"               [id=3432, stack(0x000000a07f100000,0x000000a07f200000) (1024K)]
  0x000001c633847c70 ConcurrentGCThread "G1 Service"                [id=9176, stack(0x000000a07f200000,0x000000a07f300000) (1024K)]
Total: 15

Threads with active compile tasks:
C2 CompilerThread0    10932 6683       4       lombok.core.AST::buildWithField (21 bytes)
C2 CompilerThread1    10932 6681       4       lombok.javac.JavacAST::buildStatementOrExpression (120 bytes)
C2 CompilerThread2    10932 6684   !   4       lombok.core.AST::buildWithField0 (121 bytes)
Total: 3

VM state: not at safepoint (normal execution)

VM Mutex/Monitor currently owned by a thread: None

Heap address: 0x000000008ac00000, size: 1876 MB, Compressed Oops mode: 32-bit

CDS archive(s) mapped at: [0x000001c634000000-0x000001c634c90000-0x000001c634c90000), size 13172736, SharedBaseAddress: 0x000001c634000000, ArchiveRelocationMode: 1.
Compressed class space mapped at: 0x000001c635000000-0x000001c675000000, reserved size: 1073741824
Narrow klass base: 0x000001c634000000, Narrow klass shift: 0, Narrow klass range: 0x100000000

GC Precious Log:
 CardTable entry size: 512
 Card Set container configuration: InlinePtr #cards 5 size 8 Array Of Cards #cards 12 size 40 Howl #buckets 4 coarsen threshold 1843 Howl Bitmap #cards 512 size 80 coarsen threshold 460 Card regions per heap region 1 cards per card region 2048
 CPUs: 8 total, 8 available
 Memory: 7502M
 Large Page Support: Disabled
 NUMA Support: Disabled
 Compressed Oops: Enabled (32-bit)
 Heap Region Size: 1M
 Heap Min Capacity: 8M
 Heap Initial Capacity: 118M
 Heap Max Capacity: 1876M
 Pre-touch: Disabled
 Parallel Workers: 8
 Concurrent Workers: 2
 Concurrent Refinement Workers: 8
 Periodic GC: Disabled

Heap:
 garbage-first heap   total 97280K, used 51615K [0x000000008ac00000, 0x0000000100000000)
  region size 1024K, 9 young (9216K), 2 survivors (2048K)
 Metaspace       used 30765K, committed 31232K, reserved 1114112K
  class space    used 3437K, committed 3648K, reserved 1048576K

Heap Regions: E=young(eden), S=young(survivor), O=old, HS=humongous(starts), HC=humongous(continues), CS=collection set, F=free, TAMS=top-at-mark-start, PB=parsable bottom
|   0|0x000000008ac00000, 0x000000008ad00000, 0x000000008ad00000|100%| O|  |TAMS 0x000000008ac00000| PB 0x000000008ac00000| Untracked 
|   1|0x000000008ad00000, 0x000000008ae00000, 0x000000008ae00000|100%| O|  |TAMS 0x000000008ad00000| PB 0x000000008ad00000| Untracked 
|   2|0x000000008ae00000, 0x000000008af00000, 0x000000008af00000|100%| O|  |TAMS 0x000000008ae00000| PB 0x000000008ae00000| Untracked 
|   3|0x000000008af00000, 0x000000008b000000, 0x000000008b000000|100%| O|  |TAMS 0x000000008af00000| PB 0x000000008af00000| Untracked 
|   4|0x000000008b000000, 0x000000008b100000, 0x000000008b100000|100%| O|  |TAMS 0x000000008b000000| PB 0x000000008b000000| Untracked 
|   5|0x000000008b100000, 0x000000008b200000, 0x000000008b200000|100%| O|  |TAMS 0x000000008b100000| PB 0x000000008b100000| Untracked 
|   6|0x000000008b200000, 0x000000008b300000, 0x000000008b300000|100%| O|  |TAMS 0x000000008b200000| PB 0x000000008b200000| Untracked 
|   7|0x000000008b300000, 0x000000008b400000, 0x000000008b400000|100%| O|  |TAMS 0x000000008b300000| PB 0x000000008b300000| Untracked 
|   8|0x000000008b400000, 0x000000008b500000, 0x000000008b500000|100%| O|  |TAMS 0x000000008b400000| PB 0x000000008b400000| Untracked 
|   9|0x000000008b500000, 0x000000008b600000, 0x000000008b600000|100%| O|  |TAMS 0x000000008b500000| PB 0x000000008b500000| Untracked 
|  10|0x000000008b600000, 0x000000008b700000, 0x000000008b700000|100%| O|  |TAMS 0x000000008b600000| PB 0x000000008b600000| Untracked 
|  11|0x000000008b700000, 0x000000008b800000, 0x000000008b800000|100%| O|  |TAMS 0x000000008b700000| PB 0x000000008b700000| Untracked 
|  12|0x000000008b800000, 0x000000008b900000, 0x000000008b900000|100%| O|  |TAMS 0x000000008b800000| PB 0x000000008b800000| Untracked 
|  13|0x000000008b900000, 0x000000008ba00000, 0x000000008ba00000|100%| O|  |TAMS 0x000000008b900000| PB 0x000000008b900000| Untracked 
|  14|0x000000008ba00000, 0x000000008bb00000, 0x000000008bb00000|100%|HS|  |TAMS 0x000000008ba00000| PB 0x000000008ba00000| Complete 
|  15|0x000000008bb00000, 0x000000008bc00000, 0x000000008bc00000|100%| O|  |TAMS 0x000000008bb00000| PB 0x000000008bb00000| Untracked 
|  16|0x000000008bc00000, 0x000000008bd00000, 0x000000008bd00000|100%| O|  |TAMS 0x000000008bc00000| PB 0x000000008bc00000| Untracked 
|  17|0x000000008bd00000, 0x000000008be00000, 0x000000008be00000|100%|HS|  |TAMS 0x000000008bd00000| PB 0x000000008bd00000| Complete 
|  18|0x000000008be00000, 0x000000008bf00000, 0x000000008bf00000|100%|HC|  |TAMS 0x000000008be00000| PB 0x000000008be00000| Complete 
|  19|0x000000008bf00000, 0x000000008c000000, 0x000000008c000000|100%|HS|  |TAMS 0x000000008bf00000| PB 0x000000008bf00000| Complete 
|  20|0x000000008c000000, 0x000000008c100000, 0x000000008c100000|100%| O|  |TAMS 0x000000008c000000| PB 0x000000008c000000| Untracked 
|  21|0x000000008c100000, 0x000000008c200000, 0x000000008c200000|100%| O|  |TAMS 0x000000008c100000| PB 0x000000008c100000| Untracked 
|  22|0x000000008c200000, 0x000000008c300000, 0x000000008c300000|100%| O|  |TAMS 0x000000008c200000| PB 0x000000008c200000| Untracked 
|  23|0x000000008c300000, 0x000000008c400000, 0x000000008c400000|100%| O|  |TAMS 0x000000008c300000| PB 0x000000008c300000| Untracked 
|  24|0x000000008c400000, 0x000000008c500000, 0x000000008c500000|100%| O|  |TAMS 0x000000008c400000| PB 0x000000008c400000| Untracked 
|  25|0x000000008c500000, 0x000000008c600000, 0x000000008c600000|100%| O|  |TAMS 0x000000008c500000| PB 0x000000008c500000| Untracked 
|  26|0x000000008c600000, 0x000000008c700000, 0x000000008c700000|100%| O|  |TAMS 0x000000008c600000| PB 0x000000008c600000| Untracked 
|  27|0x000000008c700000, 0x000000008c800000, 0x000000008c800000|100%| O|  |TAMS 0x000000008c700000| PB 0x000000008c700000| Untracked 
|  28|0x000000008c800000, 0x000000008c900000, 0x000000008c900000|100%| O|  |TAMS 0x000000008c800000| PB 0x000000008c800000| Untracked 
|  29|0x000000008c900000, 0x000000008ca00000, 0x000000008ca00000|100%| O|  |TAMS 0x000000008c900000| PB 0x000000008c900000| Untracked 
|  30|0x000000008ca00000, 0x000000008cb00000, 0x000000008cb00000|100%| O|  |TAMS 0x000000008ca00000| PB 0x000000008ca00000| Untracked 
|  31|0x000000008cb00000, 0x000000008cc00000, 0x000000008cc00000|100%| O|  |TAMS 0x000000008cb00000| PB 0x000000008cb00000| Untracked 
|  32|0x000000008cc00000, 0x000000008cc00000, 0x000000008cd00000|  0%| F|  |TAMS 0x000000008cc00000| PB 0x000000008cc00000| Untracked 
|  33|0x000000008cd00000, 0x000000008cd00000, 0x000000008ce00000|  0%| F|  |TAMS 0x000000008cd00000| PB 0x000000008cd00000| Untracked 
|  34|0x000000008ce00000, 0x000000008ce00000, 0x000000008cf00000|  0%| F|  |TAMS 0x000000008ce00000| PB 0x000000008ce00000| Untracked 
|  35|0x000000008cf00000, 0x000000008cf00000, 0x000000008d000000|  0%| F|  |TAMS 0x000000008cf00000| PB 0x000000008cf00000| Untracked 
|  36|0x000000008d000000, 0x000000008d100000, 0x000000008d100000|100%| O|  |TAMS 0x000000008d000000| PB 0x000000008d000000| Untracked 
|  37|0x000000008d100000, 0x000000008d200000, 0x000000008d200000|100%| O|  |TAMS 0x000000008d100000| PB 0x000000008d100000| Untracked 
|  38|0x000000008d200000, 0x000000008d300000, 0x000000008d300000|100%| O|  |TAMS 0x000000008d200000| PB 0x000000008d200000| Untracked 
|  39|0x000000008d300000, 0x000000008d400000, 0x000000008d400000|100%| O|  |TAMS 0x000000008d300000| PB 0x000000008d300000| Untracked 
|  40|0x000000008d400000, 0x000000008d500000, 0x000000008d500000|100%| O|  |TAMS 0x000000008d400000| PB 0x000000008d400000| Untracked 
|  41|0x000000008d500000, 0x000000008d600000, 0x000000008d600000|100%| O|  |TAMS 0x000000008d500000| PB 0x000000008d500000| Untracked 
|  42|0x000000008d600000, 0x000000008d600000, 0x000000008d700000|  0%| F|  |TAMS 0x000000008d600000| PB 0x000000008d600000| Untracked 
|  43|0x000000008d700000, 0x000000008d700000, 0x000000008d800000|  0%| F|  |TAMS 0x000000008d700000| PB 0x000000008d700000| Untracked 
|  44|0x000000008d800000, 0x000000008d800000, 0x000000008d900000|  0%| F|  |TAMS 0x000000008d800000| PB 0x000000008d800000| Untracked 
|  45|0x000000008d900000, 0x000000008d900000, 0x000000008da00000|  0%| F|  |TAMS 0x000000008d900000| PB 0x000000008d900000| Untracked 
|  46|0x000000008da00000, 0x000000008da00000, 0x000000008db00000|  0%| F|  |TAMS 0x000000008da00000| PB 0x000000008da00000| Untracked 
|  47|0x000000008db00000, 0x000000008db00000, 0x000000008dc00000|  0%| F|  |TAMS 0x000000008db00000| PB 0x000000008db00000| Untracked 
|  48|0x000000008dc00000, 0x000000008dc00000, 0x000000008dd00000|  0%| F|  |TAMS 0x000000008dc00000| PB 0x000000008dc00000| Untracked 
|  49|0x000000008dd00000, 0x000000008dd00000, 0x000000008de00000|  0%| F|  |TAMS 0x000000008dd00000| PB 0x000000008dd00000| Untracked 
|  50|0x000000008de00000, 0x000000008de00000, 0x000000008df00000|  0%| F|  |TAMS 0x000000008de00000| PB 0x000000008de00000| Untracked 
|  51|0x000000008df00000, 0x000000008df00000, 0x000000008e000000|  0%| F|  |TAMS 0x000000008df00000| PB 0x000000008df00000| Untracked 
|  52|0x000000008e000000, 0x000000008e000000, 0x000000008e100000|  0%| F|  |TAMS 0x000000008e000000| PB 0x000000008e000000| Untracked 
|  53|0x000000008e100000, 0x000000008e167de8, 0x000000008e200000| 40%| S|CS|TAMS 0x000000008e100000| PB 0x000000008e100000| Complete 
|  54|0x000000008e200000, 0x000000008e300000, 0x000000008e300000|100%| S|CS|TAMS 0x000000008e200000| PB 0x000000008e200000| Complete 
|  55|0x000000008e300000, 0x000000008e300000, 0x000000008e400000|  0%| F|  |TAMS 0x000000008e300000| PB 0x000000008e300000| Untracked 
|  56|0x000000008e400000, 0x000000008e400000, 0x000000008e500000|  0%| F|  |TAMS 0x000000008e400000| PB 0x000000008e400000| Untracked 
|  57|0x000000008e500000, 0x000000008e500000, 0x000000008e600000|  0%| F|  |TAMS 0x000000008e500000| PB 0x000000008e500000| Untracked 
|  58|0x000000008e600000, 0x000000008e600000, 0x000000008e700000|  0%| F|  |TAMS 0x000000008e600000| PB 0x000000008e600000| Untracked 
|  59|0x000000008e700000, 0x000000008e700000, 0x000000008e800000|  0%| F|  |TAMS 0x000000008e700000| PB 0x000000008e700000| Untracked 
|  60|0x000000008e800000, 0x000000008e800000, 0x000000008e900000|  0%| F|  |TAMS 0x000000008e800000| PB 0x000000008e800000| Untracked 
|  61|0x000000008e900000, 0x000000008e900000, 0x000000008ea00000|  0%| F|  |TAMS 0x000000008e900000| PB 0x000000008e900000| Untracked 
|  62|0x000000008ea00000, 0x000000008ea00000, 0x000000008eb00000|  0%| F|  |TAMS 0x000000008ea00000| PB 0x000000008ea00000| Untracked 
|  63|0x000000008eb00000, 0x000000008eb00000, 0x000000008ec00000|  0%| F|  |TAMS 0x000000008eb00000| PB 0x000000008eb00000| Untracked 
|  64|0x000000008ec00000, 0x000000008ec00000, 0x000000008ed00000|  0%| F|  |TAMS 0x000000008ec00000| PB 0x000000008ec00000| Untracked 
|  65|0x000000008ed00000, 0x000000008ed00000, 0x000000008ee00000|  0%| F|  |TAMS 0x000000008ed00000| PB 0x000000008ed00000| Untracked 
|  66|0x000000008ee00000, 0x000000008ee00000, 0x000000008ef00000|  0%| F|  |TAMS 0x000000008ee00000| PB 0x000000008ee00000| Untracked 
|  67|0x000000008ef00000, 0x000000008ef00000, 0x000000008f000000|  0%| F|  |TAMS 0x000000008ef00000| PB 0x000000008ef00000| Untracked 
|  68|0x000000008f000000, 0x000000008f000000, 0x000000008f100000|  0%| F|  |TAMS 0x000000008f000000| PB 0x000000008f000000| Untracked 
|  69|0x000000008f100000, 0x000000008f100000, 0x000000008f200000|  0%| F|  |TAMS 0x000000008f100000| PB 0x000000008f100000| Untracked 
|  70|0x000000008f200000, 0x000000008f200000, 0x000000008f300000|  0%| F|  |TAMS 0x000000008f200000| PB 0x000000008f200000| Untracked 
|  71|0x000000008f300000, 0x000000008f300000, 0x000000008f400000|  0%| F|  |TAMS 0x000000008f300000| PB 0x000000008f300000| Untracked 
|  72|0x000000008f400000, 0x000000008f400000, 0x000000008f500000|  0%| F|  |TAMS 0x000000008f400000| PB 0x000000008f400000| Untracked 
|  73|0x000000008f500000, 0x000000008f500000, 0x000000008f600000|  0%| F|  |TAMS 0x000000008f500000| PB 0x000000008f500000| Untracked 
|  74|0x000000008f600000, 0x000000008f600000, 0x000000008f700000|  0%| F|  |TAMS 0x000000008f600000| PB 0x000000008f600000| Untracked 
|  75|0x000000008f700000, 0x000000008f700000, 0x000000008f800000|  0%| F|  |TAMS 0x000000008f700000| PB 0x000000008f700000| Untracked 
|  76|0x000000008f800000, 0x000000008f800000, 0x000000008f900000|  0%| F|  |TAMS 0x000000008f800000| PB 0x000000008f800000| Untracked 
|  77|0x000000008f900000, 0x000000008f900000, 0x000000008fa00000|  0%| F|  |TAMS 0x000000008f900000| PB 0x000000008f900000| Untracked 
|  78|0x000000008fa00000, 0x000000008fa00000, 0x000000008fb00000|  0%| F|  |TAMS 0x000000008fa00000| PB 0x000000008fa00000| Untracked 
|  79|0x000000008fb00000, 0x000000008fb00000, 0x000000008fc00000|  0%| F|  |TAMS 0x000000008fb00000| PB 0x000000008fb00000| Untracked 
|  80|0x000000008fc00000, 0x000000008fc00000, 0x000000008fd00000|  0%| F|  |TAMS 0x000000008fc00000| PB 0x000000008fc00000| Untracked 
|  94|0x0000000090a00000, 0x0000000090a00000, 0x0000000090b00000|  0%| F|  |TAMS 0x0000000090a00000| PB 0x0000000090a00000| Untracked 
|  95|0x0000000090b00000, 0x0000000090b00000, 0x0000000090c00000|  0%| F|  |TAMS 0x0000000090b00000| PB 0x0000000090b00000| Untracked 
|  96|0x0000000090c00000, 0x0000000090c80800, 0x0000000090d00000| 50%| E|  |TAMS 0x0000000090c00000| PB 0x0000000090c00000| Complete 
|  97|0x0000000090d00000, 0x0000000090e00000, 0x0000000090e00000|100%| E|CS|TAMS 0x0000000090d00000| PB 0x0000000090d00000| Complete 
|  98|0x0000000090e00000, 0x0000000090f00000, 0x0000000090f00000|100%| E|CS|TAMS 0x0000000090e00000| PB 0x0000000090e00000| Complete 
|  99|0x0000000090f00000, 0x0000000091000000, 0x0000000091000000|100%| E|CS|TAMS 0x0000000090f00000| PB 0x0000000090f00000| Complete 
| 100|0x0000000091000000, 0x0000000091100000, 0x0000000091100000|100%| E|CS|TAMS 0x0000000091000000| PB 0x0000000091000000| Complete 
| 101|0x0000000091100000, 0x0000000091200000, 0x0000000091200000|100%| E|CS|TAMS 0x0000000091100000| PB 0x0000000091100000| Complete 
| 117|0x0000000092100000, 0x0000000092200000, 0x0000000092200000|100%| E|CS|TAMS 0x0000000092100000| PB 0x0000000092100000| Complete 
|1871|0x00000000ffb00000, 0x00000000ffc00000, 0x00000000ffc00000|100%| O|  |TAMS 0x00000000ffb00000| PB 0x00000000ffb00000| Untracked 
|1872|0x00000000ffc00000, 0x00000000ffd00000, 0x00000000ffd00000|100%| O|  |TAMS 0x00000000ffc00000| PB 0x00000000ffc00000| Untracked 
|1873|0x00000000ffd00000, 0x00000000ffe00000, 0x00000000ffe00000|100%| O|  |TAMS 0x00000000ffd00000| PB 0x00000000ffd00000| Untracked 
|1874|0x00000000ffe00000, 0x00000000fff00000, 0x00000000fff00000|100%| O|  |TAMS 0x00000000ffe00000| PB 0x00000000ffe00000| Untracked 
|1875|0x00000000fff00000, 0x0000000100000000, 0x0000000100000000|100%| O|  |TAMS 0x00000000fff00000| PB 0x00000000fff00000| Untracked 

Card table byte_map: [0x000001c62ee70000,0x000001c62f220000] _byte_map_base: 0x000001c62ea1a000

Marking Bits: (CMBitMap*) 0x000001c617390cc0
 Bits: [0x000001c62f220000, 0x000001c630f70000)

Polling page: 0x000001c6152e0000

Metaspace:

Usage:
  Non-class:     26.69 MB used.
      Class:      3.36 MB used.
       Both:     30.05 MB used.

Virtual space:
  Non-class space:       64.00 MB reserved,      26.94 MB ( 42%) committed,  1 nodes.
      Class space:        1.00 GB reserved,       3.56 MB ( <1%) committed,  1 nodes.
             Both:        1.06 GB reserved,      30.50 MB (  3%) committed. 

Chunk freelists:
   Non-Class:  4.28 MB
       Class:  12.45 MB
        Both:  16.73 MB

MaxMetaspaceSize: unlimited
CompressedClassSpaceSize: 1.00 GB
Initial GC threshold: 21.00 MB
Current GC threshold: 35.25 MB
CDS: on
 - commit_granule_bytes: 65536.
 - commit_granule_words: 8192.
 - virtual_space_node_default_size: 8388608.
 - enlarge_chunks_in_place: 1.
 - use_allocation_guard: 0.


Internal statistics:

num_allocs_failed_limit: 3.
num_arena_births: 458.
num_arena_deaths: 0.
num_vsnodes_births: 2.
num_vsnodes_deaths: 0.
num_space_committed: 488.
num_space_uncommitted: 0.
num_chunks_returned_to_freelist: 3.
num_chunks_taken_from_freelist: 1575.
num_chunk_merges: 0.
num_chunk_splits: 1097.
num_chunks_enlarged: 829.
num_inconsistent_stats: 0.

CodeHeap 'non-profiled nmethods': size=120000Kb used=3875Kb max_used=3875Kb free=116124Kb
 bounds [0x000001c627260000, 0x000001c627630000, 0x000001c62e790000]
CodeHeap 'profiled nmethods': size=120000Kb used=15681Kb max_used=15681Kb free=104319Kb
 bounds [0x000001c61f790000, 0x000001c6206f0000, 0x000001c626cc0000]
CodeHeap 'non-nmethods': size=5760Kb used=1480Kb max_used=1513Kb free=4279Kb
 bounds [0x000001c626cc0000, 0x000001c626f30000, 0x000001c627260000]
 total_blobs=7593 nmethods=7039 adapters=455
 compilation: enabled
              stopped_count=0, restarted_count=0
 full_count=0

Compilation events (20 events):
Event: 10.857 Thread 0x000001c6339be240 7034       2       java.lang.Class::searchMethods (104 bytes)
Event: 10.858 Thread 0x000001c6339be240 nmethod 7034 0x000001c6206c8790 code [0x000001c6206c89a0, 0x000001c6206c8e18]
Event: 10.858 Thread 0x000001c6339be240 7036       2       com.sun.tools.javac.tree.TreeMaker::instance (26 bytes)
Event: 10.859 Thread 0x000001c6339be240 nmethod 7036 0x000001c6206c9190 code [0x000001c6206c9340, 0x000001c6206c9540]
Event: 10.861 Thread 0x000001c6339be240 7037       2       com.sun.tools.javac.model.JavacElements::instance (25 bytes)
Event: 10.862 Thread 0x000001c6339be240 nmethod 7037 0x000001c6206c9690 code [0x000001c6206c9860, 0x000001c6206c9a90]
Event: 10.862 Thread 0x000001c6339be240 7038       2       lombok.javac.JavacASTAdapter::<init> (5 bytes)
Event: 10.862 Thread 0x000001c6339be240 nmethod 7038 0x000001c6206c9c10 code [0x000001c6206c9da0, 0x000001c6206c9ea8]
Event: 10.862 Thread 0x000001c6339be240 7039       2       com.sun.tools.javac.model.JavacTypes::instance (25 bytes)
Event: 10.863 Thread 0x000001c6339be240 nmethod 7039 0x000001c6206c9f90 code [0x000001c6206ca1c0, 0x000001c6206ca720]
Event: 10.863 Thread 0x000001c6339be240 7040       2       lombok.javac.JavacAST::<init> (99 bytes)
Event: 10.865 Thread 0x000001c6339be240 nmethod 7040 0x000001c6206ca990 code [0x000001c6206cad00, 0x000001c6206cbd78]
Event: 10.865 Thread 0x000001c6339be240 7041       2       lombok.javac.JavacAST::sourceName (19 bytes)
Event: 10.865 Thread 0x000001c6339be240 nmethod 7041 0x000001c6206cc390 code [0x000001c6206cc540, 0x000001c6206cc678]
Event: 10.865 Thread 0x000001c6339be240 7042       2       com.sun.tools.javac.file.PathFileObject::toString (40 bytes)
Event: 10.866 Thread 0x000001c6339be240 nmethod 7042 0x000001c6206cc790 code [0x000001c6206cc9a0, 0x000001c6206ccd20]
Event: 10.866 Thread 0x000001c6339be240 7043       2       lombok.javac.JavacImportList::<init> (21 bytes)
Event: 10.866 Thread 0x000001c6339be240 nmethod 7043 0x000001c6206ccf10 code [0x000001c6206cd0e0, 0x000001c6206cd328]
Event: 10.866 Thread 0x000001c6339be240 7044       2       lombok.javac.JavacAST::statementTypes (41 bytes)
Event: 10.867 Thread 0x000001c6339be240 nmethod 7044 0x000001c6206cd410 code [0x000001c6206cd620, 0x000001c6206cdbb8]

GC Heap History (16 events):
Event: 1.413 GC heap before
{Heap before GC invocations=0 (full 0):
 garbage-first heap   total 120832K, used 22528K [0x000000008ac00000, 0x0000000100000000)
  region size 1024K, 23 young (23552K), 0 survivors (0K)
 Metaspace       used 6408K, committed 6592K, reserved 1114112K
  class space    used 716K, committed 832K, reserved 1048576K
}
Event: 1.426 GC heap after
{Heap after GC invocations=1 (full 0):
 garbage-first heap   total 120832K, used 4416K [0x000000008ac00000, 0x0000000100000000)
  region size 1024K, 3 young (3072K), 3 survivors (3072K)
 Metaspace       used 6408K, committed 6592K, reserved 1114112K
  class space    used 716K, committed 832K, reserved 1048576K
}
Event: 2.481 GC heap before
{Heap before GC invocations=1 (full 0):
 garbage-first heap   total 120832K, used 33088K [0x000000008ac00000, 0x0000000100000000)
  region size 1024K, 31 young (31744K), 3 survivors (3072K)
 Metaspace       used 10119K, committed 10304K, reserved 1114112K
  class space    used 1174K, committed 1280K, reserved 1048576K
}
Event: 2.491 GC heap after
{Heap after GC invocations=2 (full 0):
 garbage-first heap   total 120832K, used 6226K [0x000000008ac00000, 0x0000000100000000)
  region size 1024K, 2 young (2048K), 2 survivors (2048K)
 Metaspace       used 10119K, committed 10304K, reserved 1114112K
  class space    used 1174K, committed 1280K, reserved 1048576K
}
Event: 4.917 GC heap before
{Heap before GC invocations=2 (full 0):
 garbage-first heap   total 120832K, used 75858K [0x000000008ac00000, 0x0000000100000000)
  region size 1024K, 70 young (71680K), 2 survivors (2048K)
 Metaspace       used 16663K, committed 16960K, reserved 1114112K
  class space    used 1910K, committed 2048K, reserved 1048576K
}
Event: 4.941 GC heap after
{Heap after GC invocations=3 (full 0):
 garbage-first heap   total 120832K, used 14561K [0x000000008ac00000, 0x0000000100000000)
  region size 1024K, 9 young (9216K), 9 survivors (9216K)
 Metaspace       used 16663K, committed 16960K, reserved 1114112K
  class space    used 1910K, committed 2048K, reserved 1048576K
}
Event: 6.884 GC heap before
{Heap before GC invocations=3 (full 0):
 garbage-first heap   total 120832K, used 77025K [0x000000008ac00000, 0x0000000100000000)
  region size 1024K, 70 young (71680K), 9 survivors (9216K)
 Metaspace       used 20198K, committed 20480K, reserved 1114112K
  class space    used 2243K, committed 2368K, reserved 1048576K
}
Event: 6.909 GC heap after
{Heap after GC invocations=4 (full 0):
 garbage-first heap   total 120832K, used 18432K [0x000000008ac00000, 0x0000000100000000)
  region size 1024K, 4 young (4096K), 4 survivors (4096K)
 Metaspace       used 20198K, committed 20480K, reserved 1114112K
  class space    used 2243K, committed 2368K, reserved 1048576K
}
Event: 7.336 GC heap before
{Heap before GC invocations=4 (full 0):
 garbage-first heap   total 120832K, used 38912K [0x000000008ac00000, 0x0000000100000000)
  region size 1024K, 20 young (20480K), 4 survivors (4096K)
 Metaspace       used 21218K, committed 21504K, reserved 1114112K
  class space    used 2364K, committed 2496K, reserved 1048576K
}
Event: 7.350 GC heap after
{Heap after GC invocations=5 (full 0):
 garbage-first heap   total 120832K, used 26112K [0x000000008ac00000, 0x0000000100000000)
  region size 1024K, 8 young (8192K), 8 survivors (8192K)
 Metaspace       used 21218K, committed 21504K, reserved 1114112K
  class space    used 2364K, committed 2496K, reserved 1048576K
}
Event: 8.703 GC heap before
{Heap before GC invocations=6 (full 0):
 garbage-first heap   total 92160K, used 75264K [0x000000008ac00000, 0x0000000100000000)
  region size 1024K, 54 young (55296K), 8 survivors (8192K)
 Metaspace       used 27468K, committed 27840K, reserved 1114112K
  class space    used 3083K, committed 3264K, reserved 1048576K
}
Event: 8.738 GC heap after
{Heap after GC invocations=7 (full 0):
 garbage-first heap   total 97280K, used 39936K [0x000000008ac00000, 0x0000000100000000)
  region size 1024K, 7 young (7168K), 7 survivors (7168K)
 Metaspace       used 27468K, committed 27840K, reserved 1114112K
  class space    used 3083K, committed 3264K, reserved 1048576K
}
Event: 9.882 GC heap before
{Heap before GC invocations=7 (full 0):
 garbage-first heap   total 97280K, used 76800K [0x000000008ac00000, 0x0000000100000000)
  region size 1024K, 44 young (45056K), 7 survivors (7168K)
 Metaspace       used 29074K, committed 29440K, reserved 1114112K
  class space    used 3235K, committed 3392K, reserved 1048576K
}
Event: 9.902 GC heap after
{Heap after GC invocations=8 (full 0):
 garbage-first heap   total 97280K, used 43520K [0x000000008ac00000, 0x0000000100000000)
  region size 1024K, 4 young (4096K), 4 survivors (4096K)
 Metaspace       used 29074K, committed 29440K, reserved 1114112K
  class space    used 3235K, committed 3392K, reserved 1048576K
}
Event: 10.805 GC heap before
{Heap before GC invocations=8 (full 0):
 garbage-first heap   total 97280K, used 79360K [0x000000008ac00000, 0x0000000100000000)
  region size 1024K, 39 young (39936K), 4 survivors (4096K)
 Metaspace       used 30491K, committed 30976K, reserved 1114112K
  class space    used 3398K, committed 3648K, reserved 1048576K
}
Event: 10.817 GC heap after
{Heap after GC invocations=9 (full 0):
 garbage-first heap   total 97280K, used 45471K [0x000000008ac00000, 0x0000000100000000)
  region size 1024K, 2 young (2048K), 2 survivors (2048K)
 Metaspace       used 30491K, committed 30976K, reserved 1114112K
  class space    used 3398K, committed 3648K, reserved 1048576K
}

Dll operation events (12 events):
Event: 0.023 Loaded shared library C:\Users\HP 14S-FQ1001NU\.jdks\openjdk-21.0.2\bin\java.dll
Event: 0.078 Loaded shared library C:\Users\HP 14S-FQ1001NU\.jdks\openjdk-21.0.2\bin\jsvml.dll
Event: 0.150 Loaded shared library C:\Users\HP 14S-FQ1001NU\.jdks\openjdk-21.0.2\bin\zip.dll
Event: 0.156 Loaded shared library C:\Users\HP 14S-FQ1001NU\.jdks\openjdk-21.0.2\bin\instrument.dll
Event: 0.166 Loaded shared library C:\Users\HP 14S-FQ1001NU\.jdks\openjdk-21.0.2\bin\net.dll
Event: 0.170 Loaded shared library C:\Users\HP 14S-FQ1001NU\.jdks\openjdk-21.0.2\bin\nio.dll
Event: 0.177 Loaded shared library C:\Users\HP 14S-FQ1001NU\.jdks\openjdk-21.0.2\bin\zip.dll
Event: 0.210 Loaded shared library C:\Program Files\JetBrains\IntelliJ IDEA Community Edition 2023.3.4\bin\breakgen64.dll
Event: 0.229 Loaded shared library C:\Users\HP 14S-FQ1001NU\.jdks\openjdk-21.0.2\bin\extnet.dll
Event: 0.420 Loaded shared library C:\Users\HP 14S-FQ1001NU\.jdks\openjdk-21.0.2\bin\jimage.dll
Event: 0.530 Loaded shared library C:\Users\HP 14S-FQ1001NU\AppData\Local\Temp\jansi-2.4.0-27febb508d6f36d7-jansi.dll
Event: 0.550 Loaded shared library C:\Users\HP 14S-FQ1001NU\.jdks\openjdk-21.0.2\bin\verify.dll

Deoptimization events (20 events):
Event: 10.415 Thread 0x000001c6150f1ff0 DEOPT PACKING pc=0x000001c6275b3874 sp=0x000000a07edfbbf0
Event: 10.415 Thread 0x000001c6150f1ff0 DEOPT UNPACKING pc=0x000001c626d146a2 sp=0x000000a07edfbb68 mode 2
Event: 10.420 Thread 0x000001c6150f1ff0 DEOPT PACKING pc=0x000001c620544b0e sp=0x000000a07edf8030
Event: 10.420 Thread 0x000001c6150f1ff0 DEOPT UNPACKING pc=0x000001c626d14e42 sp=0x000000a07edf7518 mode 0
Event: 10.448 Thread 0x000001c6150f1ff0 Uncommon trap: trap_request=0xffffffde fr.pc=0x000001c6275b3874 relative=0x0000000000001034
Event: 10.448 Thread 0x000001c6150f1ff0 Uncommon trap: reason=class_check action=maybe_recompile pc=0x000001c6275b3874 method=com.sun.tools.javac.code.DeferredCompletionFailureHandler.classSymbolCompleteFailed(Lcom/sun/tools/javac/code/Symbol$ClassSymbol;Lcom/sun/tools/javac/code/Symbol$Complet
Event: 10.448 Thread 0x000001c6150f1ff0 DEOPT PACKING pc=0x000001c6275b3874 sp=0x000000a07edfbc00
Event: 10.448 Thread 0x000001c6150f1ff0 DEOPT UNPACKING pc=0x000001c626d146a2 sp=0x000000a07edfbb78 mode 2
Event: 10.448 Thread 0x000001c6150f1ff0 Uncommon trap: trap_request=0xffffffde fr.pc=0x000001c6275b3874 relative=0x0000000000001034
Event: 10.448 Thread 0x000001c6150f1ff0 Uncommon trap: reason=class_check action=maybe_recompile pc=0x000001c6275b3874 method=com.sun.tools.javac.code.DeferredCompletionFailureHandler.classSymbolCompleteFailed(Lcom/sun/tools/javac/code/Symbol$ClassSymbol;Lcom/sun/tools/javac/code/Symbol$Complet
Event: 10.448 Thread 0x000001c6150f1ff0 DEOPT PACKING pc=0x000001c6275b3874 sp=0x000000a07edfbc00
Event: 10.448 Thread 0x000001c6150f1ff0 DEOPT UNPACKING pc=0x000001c626d146a2 sp=0x000000a07edfbb78 mode 2
Event: 10.529 Thread 0x000001c6150f1ff0 DEOPT PACKING pc=0x000001c620544b0e sp=0x000000a07edfce70
Event: 10.529 Thread 0x000001c6150f1ff0 DEOPT UNPACKING pc=0x000001c626d14e42 sp=0x000000a07edfc358 mode 0
Event: 10.826 Thread 0x000001c6150f1ff0 DEOPT PACKING pc=0x000001c620544b0e sp=0x000000a07edfce70
Event: 10.826 Thread 0x000001c6150f1ff0 DEOPT UNPACKING pc=0x000001c626d14e42 sp=0x000000a07edfc358 mode 0
Event: 10.846 Thread 0x000001c6150f1ff0 DEOPT PACKING pc=0x000001c620544b0e sp=0x000000a07edfce00
Event: 10.846 Thread 0x000001c6150f1ff0 DEOPT UNPACKING pc=0x000001c626d14e42 sp=0x000000a07edfc2e8 mode 0
Event: 10.870 Thread 0x000001c6150f1ff0 DEOPT PACKING pc=0x000001c620544b0e sp=0x000000a07edfce00
Event: 10.870 Thread 0x000001c6150f1ff0 DEOPT UNPACKING pc=0x000001c626d14e42 sp=0x000000a07edfc2e8 mode 0

Classes loaded (20 events):
Event: 10.006 Loading class java/util/Collections$UnmodifiableSortedSet
Event: 10.006 Loading class java/util/Collections$UnmodifiableSortedSet done
Event: 10.023 Loading class java/util/IdentityHashMap$EntrySet
Event: 10.023 Loading class java/util/IdentityHashMap$EntrySet done
Event: 10.023 Loading class java/util/IdentityHashMap$EntryIterator
Event: 10.023 Loading class java/util/IdentityHashMap$EntryIterator done
Event: 10.023 Loading class java/util/IdentityHashMap$EntryIterator$Entry
Event: 10.023 Loading class java/util/IdentityHashMap$EntryIterator$Entry done
Event: 10.044 Loading class java/util/function/UnaryOperator
Event: 10.044 Loading class java/util/function/UnaryOperator done
Event: 10.066 Loading class java/util/regex/Pattern$Caret
Event: 10.066 Loading class java/util/regex/Pattern$Caret done
Event: 10.332 Loading class java/util/regex/Pattern$SliceI
Event: 10.332 Loading class java/util/regex/Pattern$SliceI done
Event: 10.424 Loading class java/util/regex/Pattern$Loop
Event: 10.425 Loading class java/util/regex/Pattern$Loop done
Event: 10.425 Loading class java/util/regex/Pattern$Prolog
Event: 10.425 Loading class java/util/regex/Pattern$Prolog done
Event: 10.444 Loading class java/util/regex/Pattern$LazyLoop
Event: 10.444 Loading class java/util/regex/Pattern$LazyLoop done

Classes unloaded (0 events):
No events

Classes redefined (0 events):
No events

Internal exceptions (20 events):
Event: 8.951 Thread 0x000001c6150f1ff0 Exception <a 'sun/nio/fs/WindowsException'{0x000000008f7f0438}> (0x000000008f7f0438) 
thrown [s\open\src\hotspot\share\prims\jni.cpp, line 520]
Event: 8.951 Thread 0x000001c6150f1ff0 Exception <a 'sun/nio/fs/WindowsException'{0x000000008f7f0ea8}> (0x000000008f7f0ea8) 
thrown [s\open\src\hotspot\share\prims\jni.cpp, line 520]
Event: 8.955 Thread 0x000001c6150f1ff0 Exception <a 'sun/nio/fs/WindowsException'{0x000000008f601130}> (0x000000008f601130) 
thrown [s\open\src\hotspot\share\prims\jni.cpp, line 520]
Event: 8.955 Thread 0x000001c6150f1ff0 Exception <a 'sun/nio/fs/WindowsException'{0x000000008f604410}> (0x000000008f604410) 
thrown [s\open\src\hotspot\share\prims\jni.cpp, line 520]
Event: 8.956 Thread 0x000001c6150f1ff0 Exception <a 'sun/nio/fs/WindowsException'{0x000000008f60b5e8}> (0x000000008f60b5e8) 
thrown [s\open\src\hotspot\share\prims\jni.cpp, line 520]
Event: 8.956 Thread 0x000001c6150f1ff0 Exception <a 'sun/nio/fs/WindowsException'{0x000000008f60c068}> (0x000000008f60c068) 
thrown [s\open\src\hotspot\share\prims\jni.cpp, line 520]
Event: 9.164 Thread 0x000001c6150f1ff0 Implicit null exception at 0x000001c6273ce078 to 0x000001c6273ce50c
Event: 10.370 Thread 0x000001c6150f1ff0 Exception <a 'java/lang/NoSuchMethodError'{0x000000008f4dbf60}: 'java.lang.Object java.lang.invoke.DirectMethodHandle$Holder.invokeSpecial(java.lang.Object, java.lang.Object, java.lang.Object, long, java.lang.Object)'> (0x000000008f4dbf60) 
thrown [s\open\src\hotspot\share\interpreter\linkResolver.cpp, line 773]
Event: 10.370 Thread 0x000001c6150f1ff0 Exception <a 'java/lang/NoSuchMethodError'{0x000000008f4dfc20}: 'java.lang.Object java.lang.invoke.DelegatingMethodHandle$Holder.reinvoke_L(java.lang.Object, java.lang.Object, long, java.lang.Object)'> (0x000000008f4dfc20) 
thrown [s\open\src\hotspot\share\interpreter\linkResolver.cpp, line 773]
Event: 10.372 Thread 0x000001c6150f1ff0 Exception <a 'java/lang/NoSuchMethodError'{0x000000008f4f4628}: 'java.lang.Object java.lang.invoke.DirectMethodHandle$Holder.invokeVirtual(java.lang.Object, java.lang.Object, java.lang.Object, java.lang.Object, java.lang.Object, java.lang.Object, java.lang.Object, java.lang.Object, java.lang.Object, java.lang.Object)'> (0x000000008f4f4628) 
thrown [s\open\src\hotspot\share\interpreter\linkResolver.cpp, line 773]
Event: 10.377 Thread 0x000001c6150f1ff0 Exception <a 'java/lang/NoSuchMethodError'{0x000000008f316278}: 'java.lang.Object java.lang.invoke.DirectMethodHandle$Holder.invokeStatic(java.lang.Object, java.lang.Object, int)'> (0x000000008f316278) 
thrown [s\open\src\hotspot\share\interpreter\linkResolver.cpp, line 773]
Event: 10.378 Thread 0x000001c6150f1ff0 Exception <a 'java/lang/NoSuchMethodError'{0x000000008f31a6e8}: 'void java.lang.invoke.DirectMethodHandle$Holder.invokeStatic(java.lang.Object, java.lang.Object, int, java.lang.Object)'> (0x000000008f31a6e8) 
thrown [s\open\src\hotspot\share\interpreter\linkResolver.cpp, line 773]
Event: 10.379 Thread 0x000001c6150f1ff0 Exception <a 'java/lang/NoSuchMethodError'{0x000000008f321a78}: 'void java.lang.invoke.DelegatingMethodHandle$Holder.delegate(java.lang.Object, java.lang.Object, int, java.lang.Object)'> (0x000000008f321a78) 
thrown [s\open\src\hotspot\share\interpreter\linkResolver.cpp, line 773]
Event: 10.386 Thread 0x000001c6150f1ff0 Exception <a 'java/lang/NoSuchMethodError'{0x000000008f340470}: 'void java.lang.invoke.DirectMethodHandle$Holder.invokeInterface(java.lang.Object, java.lang.Object, java.lang.Object, int)'> (0x000000008f340470) 
thrown [s\open\src\hotspot\share\interpreter\linkResolver.cpp, line 773]
Event: 10.387 Thread 0x000001c6150f1ff0 Exception <a 'java/lang/NoSuchMethodError'{0x000000008f3479f0}: 'void java.lang.invoke.DelegatingMethodHandle$Holder.reinvoke_L(java.lang.Object, java.lang.Object, java.lang.Object, int)'> (0x000000008f3479f0) 
thrown [s\open\src\hotspot\share\interpreter\linkResolver.cpp, line 773]
Event: 10.396 Thread 0x000001c6150f1ff0 Exception <a 'java/lang/NoSuchMethodError'{0x000000008f37f140}: 'java.lang.Object java.lang.invoke.DirectMethodHandle$Holder.invokeVirtual(java.lang.Object, java.lang.Object, java.lang.Object, java.lang.Object)'> (0x000000008f37f140) 
thrown [s\open\src\hotspot\share\interpreter\linkResolver.cpp, line 773]
Event: 10.411 Thread 0x000001c6150f1ff0 Exception <a 'java/lang/NoSuchMethodError'{0x000000008f3cf5c8}: 'void java.lang.invoke.DirectMethodHandle$Holder.invokeVirtual(java.lang.Object, java.lang.Object, java.lang.Object, java.lang.Object)'> (0x000000008f3cf5c8) 
thrown [s\open\src\hotspot\share\interpreter\linkResolver.cpp, line 773]
Event: 10.454 Thread 0x000001c6150f1ff0 Exception <a 'java/lang/NoSuchMethodError'{0x000000008f16adf0}: 'java.lang.Object java.lang.invoke.DirectMethodHandle$Holder.invokeVirtual(java.lang.Object, java.lang.Object, java.lang.Object, java.lang.Object, java.lang.Object, java.lang.Object)'> (0x000000008f16adf0) 
thrown [s\open\src\hotspot\share\interpreter\linkResolver.cpp, line 773]
Event: 10.479 Thread 0x000001c6150f1ff0 Exception <a 'java/lang/NoSuchMethodError'{0x000000008f062940}: 'java.lang.Object java.lang.invoke.DirectMethodHandle$Holder.invokeVirtual(java.lang.Object, java.lang.Object, java.lang.Object, java.lang.Object, java.lang.Object)'> (0x000000008f062940) 
thrown [s\open\src\hotspot\share\interpreter\linkResolver.cpp, line 773]
Event: 10.485 Thread 0x000001c6150f1ff0 Exception <a 'java/lang/NoSuchMethodError'{0x000000008f096910}: 'java.lang.Object java.lang.invoke.DirectMethodHandle$Holder.invokeVirtual(java.lang.Object, java.lang.Object, long)'> (0x000000008f096910) 
thrown [s\open\src\hotspot\share\interpreter\linkResolver.cpp, line 773]

ZGC Phase Switch (0 events):
No events

VM Operations (20 events):
Event: 7.379 Executing VM operation: G1PauseRemark
Event: 7.387 Executing VM operation: G1PauseRemark done
Event: 7.396 Executing VM operation: G1PauseCleanup
Event: 7.396 Executing VM operation: G1PauseCleanup done
Event: 8.409 Executing VM operation: Cleanup
Event: 8.409 Executing VM operation: Cleanup done
Event: 8.441 Executing VM operation: HandshakeAllThreads (Deoptimize)
Event: 8.441 Executing VM operation: HandshakeAllThreads (Deoptimize) done
Event: 8.442 Executing VM operation: HandshakeAllThreads (Deoptimize)
Event: 8.442 Executing VM operation: HandshakeAllThreads (Deoptimize) done
Event: 8.703 Executing VM operation: G1CollectForAllocation (G1 Evacuation Pause)
Event: 8.739 Executing VM operation: G1CollectForAllocation (G1 Evacuation Pause) done
Event: 8.984 Executing VM operation: ICBufferFull
Event: 8.984 Executing VM operation: ICBufferFull done
Event: 9.027 Executing VM operation: HandshakeAllThreads (Deoptimize)
Event: 9.027 Executing VM operation: HandshakeAllThreads (Deoptimize) done
Event: 9.882 Executing VM operation: G1CollectForAllocation (G1 Evacuation Pause)
Event: 9.902 Executing VM operation: G1CollectForAllocation (G1 Evacuation Pause) done
Event: 10.804 Executing VM operation: G1CollectForAllocation (G1 Evacuation Pause)
Event: 10.817 Executing VM operation: G1CollectForAllocation (G1 Evacuation Pause) done

Events (20 events):
Event: 0.212 Thread 0x000001c633c7ba00 Thread added: 0x000001c633c7ba00
Event: 0.212 Thread 0x000001c633c7d9f0 Thread added: 0x000001c633c7d9f0
Event: 1.211 Thread 0x000001c67971ee40 Thread added: 0x000001c67971ee40
Event: 1.370 Thread 0x000001c6798d5700 Thread added: 0x000001c6798d5700
Event: 2.502 Thread 0x000001c6798d5700 Thread exited: 0x000001c6798d5700
Event: 2.806 Thread 0x000001c67971ee40 Thread exited: 0x000001c67971ee40
Event: 3.059 Thread 0x000001c679e32010 Thread added: 0x000001c679e32010
Event: 3.736 Thread 0x000001c67a14bb90 Thread added: 0x000001c67a14bb90
Event: 5.863 Thread 0x000001c67a14bb90 Thread exited: 0x000001c67a14bb90
Event: 6.258 Thread 0x000001c67a8ed780 Thread added: 0x000001c67a8ed780
Event: 7.018 Thread 0x000001c67a8ed780 Thread exited: 0x000001c67a8ed780
Event: 7.024 Thread 0x000001c679e32010 Thread exited: 0x000001c679e32010
Event: 7.223 Thread 0x000001c67a2217a0 Thread added: 0x000001c67a2217a0
Event: 7.223 Thread 0x000001c67ba41ff0 Thread added: 0x000001c67ba41ff0
Event: 7.558 Thread 0x000001c67ba41ff0 Thread exited: 0x000001c67ba41ff0
Event: 7.932 Thread 0x000001c67b9deab0 Thread added: 0x000001c67b9deab0
Event: 9.941 Thread 0x000001c67b9deab0 Thread exited: 0x000001c67b9deab0
Event: 9.997 Thread 0x000001c67a2217a0 Thread exited: 0x000001c67a2217a0
Event: 10.022 Thread 0x000001c67a2217a0 Thread added: 0x000001c67a2217a0
Event: 10.460 Thread 0x000001c67bcf2020 Thread added: 0x000001c67bcf2020


Dynamic libraries:
0x00007ff6ff1a0000 - 0x00007ff6ff1ae000 	C:\Users\HP 14S-FQ1001NU\.jdks\openjdk-21.0.2\bin\java.exe
0x00007ffd3d0f0000 - 0x00007ffd3d307000 	C:\WINDOWS\SYSTEM32\ntdll.dll
0x00007ffd3b7a0000 - 0x00007ffd3b864000 	C:\WINDOWS\System32\KERNEL32.DLL
0x00007ffd3aa80000 - 0x00007ffd3ae2c000 	C:\WINDOWS\System32\KERNELBASE.dll
0x00007ffd3a960000 - 0x00007ffd3aa71000 	C:\WINDOWS\System32\ucrtbase.dll
0x00007ffd1d8a0000 - 0x00007ffd1d8b8000 	C:\Users\HP 14S-FQ1001NU\.jdks\openjdk-21.0.2\bin\jli.dll
0x00007ffd3ccd0000 - 0x00007ffd3ce7e000 	C:\WINDOWS\System32\USER32.dll
0x00007ffd10620000 - 0x00007ffd1063b000 	C:\Users\HP 14S-FQ1001NU\.jdks\openjdk-21.0.2\bin\VCRUNTIME140.dll
0x00007ffd3a530000 - 0x00007ffd3a556000 	C:\WINDOWS\System32\win32u.dll
0x00007ffd1fce0000 - 0x00007ffd1ff73000 	C:\WINDOWS\WinSxS\amd64_microsoft.windows.common-controls_6595b64144ccf1df_6.0.22621.3672_none_2713b9d173822955\COMCTL32.dll
0x00007ffd3d080000 - 0x00007ffd3d0a9000 	C:\WINDOWS\System32\GDI32.dll
0x00007ffd3a790000 - 0x00007ffd3a8a9000 	C:\WINDOWS\System32\gdi32full.dll
0x00007ffd3a490000 - 0x00007ffd3a52a000 	C:\WINDOWS\System32\msvcp_win.dll
0x00007ffd3bab0000 - 0x00007ffd3bb57000 	C:\WINDOWS\System32\msvcrt.dll
0x00007ffd3c5f0000 - 0x00007ffd3c621000 	C:\WINDOWS\System32\IMM32.DLL
0x00007ffd36890000 - 0x00007ffd3689c000 	C:\Users\HP 14S-FQ1001NU\.jdks\openjdk-21.0.2\bin\vcruntime140_1.dll
0x00007ffd032f0000 - 0x00007ffd0337e000 	C:\Users\HP 14S-FQ1001NU\.jdks\openjdk-21.0.2\bin\msvcp140.dll
0x00007ffcfefa0000 - 0x00007ffcffcb7000 	C:\Users\HP 14S-FQ1001NU\.jdks\openjdk-21.0.2\bin\server\jvm.dll
0x00007ffd3c940000 - 0x00007ffd3c9f2000 	C:\WINDOWS\System32\ADVAPI32.dll
0x00007ffd3bbe0000 - 0x00007ffd3bc8a000 	C:\WINDOWS\System32\sechost.dll
0x00007ffd3a8b0000 - 0x00007ffd3a8d8000 	C:\WINDOWS\System32\bcrypt.dll
0x00007ffd3ce80000 - 0x00007ffd3cf95000 	C:\WINDOWS\System32\RPCRT4.dll
0x00007ffd3bb60000 - 0x00007ffd3bbd1000 	C:\WINDOWS\System32\WS2_32.dll
0x00007ffd39ce0000 - 0x00007ffd39d2d000 	C:\WINDOWS\SYSTEM32\POWRPROF.dll
0x00007ffd31d50000 - 0x00007ffd31d5a000 	C:\WINDOWS\SYSTEM32\VERSION.dll
0x00007ffd31b80000 - 0x00007ffd31bb4000 	C:\WINDOWS\SYSTEM32\WINMM.dll
0x00007ffd39cc0000 - 0x00007ffd39cd3000 	C:\WINDOWS\SYSTEM32\UMPDC.dll
0x00007ffd39430000 - 0x00007ffd39448000 	C:\WINDOWS\SYSTEM32\kernel.appcore.dll
0x00007ffd33b10000 - 0x00007ffd33b1a000 	C:\Users\HP 14S-FQ1001NU\.jdks\openjdk-21.0.2\bin\jimage.dll
0x00007ffd37d80000 - 0x00007ffd37fb2000 	C:\WINDOWS\SYSTEM32\DBGHELP.DLL
0x00007ffd3b410000 - 0x00007ffd3b798000 	C:\WINDOWS\System32\combase.dll
0x00007ffd3cbf0000 - 0x00007ffd3ccc7000 	C:\WINDOWS\System32\OLEAUT32.dll
0x00007ffd1f100000 - 0x00007ffd1f132000 	C:\WINDOWS\SYSTEM32\dbgcore.DLL
0x00007ffd3a8e0000 - 0x00007ffd3a95b000 	C:\WINDOWS\System32\bcryptPrimitives.dll
0x00007ffd33af0000 - 0x00007ffd33aff000 	C:\Users\HP 14S-FQ1001NU\.jdks\openjdk-21.0.2\bin\instrument.dll
0x00007ffd21690000 - 0x00007ffd216af000 	C:\Users\HP 14S-FQ1001NU\.jdks\openjdk-21.0.2\bin\java.dll
0x00007ffd3bc90000 - 0x00007ffd3c4ec000 	C:\WINDOWS\System32\SHELL32.dll
0x00007ffd38320000 - 0x00007ffd38c17000 	C:\WINDOWS\SYSTEM32\windows.storage.dll
0x00007ffd381e0000 - 0x00007ffd3831f000 	C:\WINDOWS\SYSTEM32\wintypes.dll
0x00007ffd3c4f0000 - 0x00007ffd3c5e4000 	C:\WINDOWS\System32\SHCORE.dll
0x00007ffd3b880000 - 0x00007ffd3b8de000 	C:\WINDOWS\System32\shlwapi.dll
0x00007ffd3a350000 - 0x00007ffd3a371000 	C:\WINDOWS\SYSTEM32\profapi.dll
0x00007ffcfff10000 - 0x00007ffcfffe7000 	C:\Users\HP 14S-FQ1001NU\.jdks\openjdk-21.0.2\bin\jsvml.dll
0x00007ffd1e290000 - 0x00007ffd1e2a8000 	C:\Users\HP 14S-FQ1001NU\.jdks\openjdk-21.0.2\bin\zip.dll
0x00007ffd23840000 - 0x00007ffd23850000 	C:\Users\HP 14S-FQ1001NU\.jdks\openjdk-21.0.2\bin\net.dll
0x00007ffd33800000 - 0x00007ffd33936000 	C:\WINDOWS\SYSTEM32\WINHTTP.dll
0x00007ffd398c0000 - 0x00007ffd39929000 	C:\WINDOWS\system32\mswsock.dll
0x00007ffd0fde0000 - 0x00007ffd0fdf6000 	C:\Users\HP 14S-FQ1001NU\.jdks\openjdk-21.0.2\bin\nio.dll
0x00007ffd0ff60000 - 0x00007ffd0ff7a000 	C:\Program Files\JetBrains\IntelliJ IDEA Community Edition 2023.3.4\bin\breakgen64.dll
0x00007ffd1e280000 - 0x00007ffd1e289000 	C:\Users\HP 14S-FQ1001NU\.jdks\openjdk-21.0.2\bin\extnet.dll
0x0000000069ac0000 - 0x0000000069ae4000 	C:\Users\HP 14S-FQ1001NU\AppData\Local\Temp\jansi-2.4.0-27febb508d6f36d7-jansi.dll
0x00007ffd1d9d0000 - 0x00007ffd1d9e0000 	C:\Users\HP 14S-FQ1001NU\.jdks\openjdk-21.0.2\bin\verify.dll

dbghelp: loaded successfully - version: 4.0.5 - missing functions: none
symbol engine: initialized successfully - sym options: 0x614 - pdb path: .;C:\Users\HP 14S-FQ1001NU\.jdks\openjdk-21.0.2\bin;C:\WINDOWS\SYSTEM32;C:\WINDOWS\WinSxS\amd64_microsoft.windows.common-controls_6595b64144ccf1df_6.0.22621.3672_none_2713b9d173822955;C:\Users\HP 14S-FQ1001NU\.jdks\openjdk-21.0.2\bin\server;C:\Program Files\JetBrains\IntelliJ IDEA Community Edition 2023.3.4\bin;C:\Users\HP 14S-FQ1001NU\AppData\Local\Temp

VM Arguments:
jvm_args: -Dmaven.multiModuleProjectDirectory=C:\Users\HP 14S-FQ1001NU\IdeaProjects\local_java_repo -Djansi.passthrough=true -Dmaven.home=C:\Program Files\JetBrains\IntelliJ IDEA Community Edition 2023.3.4\plugins\maven\lib\maven3 -Dclassworlds.conf=C:\Program Files\JetBrains\IntelliJ IDEA Community Edition 2023.3.4\plugins\maven\lib\maven3\bin\m2.conf -Dmaven.ext.class.path=C:\Program Files\JetBrains\IntelliJ IDEA Community Edition 2023.3.4\plugins\maven\lib\maven-event-listener.jar -javaagent:C:\Program Files\JetBrains\IntelliJ IDEA Community Edition 2023.3.4\lib\idea_rt.jar=52195:C:\Program Files\JetBrains\IntelliJ IDEA Community Edition 2023.3.4\bin -Dfile.encoding=UTF-8 -Dsun.stdout.encoding=UTF-8 -Dsun.stderr.encoding=UTF-8 
java_command: org.codehaus.classworlds.Launcher -Didea.version=2023.3.4 clean install
java_class_path (initial): C:\Program Files\JetBrains\IntelliJ IDEA Community Edition 2023.3.4\plugins\maven\lib\maven3\boot\plexus-classworlds-2.7.0.jar;C:\Program Files\JetBrains\IntelliJ IDEA Community Edition 2023.3.4\plugins\maven\lib\maven3\boot\plexus-classworlds.license
Launcher Type: SUN_STANDARD

[Global flags]
     intx CICompilerCount                          = 4                                         {product} {ergonomic}
     uint ConcGCThreads                            = 2                                         {product} {ergonomic}
     uint G1ConcRefinementThreads                  = 8                                         {product} {ergonomic}
   size_t G1HeapRegionSize                         = 1048576                                   {product} {ergonomic}
    uintx GCDrainStackTargetSize                   = 64                                        {product} {ergonomic}
   size_t InitialHeapSize                          = 123731968                                 {product} {ergonomic}
   size_t MarkStackSize                            = 4194304                                   {product} {ergonomic}
   size_t MaxHeapSize                              = 1967128576                                {product} {ergonomic}
   size_t MaxNewSize                               = 1179648000                                {product} {ergonomic}
   size_t MinHeapDeltaBytes                        = 1048576                                   {product} {ergonomic}
   size_t MinHeapSize                              = 8388608                                   {product} {ergonomic}
    uintx NonNMethodCodeHeapSize                   = 5839372                                {pd product} {ergonomic}
    uintx NonProfiledCodeHeapSize                  = 122909434                              {pd product} {ergonomic}
    uintx ProfiledCodeHeapSize                     = 122909434                              {pd product} {ergonomic}
    uintx ReservedCodeCacheSize                    = 251658240                              {pd product} {ergonomic}
     bool SegmentedCodeCache                       = true                                      {product} {ergonomic}
   size_t SoftMaxHeapSize                          = 1967128576                             {manageable} {ergonomic}
     bool UseCompressedOops                        = true                           {product lp64_product} {ergonomic}
     bool UseG1GC                                  = true                                      {product} {ergonomic}
     bool UseLargePagesIndividualAllocation        = false                                  {pd product} {ergonomic}

Logging:
Log output configuration:
 #0: stdout all=warning uptime,level,tags foldmultilines=false
 #1: stderr all=off uptime,level,tags foldmultilines=false

Environment Variables:
PATH=C:\Program Files (x86)\Cuminas\Document Express DjVu Plug-in\;C:\WINDOWS\system32;C:\WINDOWS;C:\WINDOWS\System32\Wbem;C:\WINDOWS\System32\WindowsPowerShell\v1.0\;C:\WINDOWS\System32\OpenSSH\;C:\Program Files\Git\cmd;C:\Program Files\Microsoft SQL Server\150\Tools\Binn\;C:\mysys64\mingw64\bin;C:\Program Files\PuTTY\;C:\Program Files (x86)\Microsoft SQL Server\160\Tools\Binn\;C:\Program Files\Microsoft SQL Server\160\Tools\Binn\;C:\Program Files\Microsoft SQL Server\Client SDK\ODBC\170\Tools\Binn\;C:\Program Files\Microsoft SQL Server\160\DTS\Binn\;C:\Program Files (x86)\Microsoft SQL Server\160\DTS\Binn\;C:\Program Files\Azure Data Studio\bin;C:\MinGW\bin;C:\Program Files\dotnet\;C:\Program Files\nodejs\;C:\Users\HP 14S-FQ1001NU\AppData\Local\Programs\Python\Launcher\;C:\Users\HP 14S-FQ1001NU\AppData\Local\Microsoft\WindowsApps;C:\Users\HP 14S-FQ1001NU\AppData\Local\GitHubDesktop\bin;C:\Users\HP 14S-FQ1001NU\AppData\Local\Programs\Microsoft VS Code\bin;C:\Program Files\JetBrains\IntelliJ IDEA 2022.2.3\bin;;C:\Program Files\Azure Data Studio\bin;C:\Program Files\JetBrains\CLion 2023.1.3\bin;;C:\ghcup\bin;C:\Users\HP 14S-FQ1001NU\.dotnet\tools;C:\Users\HP 14S-FQ1001NU\AppData\Roaming\npm;C:\Users\HP 14S-FQ1001NU\AppData\Roaming\Microsoft\Windows\Start Menu\Programs\MSYS2 64bit\MSYS2 MSYS.lnk;C:\php;C:\Program Files\MongoDB\mongosh-2.2.6-win32-x64\bin;
USERNAME=HP 14S-FQ1001NU
OS=Windows_NT
PROCESSOR_IDENTIFIER=AMD64 Family 23 Model 104 Stepping 1, AuthenticAMD
TMP=C:\Users\HP14S-~1\AppData\Local\Temp
TEMP=C:\Users\HP14S-~1\AppData\Local\Temp




Periodic native trim disabled

---------------  S Y S T E M  ---------------

OS:
 Windows 11 , 64 bit Build 22621 (10.0.22621.3672)
OS uptime: 0 days 19:16 hours
Hyper-V role detected

CPU: total 8 (initial active 8) (8 cores per cpu, 2 threads per core) family 23 model 104 stepping 1 microcode 0x0, cx8, cmov, fxsr, ht, mmx, 3dnowpref, sse, sse2, sse3, ssse3, sse4a, sse4.1, sse4.2, popcnt, lzcnt, tsc, tscinvbit, avx, avx2, aes, clmul, bmi1, bmi2, adx, sha, fma, vzeroupper, clflush, clflushopt, hv, rdtscp, rdpid, f16c
Processor Information for all 8 processors :
  Max Mhz: 2600, Current Mhz: 1896, Mhz Limit: 2600

Memory: 4k page, system-wide physical 7502M (891M free)
TotalPageFile size 10502M (AvailPageFile size 11M)
current process WorkingSet (physical memory assigned to process): 263M, peak: 266M
current process commit charge ("private bytes"): 295M, peak: 300M

vm_info: OpenJDK 64-Bit Server VM (21.0.2+13-58) for windows-amd64 JRE (21.0.2+13-58), built on 2024-01-05T18:32:24Z by "mach5one" with MS VC++ 17.1 (VS2022)

END.
