#
# There is insufficient memory for the Java Runtime Environment to continue.
# Native memory allocation (malloc) failed to allocate 2005360 bytes for Chunk::new
# Possible reasons:
#   The system is out of physical RAM or swap space
#   The process is running with CompressedOops enabled, and the Java Heap may be blocking the growth of the native heap
# Possible solutions:
#   Reduce memory load on the system
#   Increase physical memory or swap space
#   Check if swap backing store is full
#   Decrease Java heap size (-Xmx/-Xms)
#   Decrease number of Java threads
#   Decrease Java thread stack sizes (-Xss)
#   Set larger code cache with -XX:ReservedCodeCacheSize=
#   JVM is running with Unscaled Compressed Oops mode in which the Java heap is
#     placed in the first 4GB address space. The Java Heap base address is the
#     maximum limit for the native heap growth. Please use -XX:HeapBaseMinAddress
#     to set the Java Heap base and to place the Java Heap above 4GB virtual address.
# This output file may be truncated or incomplete.
#
#  Out of Memory Error (arena.cpp:168), pid=18204, tid=10728
#
# JRE version: OpenJDK Runtime Environment (21.0.2+13) (build 21.0.2+13-58)
# Java VM: OpenJDK 64-Bit Server VM (21.0.2+13-58, mixed mode, sharing, tiered, compressed oops, compressed class ptrs, g1 gc, windows-amd64)
# No core dump will be written. Minidumps are not enabled by default on client versions of Windows
#

---------------  S U M M A R Y ------------

Command Line: -javaagent:C:\Program Files\JetBrains\IntelliJ IDEA Community Edition 2023.3.4\lib\idea_rt.jar=52596:C:\Program Files\JetBrains\IntelliJ IDEA Community Edition 2023.3.4\bin -Dfile.encoding=UTF-8 -Dsun.stdout.encoding=UTF-8 -Dsun.stderr.encoding=UTF-8 bg.fmi.javaweb.sportstournamentorganizer.SportsTournamentOrganizerApplication

Host: AMD Ryzen 3 5300U with Radeon Graphics         , 8 cores, 7G,  Windows 11 , 64 bit Build 22621 (10.0.22621.3672)
Time: Sun Jun 23 12:48:12 2024  Windows 11 , 64 bit Build 22621 (10.0.22621.3672) elapsed time: 8.282538 seconds (0d 0h 0m 8s)

---------------  T H R E A D  ---------------

Current thread (0x000001b917567700):  JavaThread "C2 CompilerThread0" daemon [_thread_in_native, id=10728, stack(0x0000002980100000,0x0000002980200000) (1024K)]


Current CompileTask:
C2:   8282 5835   !   4       org.springframework.util.ReflectionUtils::doWithMethods (186 bytes)

Stack: [0x0000002980100000,0x0000002980200000]
Native frames: (J=compiled Java code, j=interpreted, Vv=VM code, C=native code)
V  [jvm.dll+0x6cade9]
V  [jvm.dll+0x8569c1]
V  [jvm.dll+0x858d2e]
V  [jvm.dll+0x859413]
V  [jvm.dll+0x280e56]
V  [jvm.dll+0xc3f3d]
V  [jvm.dll+0xc4473]
V  [jvm.dll+0x3b5c2c]
V  [jvm.dll+0x382855]
V  [jvm.dll+0x381cca]
V  [jvm.dll+0x249bd0]
V  [jvm.dll+0x2491b1]
V  [jvm.dll+0x1c9634]
V  [jvm.dll+0x258859]
V  [jvm.dll+0x256e3a]
V  [jvm.dll+0x3ef6c6]
V  [jvm.dll+0x7ff568]
V  [jvm.dll+0x6c953d]
C  [ucrtbase.dll+0x29333]
C  [KERNEL32.DLL+0x1257d]
C  [ntdll.dll+0x5af28]


---------------  P R O C E S S  ---------------

Threads class SMR info:
_java_thread_list=0x000001b960cae700, length=31, elements={
0x000001b97add8a40, 0x000001b91755e1a0, 0x000001b91755eec0, 0x000001b917560660,
0x000001b917562230, 0x000001b917562c90, 0x000001b917564830, 0x000001b917567700,
0x000001b917579d70, 0x000001b917793a50, 0x000001b917a1e130, 0x000001b95d18b160,
0x000001b95d85ea40, 0x000001b95d8f4140, 0x000001b95f02dfd0, 0x000001b95eec0820,
0x000001b95f44f310, 0x000001b95ee4b730, 0x000001b95fffdd00, 0x000001b95f2072c0,
0x000001b95eba1730, 0x000001b95eba2450, 0x000001b95eba2ae0, 0x000001b95eba1dc0,
0x000001b95eba3170, 0x000001b95eb9fcf0, 0x000001b95eba0a10, 0x000001b95eba0380,
0x000001b962173ba0, 0x000001b96216f370, 0x000001b95f14b120
}

Java Threads: ( => current thread )
  0x000001b97add8a40 JavaThread "main"                              [_thread_blocked, id=1784, stack(0x00000029ff300000,0x00000029ff400000) (1024K)]
  0x000001b91755e1a0 JavaThread "Reference Handler"          daemon [_thread_blocked, id=5680, stack(0x00000029ffb00000,0x00000029ffc00000) (1024K)]
  0x000001b91755eec0 JavaThread "Finalizer"                  daemon [_thread_blocked, id=5648, stack(0x00000029ffc00000,0x00000029ffd00000) (1024K)]
  0x000001b917560660 JavaThread "Signal Dispatcher"          daemon [_thread_blocked, id=7444, stack(0x00000029ffd00000,0x00000029ffe00000) (1024K)]
  0x000001b917562230 JavaThread "Attach Listener"            daemon [_thread_blocked, id=16304, stack(0x00000029ffe00000,0x00000029fff00000) (1024K)]
  0x000001b917562c90 JavaThread "Service Thread"             daemon [_thread_blocked, id=20488, stack(0x00000029fff00000,0x0000002a00000000) (1024K)]
  0x000001b917564830 JavaThread "Monitor Deflation Thread"   daemon [_thread_blocked, id=19304, stack(0x0000002980000000,0x0000002980100000) (1024K)]
=>0x000001b917567700 JavaThread "C2 CompilerThread0"         daemon [_thread_in_native, id=10728, stack(0x0000002980100000,0x0000002980200000) (1024K)]
  0x000001b917579d70 JavaThread "C1 CompilerThread0"         daemon [_thread_blocked, id=20892, stack(0x0000002980200000,0x0000002980300000) (1024K)]
  0x000001b917793a50 JavaThread "Common-Cleaner"             daemon [_thread_blocked, id=1440, stack(0x0000002980300000,0x0000002980400000) (1024K)]
  0x000001b917a1e130 JavaThread "Monitor Ctrl-Break"         daemon [_thread_in_native, id=9004, stack(0x0000002980400000,0x0000002980500000) (1024K)]
  0x000001b95d18b160 JavaThread "Notification Thread"        daemon [_thread_blocked, id=2304, stack(0x0000002980500000,0x0000002980600000) (1024K)]
  0x000001b95d85ea40 JavaThread "Thread-0"                          [_thread_blocked, id=21424, stack(0x0000002980700000,0x0000002980800000) (1024K)]
  0x000001b95d8f4140 JavaThread "restartedMain"                     [_thread_in_vm, id=3196, stack(0x0000002980800000,0x0000002980900000) (1024K)]
  0x000001b95f02dfd0 JavaThread "Catalina-utility-1"                [_thread_blocked, id=4596, stack(0x0000002981200000,0x0000002981300000) (1024K)]
  0x000001b95eec0820 JavaThread "Catalina-utility-2"                [_thread_blocked, id=22412, stack(0x0000002981300000,0x0000002981400000) (1024K)]
  0x000001b95f44f310 JavaThread "http-nio-8080-exec-1"       daemon [_thread_blocked, id=13148, stack(0x0000002981400000,0x0000002981500000) (1024K)]
  0x000001b95ee4b730 JavaThread "http-nio-8080-exec-2"       daemon [_thread_blocked, id=19108, stack(0x0000002981500000,0x0000002981600000) (1024K)]
  0x000001b95fffdd00 JavaThread "http-nio-8080-exec-3"       daemon [_thread_blocked, id=19224, stack(0x0000002981600000,0x0000002981700000) (1024K)]
  0x000001b95f2072c0 JavaThread "http-nio-8080-exec-4"       daemon [_thread_blocked, id=7220, stack(0x0000002981700000,0x0000002981800000) (1024K)]
  0x000001b95eba1730 JavaThread "http-nio-8080-exec-5"       daemon [_thread_blocked, id=812, stack(0x0000002981800000,0x0000002981900000) (1024K)]
  0x000001b95eba2450 JavaThread "http-nio-8080-exec-6"       daemon [_thread_blocked, id=7572, stack(0x0000002981900000,0x0000002981a00000) (1024K)]
  0x000001b95eba2ae0 JavaThread "http-nio-8080-exec-7"       daemon [_thread_blocked, id=12396, stack(0x0000002981a00000,0x0000002981b00000) (1024K)]
  0x000001b95eba1dc0 JavaThread "http-nio-8080-exec-8"       daemon [_thread_blocked, id=19152, stack(0x0000002981b00000,0x0000002981c00000) (1024K)]
  0x000001b95eba3170 JavaThread "http-nio-8080-exec-9"       daemon [_thread_blocked, id=1528, stack(0x0000002981c00000,0x0000002981d00000) (1024K)]
  0x000001b95eb9fcf0 JavaThread "http-nio-8080-exec-10"      daemon [_thread_blocked, id=17748, stack(0x0000002981d00000,0x0000002981e00000) (1024K)]
  0x000001b95eba0a10 JavaThread "container-0"                       [_thread_blocked, id=21612, stack(0x0000002981e00000,0x0000002981f00000) (1024K)]
  0x000001b95eba0380 JavaThread "PostgreSQL-JDBC-Cleaner"    daemon [_thread_blocked, id=20808, stack(0x0000002982000000,0x0000002982100000) (1024K)]
  0x000001b962173ba0 JavaThread "HikariPool-1 housekeeper"   daemon [_thread_blocked, id=6848, stack(0x0000002982100000,0x0000002982200000) (1024K)]
  0x000001b96216f370 JavaThread "HikariPool-1 connection adder" daemon [_thread_blocked, id=20644, stack(0x0000002982200000,0x0000002982300000) (1024K)]
  0x000001b95f14b120 JavaThread "C2 CompilerThread1"         daemon [_thread_in_native, id=19572, stack(0x0000002980600000,0x0000002980700000) (1024K)]
Total: 31

Other Threads:
  0x000001b91753c810 VMThread "VM Thread"                           [id=19816, stack(0x00000029ffa00000,0x00000029ffb00000) (1024K)]
  0x000001b917524f10 WatcherThread "VM Periodic Task Thread"        [id=16348, stack(0x00000029ff900000,0x00000029ffa00000) (1024K)]
  0x000001b97ae2c5b0 WorkerThread "GC Thread#0"                     [id=17564, stack(0x00000029ff400000,0x00000029ff500000) (1024K)]
  0x000001b95d8dbb50 WorkerThread "GC Thread#1"                     [id=10736, stack(0x0000002980900000,0x0000002980a00000) (1024K)]
  0x000001b95d8dc420 WorkerThread "GC Thread#2"                     [id=18768, stack(0x0000002980a00000,0x0000002980b00000) (1024K)]
  0x000001b95d8dc7c0 WorkerThread "GC Thread#3"                     [id=13868, stack(0x0000002980b00000,0x0000002980c00000) (1024K)]
  0x000001b95da42170 WorkerThread "GC Thread#4"                     [id=19476, stack(0x0000002980c00000,0x0000002980d00000) (1024K)]
  0x000001b95da42990 WorkerThread "GC Thread#5"                     [id=164, stack(0x0000002980d00000,0x0000002980e00000) (1024K)]
  0x000001b95df62070 WorkerThread "GC Thread#6"                     [id=21384, stack(0x0000002980f00000,0x0000002981000000) (1024K)]
  0x000001b95dc62090 WorkerThread "GC Thread#7"                     [id=22232, stack(0x0000002981000000,0x0000002981100000) (1024K)]
  0x000001b97ae3c010 ConcurrentGCThread "G1 Main Marker"            [id=21416, stack(0x00000029ff500000,0x00000029ff600000) (1024K)]
  0x000001b97ae3ccc0 WorkerThread "G1 Conc#0"                       [id=19532, stack(0x00000029ff600000,0x00000029ff700000) (1024K)]
  0x000001b95ede7f30 WorkerThread "G1 Conc#1"                       [id=20052, stack(0x0000002980e00000,0x0000002980f00000) (1024K)]
  0x000001b9173f6ea0 ConcurrentGCThread "G1 Refine#0"               [id=21444, stack(0x00000029ff700000,0x00000029ff800000) (1024K)]
  0x000001b9173f7a10 ConcurrentGCThread "G1 Service"                [id=16804, stack(0x00000029ff800000,0x00000029ff900000) (1024K)]
Total: 15

Threads with active compile tasks:
C2 CompilerThread0     8299 5835   !   4       org.springframework.util.ReflectionUtils::doWithMethods (186 bytes)
C1 CompilerThread0     8299 5891       3       java.util.TreeMap::getEntry (77 bytes)
C2 CompilerThread1     8300 5848   !   4       org.springframework.core.annotation.AnnotationsScanner::processMethodHierarchy (276 bytes)
Total: 3

VM state: not at safepoint (normal execution)

VM Mutex/Monitor currently owned by a thread: None

Heap address: 0x000000008ac00000, size: 1876 MB, Compressed Oops mode: 32-bit

CDS archive(s) mapped at: [0x000001b918000000-0x000001b918c90000-0x000001b918c90000), size 13172736, SharedBaseAddress: 0x000001b918000000, ArchiveRelocationMode: 1.
Compressed class space mapped at: 0x000001b919000000-0x000001b959000000, reserved size: 1073741824
Narrow klass base: 0x000001b918000000, Narrow klass shift: 0, Narrow klass range: 0x100000000

GC Precious Log:
 CardTable entry size: 512
 Card Set container configuration: InlinePtr #cards 5 size 8 Array Of Cards #cards 12 size 40 Howl #buckets 4 coarsen threshold 1843 Howl Bitmap #cards 512 size 80 coarsen threshold 460 Card regions per heap region 1 cards per card region 2048
 CPUs: 8 total, 8 available
 Memory: 7502M
 Large Page Support: Disabled
 NUMA Support: Disabled
 Compressed Oops: Enabled (32-bit)
 Heap Region Size: 1M
 Heap Min Capacity: 8M
 Heap Initial Capacity: 118M
 Heap Max Capacity: 1876M
 Pre-touch: Disabled
 Parallel Workers: 8
 Concurrent Workers: 2
 Concurrent Refinement Workers: 8
 Periodic GC: Disabled

Heap:
 garbage-first heap   total 55296K, used 25845K [0x000000008ac00000, 0x0000000100000000)
  region size 1024K, 5 young (5120K), 4 survivors (4096K)
 Metaspace       used 58014K, committed 58688K, reserved 1114112K
  class space    used 7799K, committed 8128K, reserved 1048576K

Heap Regions: E=young(eden), S=young(survivor), O=old, HS=humongous(starts), HC=humongous(continues), CS=collection set, F=free, TAMS=top-at-mark-start, PB=parsable bottom
|   0|0x000000008ac00000, 0x000000008ad00000, 0x000000008ad00000|100%|HS|  |TAMS 0x000000008ac00000| PB 0x000000008ac00000| Complete 
|   1|0x000000008ad00000, 0x000000008ae00000, 0x000000008ae00000|100%| O|  |TAMS 0x000000008ad00000| PB 0x000000008ad00000| Untracked 
|   2|0x000000008ae00000, 0x000000008af00000, 0x000000008af00000|100%| O|  |TAMS 0x000000008ae00000| PB 0x000000008ae00000| Untracked 
|   3|0x000000008af00000, 0x000000008b000000, 0x000000008b000000|100%| O|  |TAMS 0x000000008af00000| PB 0x000000008af00000| Untracked 
|   4|0x000000008b000000, 0x000000008b100000, 0x000000008b100000|100%| O|  |TAMS 0x000000008b000000| PB 0x000000008b000000| Untracked 
|   5|0x000000008b100000, 0x000000008b200000, 0x000000008b200000|100%| O|  |TAMS 0x000000008b100000| PB 0x000000008b100000| Untracked 
|   6|0x000000008b200000, 0x000000008b300000, 0x000000008b300000|100%| O|  |TAMS 0x000000008b200000| PB 0x000000008b200000| Untracked 
|   7|0x000000008b300000, 0x000000008b400000, 0x000000008b400000|100%| O|  |TAMS 0x000000008b300000| PB 0x000000008b300000| Untracked 
|   8|0x000000008b400000, 0x000000008b500000, 0x000000008b500000|100%| O|  |TAMS 0x000000008b400000| PB 0x000000008b400000| Untracked 
|   9|0x000000008b500000, 0x000000008b600000, 0x000000008b600000|100%| O|  |TAMS 0x000000008b500000| PB 0x000000008b500000| Untracked 
|  10|0x000000008b600000, 0x000000008b700000, 0x000000008b700000|100%| O|  |TAMS 0x000000008b600000| PB 0x000000008b600000| Untracked 
|  11|0x000000008b700000, 0x000000008b800000, 0x000000008b800000|100%| O|  |TAMS 0x000000008b700000| PB 0x000000008b700000| Untracked 
|  12|0x000000008b800000, 0x000000008b900000, 0x000000008b900000|100%| O|  |TAMS 0x000000008b800000| PB 0x000000008b800000| Untracked 
|  13|0x000000008b900000, 0x000000008ba00000, 0x000000008ba00000|100%| O|  |TAMS 0x000000008b900000| PB 0x000000008b900000| Untracked 
|  14|0x000000008ba00000, 0x000000008bb00000, 0x000000008bb00000|100%| O|  |TAMS 0x000000008ba00000| PB 0x000000008ba00000| Untracked 
|  15|0x000000008bb00000, 0x000000008bc00000, 0x000000008bc00000|100%| O|  |TAMS 0x000000008bb00000| PB 0x000000008bb00000| Untracked 
|  16|0x000000008bc00000, 0x000000008bd00000, 0x000000008bd00000|100%| O|  |TAMS 0x000000008bc00000| PB 0x000000008bc00000| Untracked 
|  17|0x000000008bd00000, 0x000000008be00000, 0x000000008be00000|100%| O|  |TAMS 0x000000008bd00000| PB 0x000000008bd00000| Untracked 
|  18|0x000000008be00000, 0x000000008bf00000, 0x000000008bf00000|100%| O|  |TAMS 0x000000008be00000| PB 0x000000008be00000| Untracked 
|  19|0x000000008bf00000, 0x000000008c000000, 0x000000008c000000|100%| O|  |TAMS 0x000000008bf00000| PB 0x000000008bf00000| Untracked 
|  20|0x000000008c000000, 0x000000008c100000, 0x000000008c100000|100%| O|  |TAMS 0x000000008c000000| PB 0x000000008c000000| Untracked 
|  21|0x000000008c100000, 0x000000008c13d768, 0x000000008c200000| 24%| O|  |TAMS 0x000000008c100000| PB 0x000000008c100000| Untracked 
|  22|0x000000008c200000, 0x000000008c200000, 0x000000008c300000|  0%| F|  |TAMS 0x000000008c200000| PB 0x000000008c200000| Untracked 
|  23|0x000000008c300000, 0x000000008c300000, 0x000000008c400000|  0%| F|  |TAMS 0x000000008c300000| PB 0x000000008c300000| Untracked 
|  24|0x000000008c400000, 0x000000008c400000, 0x000000008c500000|  0%| F|  |TAMS 0x000000008c400000| PB 0x000000008c400000| Untracked 
|  25|0x000000008c500000, 0x000000008c500000, 0x000000008c600000|  0%| F|  |TAMS 0x000000008c500000| PB 0x000000008c500000| Untracked 
|  26|0x000000008c600000, 0x000000008c600000, 0x000000008c700000|  0%| F|  |TAMS 0x000000008c600000| PB 0x000000008c600000| Untracked 
|  27|0x000000008c700000, 0x000000008c700000, 0x000000008c800000|  0%| F|  |TAMS 0x000000008c700000| PB 0x000000008c700000| Untracked 
|  28|0x000000008c800000, 0x000000008c900000, 0x000000008c900000|100%| S|CS|TAMS 0x000000008c800000| PB 0x000000008c800000| Complete 
|  29|0x000000008c900000, 0x000000008ca00000, 0x000000008ca00000|100%| S|CS|TAMS 0x000000008c900000| PB 0x000000008c900000| Complete 
|  30|0x000000008ca00000, 0x000000008cb00000, 0x000000008cb00000|100%| S|CS|TAMS 0x000000008ca00000| PB 0x000000008ca00000| Complete 
|  31|0x000000008cb00000, 0x000000008cc00000, 0x000000008cc00000|100%| S|CS|TAMS 0x000000008cb00000| PB 0x000000008cb00000| Complete 
|  32|0x000000008cc00000, 0x000000008cc00000, 0x000000008cd00000|  0%| F|  |TAMS 0x000000008cc00000| PB 0x000000008cc00000| Untracked 
|  33|0x000000008cd00000, 0x000000008cd00000, 0x000000008ce00000|  0%| F|  |TAMS 0x000000008cd00000| PB 0x000000008cd00000| Untracked 
|  34|0x000000008ce00000, 0x000000008ce00000, 0x000000008cf00000|  0%| F|  |TAMS 0x000000008ce00000| PB 0x000000008ce00000| Untracked 
|  35|0x000000008cf00000, 0x000000008cf00000, 0x000000008d000000|  0%| F|  |TAMS 0x000000008cf00000| PB 0x000000008cf00000| Untracked 
|  36|0x000000008d000000, 0x000000008d000000, 0x000000008d100000|  0%| F|  |TAMS 0x000000008d000000| PB 0x000000008d000000| Untracked 
|  37|0x000000008d100000, 0x000000008d100000, 0x000000008d200000|  0%| F|  |TAMS 0x000000008d100000| PB 0x000000008d100000| Untracked 
|  38|0x000000008d200000, 0x000000008d200000, 0x000000008d300000|  0%| F|  |TAMS 0x000000008d200000| PB 0x000000008d200000| Untracked 
|  39|0x000000008d300000, 0x000000008d300000, 0x000000008d400000|  0%| F|  |TAMS 0x000000008d300000| PB 0x000000008d300000| Untracked 
|  40|0x000000008d400000, 0x000000008d400000, 0x000000008d500000|  0%| F|  |TAMS 0x000000008d400000| PB 0x000000008d400000| Untracked 
|  41|0x000000008d500000, 0x000000008d500000, 0x000000008d600000|  0%| F|  |TAMS 0x000000008d500000| PB 0x000000008d500000| Untracked 
|  42|0x000000008d600000, 0x000000008d600000, 0x000000008d700000|  0%| F|  |TAMS 0x000000008d600000| PB 0x000000008d600000| Untracked 
|  43|0x000000008d700000, 0x000000008d700000, 0x000000008d800000|  0%| F|  |TAMS 0x000000008d700000| PB 0x000000008d700000| Untracked 
|  44|0x000000008d800000, 0x000000008d800000, 0x000000008d900000|  0%| F|  |TAMS 0x000000008d800000| PB 0x000000008d800000| Untracked 
|  45|0x000000008d900000, 0x000000008d900000, 0x000000008da00000|  0%| F|  |TAMS 0x000000008d900000| PB 0x000000008d900000| Untracked 
|  56|0x000000008e400000, 0x000000008e400000, 0x000000008e500000|  0%| F|  |TAMS 0x000000008e400000| PB 0x000000008e400000| Untracked 
|  57|0x000000008e500000, 0x000000008e500000, 0x000000008e600000|  0%| F|  |TAMS 0x000000008e500000| PB 0x000000008e500000| Untracked 
|  58|0x000000008e600000, 0x000000008e600000, 0x000000008e700000|  0%| F|  |TAMS 0x000000008e600000| PB 0x000000008e600000| Untracked 
|  59|0x000000008e700000, 0x000000008e700000, 0x000000008e800000|  0%| F|  |TAMS 0x000000008e700000| PB 0x000000008e700000| Untracked 
|  60|0x000000008e800000, 0x000000008e800000, 0x000000008e900000|  0%| F|  |TAMS 0x000000008e800000| PB 0x000000008e800000| Untracked 
|  61|0x000000008e900000, 0x000000008e900000, 0x000000008ea00000|  0%| F|  |TAMS 0x000000008e900000| PB 0x000000008e900000| Untracked 
|  62|0x000000008ea00000, 0x000000008ea00000, 0x000000008eb00000|  0%| F|  |TAMS 0x000000008ea00000| PB 0x000000008ea00000| Untracked 
| 117|0x0000000092100000, 0x00000000921def70, 0x0000000092200000| 87%| E|  |TAMS 0x0000000092100000| PB 0x0000000092100000| Complete 

Card table byte_map: [0x000001b97b570000,0x000001b97b920000] _byte_map_base: 0x000001b97b11a000

Marking Bits: (CMBitMap*) 0x000001b97ae2ccb0
 Bits: [0x000001b97b920000, 0x000001b97d670000)

Polling page: 0x000001b978d80000

Metaspace:

Usage:
  Non-class:     49.04 MB used.
      Class:      7.62 MB used.
       Both:     56.66 MB used.

Virtual space:
  Non-class space:       64.00 MB reserved,      49.38 MB ( 77%) committed,  1 nodes.
      Class space:        1.00 GB reserved,       7.94 MB ( <1%) committed,  1 nodes.
             Both:        1.06 GB reserved,      57.31 MB (  5%) committed. 

Chunk freelists:
   Non-Class:  14.25 MB
       Class:  7.92 MB
        Both:  22.17 MB

MaxMetaspaceSize: unlimited
CompressedClassSpaceSize: 1.00 GB
Initial GC threshold: 21.00 MB
Current GC threshold: 59.06 MB
CDS: on
 - commit_granule_bytes: 65536.
 - commit_granule_words: 8192.
 - virtual_space_node_default_size: 8388608.
 - enlarge_chunks_in_place: 1.
 - use_allocation_guard: 0.


Internal statistics:

num_allocs_failed_limit: 6.
num_arena_births: 882.
num_arena_deaths: 0.
num_vsnodes_births: 2.
num_vsnodes_deaths: 0.
num_space_committed: 917.
num_space_uncommitted: 0.
num_chunks_returned_to_freelist: 6.
num_chunks_taken_from_freelist: 2996.
num_chunk_merges: 3.
num_chunk_splits: 2136.
num_chunks_enlarged: 1636.
num_inconsistent_stats: 0.

CodeHeap 'non-profiled nmethods': size=120000Kb used=3557Kb max_used=3557Kb free=116442Kb
 bounds [0x000001b90fe60000, 0x000001b9101e0000, 0x000001b917390000]
CodeHeap 'profiled nmethods': size=120000Kb used=10595Kb max_used=10595Kb free=109404Kb
 bounds [0x000001b908390000, 0x000001b908df0000, 0x000001b90f8c0000]
CodeHeap 'non-nmethods': size=5760Kb used=1659Kb max_used=1670Kb free=4100Kb
 bounds [0x000001b90f8c0000, 0x000001b90fb30000, 0x000001b90fe60000]
 total_blobs=6134 nmethods=5439 adapters=598
 compilation: enabled
              stopped_count=0, restarted_count=0
 full_count=0

Compilation events (20 events):
Event: 8.168 Thread 0x000001b917579d70 5876       3       java.util.concurrent.ConcurrentLinkedDeque::newNode (18 bytes)
Event: 8.169 Thread 0x000001b917579d70 nmethod 5876 0x000001b908ddbd90 code [0x000001b908ddbfe0, 0x000001b908ddc860]
Event: 8.179 Thread 0x000001b917579d70 5877       3       org.springframework.core.convert.support.GenericConversionService$Converters::add (75 bytes)
Event: 8.179 Thread 0x000001b917579d70 nmethod 5877 0x000001b908ddcb90 code [0x000001b908ddce40, 0x000001b908dddc58]
Event: 8.179 Thread 0x000001b917579d70 5878       3       org.springframework.core.convert.support.GenericConversionService$ConverterAdapter::<init> (41 bytes)
Event: 8.180 Thread 0x000001b917579d70 nmethod 5878 0x000001b908dde090 code [0x000001b908dde2e0, 0x000001b908ddeea8]
Event: 8.180 Thread 0x000001b917579d70 5879       3       org.springframework.core.convert.support.GenericConversionService$ConverterAdapter::getConvertibleTypes (8 bytes)
Event: 8.180 Thread 0x000001b917579d70 nmethod 5879 0x000001b908ddf290 code [0x000001b908ddf460, 0x000001b908ddf800]
Event: 8.225 Thread 0x000001b917579d70 5880       1       org.hibernate.metamodel.model.domain.NavigableRole::getFullPath (5 bytes)
Event: 8.225 Thread 0x000001b917579d70 nmethod 5880 0x000001b9101d8f10 code [0x000001b9101d90a0, 0x000001b9101d9168]
Event: 8.230 Thread 0x000001b917579d70 5881       3       sun.reflect.annotation.AnnotationParser::skipMemberValue (11 bytes)
Event: 8.231 Thread 0x000001b917579d70 nmethod 5881 0x000001b908ddf990 code [0x000001b908ddfb40, 0x000001b908ddfd38]
Event: 8.231 Thread 0x000001b917579d70 5882       3       sun.reflect.annotation.AnnotationParser::skipMemberValue (65 bytes)
Event: 8.231 Thread 0x000001b917579d70 nmethod 5882 0x000001b908ddfe10 code [0x000001b908de0060, 0x000001b908de0788]
Event: 8.236 Thread 0x000001b917579d70 5883       2       sun.invoke.util.VerifyType::isNullConversion (157 bytes)
Event: 8.236 Thread 0x000001b917579d70 nmethod 5883 0x000001b908de0990 code [0x000001b908de0bc0, 0x000001b908de1240]
Event: 8.250 Thread 0x000001b917579d70 5884       3       java.lang.reflect.ProxyGenerator::generateStaticInitializer (380 bytes)
Event: 8.251 Thread 0x000001b917579d70 nmethod 5884 0x000001b908de1490 code [0x000001b908de1980, 0x000001b908de40a0]
Event: 8.257 Thread 0x000001b917579d70 5885       3       java.lang.reflect.Constructor::acquireConstructorAccessor (75 bytes)
Event: 8.258 Thread 0x000001b917579d70 nmethod 5885 0x000001b908de4990 code [0x000001b908de4bc0, 0x000001b908de5260]

GC Heap History (20 events):
Event: 1.125 GC heap before
{Heap before GC invocations=0 (full 0):
 garbage-first heap   total 120832K, used 24576K [0x000000008ac00000, 0x0000000100000000)
  region size 1024K, 23 young (23552K), 0 survivors (0K)
 Metaspace       used 5121K, committed 5376K, reserved 1114112K
  class space    used 568K, committed 704K, reserved 1048576K
}
Event: 1.130 GC heap after
{Heap after GC invocations=1 (full 0):
 garbage-first heap   total 120832K, used 7338K [0x000000008ac00000, 0x0000000100000000)
  region size 1024K, 3 young (3072K), 3 survivors (3072K)
 Metaspace       used 5121K, committed 5376K, reserved 1114112K
  class space    used 568K, committed 704K, reserved 1048576K
}
Event: 1.943 GC heap before
{Heap before GC invocations=1 (full 0):
 garbage-first heap   total 120832K, used 36010K [0x000000008ac00000, 0x0000000100000000)
  region size 1024K, 32 young (32768K), 3 survivors (3072K)
 Metaspace       used 12830K, committed 13056K, reserved 1114112K
  class space    used 1492K, committed 1600K, reserved 1048576K
}
Event: 1.949 GC heap after
{Heap after GC invocations=2 (full 0):
 garbage-first heap   total 120832K, used 10203K [0x000000008ac00000, 0x0000000100000000)
  region size 1024K, 3 young (3072K), 3 survivors (3072K)
 Metaspace       used 12830K, committed 13056K, reserved 1114112K
  class space    used 1492K, committed 1600K, reserved 1048576K
}
Event: 3.287 GC heap before
{Heap before GC invocations=2 (full 0):
 garbage-first heap   total 120832K, used 62427K [0x000000008ac00000, 0x0000000100000000)
  region size 1024K, 55 young (56320K), 3 survivors (3072K)
 Metaspace       used 21244K, committed 21504K, reserved 1114112K
  class space    used 2550K, committed 2688K, reserved 1048576K
}
Event: 3.293 GC heap after
{Heap after GC invocations=3 (full 0):
 garbage-first heap   total 120832K, used 14126K [0x000000008ac00000, 0x0000000100000000)
  region size 1024K, 7 young (7168K), 7 survivors (7168K)
 Metaspace       used 21244K, committed 21504K, reserved 1114112K
  class space    used 2550K, committed 2688K, reserved 1048576K
}
Event: 4.120 GC heap before
{Heap before GC invocations=4 (full 0):
 garbage-first heap   total 55296K, used 39726K [0x000000008ac00000, 0x0000000100000000)
  region size 1024K, 32 young (32768K), 7 survivors (7168K)
 Metaspace       used 25321K, committed 25728K, reserved 1114112K
  class space    used 3148K, committed 3328K, reserved 1048576K
}
Event: 4.127 GC heap after
{Heap after GC invocations=5 (full 0):
 garbage-first heap   total 55296K, used 16593K [0x000000008ac00000, 0x0000000100000000)
  region size 1024K, 3 young (3072K), 3 survivors (3072K)
 Metaspace       used 25321K, committed 25728K, reserved 1114112K
  class space    used 3148K, committed 3328K, reserved 1048576K
}
Event: 4.717 GC heap before
{Heap before GC invocations=5 (full 0):
 garbage-first heap   total 55296K, used 40145K [0x000000008ac00000, 0x0000000100000000)
  region size 1024K, 27 young (27648K), 3 survivors (3072K)
 Metaspace       used 29299K, committed 29824K, reserved 1114112K
  class space    used 3670K, committed 3904K, reserved 1048576K
}
Event: 4.720 GC heap after
{Heap after GC invocations=6 (full 0):
 garbage-first heap   total 55296K, used 18821K [0x000000008ac00000, 0x0000000100000000)
  region size 1024K, 3 young (3072K), 3 survivors (3072K)
 Metaspace       used 29299K, committed 29824K, reserved 1114112K
  class space    used 3670K, committed 3904K, reserved 1048576K
}
Event: 5.435 GC heap before
{Heap before GC invocations=6 (full 0):
 garbage-first heap   total 55296K, used 43397K [0x000000008ac00000, 0x0000000100000000)
  region size 1024K, 27 young (27648K), 3 survivors (3072K)
 Metaspace       used 34110K, committed 34688K, reserved 1114112K
  class space    used 4364K, committed 4608K, reserved 1048576K
}
Event: 5.439 GC heap after
{Heap after GC invocations=7 (full 0):
 garbage-first heap   total 55296K, used 19905K [0x000000008ac00000, 0x0000000100000000)
  region size 1024K, 4 young (4096K), 4 survivors (4096K)
 Metaspace       used 34110K, committed 34688K, reserved 1114112K
  class space    used 4364K, committed 4608K, reserved 1048576K
}
Event: 5.614 GC heap before
{Heap before GC invocations=7 (full 0):
 garbage-first heap   total 55296K, used 26049K [0x000000008ac00000, 0x0000000100000000)
  region size 1024K, 11 young (11264K), 4 survivors (4096K)
 Metaspace       used 35602K, committed 36096K, reserved 1114112K
  class space    used 4635K, committed 4864K, reserved 1048576K
}
Event: 5.616 GC heap after
{Heap after GC invocations=8 (full 0):
 garbage-first heap   total 55296K, used 20290K [0x000000008ac00000, 0x0000000100000000)
  region size 1024K, 2 young (2048K), 2 survivors (2048K)
 Metaspace       used 35602K, committed 36096K, reserved 1114112K
  class space    used 4635K, committed 4864K, reserved 1048576K
}
Event: 6.575 GC heap before
{Heap before GC invocations=9 (full 0):
 garbage-first heap   total 55296K, used 45890K [0x000000008ac00000, 0x0000000100000000)
  region size 1024K, 28 young (28672K), 2 survivors (2048K)
 Metaspace       used 42598K, committed 43136K, reserved 1114112K
  class space    used 5589K, committed 5824K, reserved 1048576K
}
Event: 6.578 GC heap after
{Heap after GC invocations=10 (full 0):
 garbage-first heap   total 55296K, used 22050K [0x000000008ac00000, 0x0000000100000000)
  region size 1024K, 4 young (4096K), 4 survivors (4096K)
 Metaspace       used 42598K, committed 43136K, reserved 1114112K
  class space    used 5589K, committed 5824K, reserved 1048576K
}
Event: 7.177 GC heap before
{Heap before GC invocations=10 (full 0):
 garbage-first heap   total 55296K, used 44578K [0x000000008ac00000, 0x0000000100000000)
  region size 1024K, 27 young (27648K), 4 survivors (4096K)
 Metaspace       used 48980K, committed 49536K, reserved 1114112K
  class space    used 6463K, committed 6720K, reserved 1048576K
}
Event: 7.181 GC heap after
{Heap after GC invocations=11 (full 0):
 garbage-first heap   total 55296K, used 22973K [0x000000008ac00000, 0x0000000100000000)
  region size 1024K, 4 young (4096K), 4 survivors (4096K)
 Metaspace       used 48980K, committed 49536K, reserved 1114112K
  class space    used 6463K, committed 6720K, reserved 1048576K
}
Event: 7.657 GC heap before
{Heap before GC invocations=11 (full 0):
 garbage-first heap   total 55296K, used 45501K [0x000000008ac00000, 0x0000000100000000)
  region size 1024K, 27 young (27648K), 4 survivors (4096K)
 Metaspace       used 53183K, committed 53824K, reserved 1114112K
  class space    used 7151K, committed 7424K, reserved 1048576K
}
Event: 7.660 GC heap after
{Heap after GC invocations=12 (full 0):
 garbage-first heap   total 55296K, used 23867K [0x000000008ac00000, 0x0000000100000000)
  region size 1024K, 3 young (3072K), 3 survivors (3072K)
 Metaspace       used 53183K, committed 53824K, reserved 1114112K
  class space    used 7151K, committed 7424K, reserved 1048576K
}

Dll operation events (14 events):
Event: 0.013 Loaded shared library C:\Users\HP 14S-FQ1001NU\.jdks\openjdk-21.0.2\bin\java.dll
Event: 0.056 Loaded shared library C:\Users\HP 14S-FQ1001NU\.jdks\openjdk-21.0.2\bin\jsvml.dll
Event: 0.196 Loaded shared library C:\Users\HP 14S-FQ1001NU\.jdks\openjdk-21.0.2\bin\zip.dll
Event: 0.202 Loaded shared library C:\Users\HP 14S-FQ1001NU\.jdks\openjdk-21.0.2\bin\instrument.dll
Event: 0.211 Loaded shared library C:\Users\HP 14S-FQ1001NU\.jdks\openjdk-21.0.2\bin\net.dll
Event: 0.215 Loaded shared library C:\Users\HP 14S-FQ1001NU\.jdks\openjdk-21.0.2\bin\nio.dll
Event: 0.220 Loaded shared library C:\Users\HP 14S-FQ1001NU\.jdks\openjdk-21.0.2\bin\zip.dll
Event: 0.449 Loaded shared library C:\Program Files\JetBrains\IntelliJ IDEA Community Edition 2023.3.4\bin\breakgen64.dll
Event: 0.462 Loaded shared library C:\Users\HP 14S-FQ1001NU\.jdks\openjdk-21.0.2\bin\extnet.dll
Event: 0.535 Loaded shared library C:\Users\HP 14S-FQ1001NU\.jdks\openjdk-21.0.2\bin\jimage.dll
Event: 1.024 Loaded shared library C:\Users\HP 14S-FQ1001NU\.jdks\openjdk-21.0.2\bin\management.dll
Event: 1.027 Loaded shared library C:\Users\HP 14S-FQ1001NU\.jdks\openjdk-21.0.2\bin\management_ext.dll
Event: 2.210 Loaded shared library C:\Users\HP 14S-FQ1001NU\.jdks\openjdk-21.0.2\bin\sunmscapi.dll
Event: 5.412 Loaded shared library C:\Users\HP 14S-FQ1001NU\.jdks\openjdk-21.0.2\bin\verify.dll

Deoptimization events (20 events):
Event: 8.089 Thread 0x000001b95d8f4140 Uncommon trap: trap_request=0xffffff45 fr.pc=0x000001b9101996c8 relative=0x00000000000003e8
Event: 8.089 Thread 0x000001b95d8f4140 Uncommon trap: reason=unstable_if action=reinterpret pc=0x000001b9101996c8 method=jdk.internal.reflect.DirectMethodHandleAccessor.checkArgumentCount(I[Ljava/lang/Object;)V @ 1 c2
Event: 8.089 Thread 0x000001b95d8f4140 DEOPT PACKING pc=0x000001b9101996c8 sp=0x00000029808fba70
Event: 8.089 Thread 0x000001b95d8f4140 DEOPT UNPACKING pc=0x000001b90f9146a2 sp=0x00000029808fb9a0 mode 2
Event: 8.089 Thread 0x000001b95d8f4140 Uncommon trap: trap_request=0xffffff45 fr.pc=0x000001b910198988 relative=0x0000000000000068
Event: 8.089 Thread 0x000001b95d8f4140 Uncommon trap: reason=unstable_if action=reinterpret pc=0x000001b910198988 method=jdk.internal.reflect.DirectMethodHandleAccessor.checkArgumentCount(I[Ljava/lang/Object;)V @ 1 c2
Event: 8.089 Thread 0x000001b95d8f4140 DEOPT PACKING pc=0x000001b910198988 sp=0x00000029808fb980
Event: 8.089 Thread 0x000001b95d8f4140 DEOPT UNPACKING pc=0x000001b90f9146a2 sp=0x00000029808fb918 mode 2
Event: 8.123 Thread 0x000001b95d8f4140 Uncommon trap: trap_request=0xffffff45 fr.pc=0x000001b90ff0bee0 relative=0x0000000000000ea0
Event: 8.123 Thread 0x000001b95d8f4140 Uncommon trap: reason=unstable_if action=reinterpret pc=0x000001b90ff0bee0 method=java.util.concurrent.ConcurrentHashMap.putVal(Ljava/lang/Object;Ljava/lang/Object;Z)Ljava/lang/Object; @ 401 c2
Event: 8.123 Thread 0x000001b95d8f4140 DEOPT PACKING pc=0x000001b90ff0bee0 sp=0x00000029808fbb70
Event: 8.123 Thread 0x000001b95d8f4140 DEOPT UNPACKING pc=0x000001b90f9146a2 sp=0x00000029808fbb00 mode 2
Event: 8.125 Thread 0x000001b95d8f4140 Uncommon trap: trap_request=0xffffff45 fr.pc=0x000001b9100fb0c0 relative=0x0000000000000280
Event: 8.125 Thread 0x000001b95d8f4140 Uncommon trap: reason=unstable_if action=reinterpret pc=0x000001b9100fb0c0 method=java.util.concurrent.ConcurrentHashMap.get(Ljava/lang/Object;)Ljava/lang/Object; @ 86 c2
Event: 8.125 Thread 0x000001b95d8f4140 DEOPT PACKING pc=0x000001b9100fb0c0 sp=0x00000029808fbc10
Event: 8.125 Thread 0x000001b95d8f4140 DEOPT UNPACKING pc=0x000001b90f9146a2 sp=0x00000029808fbb78 mode 2
Event: 8.132 Thread 0x000001b95d8f4140 Uncommon trap: trap_request=0xffffff45 fr.pc=0x000001b910080ae0 relative=0x0000000000005a40
Event: 8.132 Thread 0x000001b95d8f4140 Uncommon trap: reason=unstable_if action=reinterpret pc=0x000001b910080ae0 method=org.springframework.beans.factory.support.AbstractBeanFactory.isTypeMatch(Ljava/lang/String;Lorg/springframework/core/ResolvableType;Z)Z @ 79 c2
Event: 8.132 Thread 0x000001b95d8f4140 DEOPT PACKING pc=0x000001b910080ae0 sp=0x00000029808fbb00
Event: 8.132 Thread 0x000001b95d8f4140 DEOPT UNPACKING pc=0x000001b90f9146a2 sp=0x00000029808fbae8 mode 2

Classes loaded (20 events):
Event: 7.315 Loading class java/util/AbstractList$SubList
Event: 7.315 Loading class java/util/AbstractList$SubList done
Event: 7.331 Loading class java/lang/reflect/AnnotatedArrayType
Event: 7.332 Loading class java/lang/reflect/AnnotatedArrayType done
Event: 7.374 Loading class java/lang/foreign/ValueLayout
Event: 7.375 Loading class java/lang/foreign/MemoryLayout
Event: 7.375 Loading class java/lang/foreign/MemoryLayout done
Event: 7.375 Loading class java/lang/foreign/ValueLayout done
Event: 7.446 Loading class java/lang/reflect/AnnotatedParameterizedType
Event: 7.446 Loading class java/lang/reflect/AnnotatedParameterizedType done
Event: 8.043 Loading class javax/naming/Reference
Event: 8.043 Loading class javax/naming/Reference done
Event: 8.080 Loading class java/lang/SafeVarargs
Event: 8.080 Loading class java/lang/SafeVarargs done
Event: 8.081 Loading class sun/reflect/generics/reflectiveObjects/GenericArrayTypeImpl
Event: 8.081 Loading class sun/reflect/generics/reflectiveObjects/GenericArrayTypeImpl done
Event: 8.123 Loading class java/util/concurrent/ConcurrentHashMap$TreeNode
Event: 8.124 Loading class java/util/concurrent/ConcurrentHashMap$TreeNode done
Event: 8.124 Loading class java/util/concurrent/ConcurrentHashMap$TreeBin
Event: 8.124 Loading class java/util/concurrent/ConcurrentHashMap$TreeBin done

Classes unloaded (0 events):
No events

Classes redefined (0 events):
No events

Internal exceptions (20 events):
Event: 7.644 Thread 0x000001b95d8f4140 Exception <a 'java/lang/NoSuchMethodError'{0x000000008cb2d6b8}: 'void java.lang.invoke.DirectMethodHandle$Holder.invokeSpecial(java.lang.Object, java.lang.Object, int, java.lang.Object)'> (0x000000008cb2d6b8) 
thrown [s\open\src\hotspot\share\interpreter\linkResolver.cpp, line 773]
Event: 7.645 Thread 0x000001b95d8f4140 Exception <a 'java/lang/NoSuchMethodError'{0x000000008cb339e0}: 'java.lang.Object java.lang.invoke.DirectMethodHandle$Holder.newInvokeSpecial(java.lang.Object, java.lang.Object, int)'> (0x000000008cb339e0) 
thrown [s\open\src\hotspot\share\interpreter\linkResolver.cpp, line 773]
Event: 7.672 Thread 0x000001b95d8f4140 Exception <a 'java/lang/NoSuchMethodError'{0x000000009219bb50}: 'int java.lang.invoke.DirectMethodHandle$Holder.invokeStatic(java.lang.Object, int, java.lang.Object)'> (0x000000009219bb50) 
thrown [s\open\src\hotspot\share\interpreter\linkResolver.cpp, line 773]
Event: 7.674 Thread 0x000001b95d8f4140 Exception <a 'java/lang/NoSuchMethodError'{0x00000000921b8488}: 'java.lang.Object java.lang.invoke.DirectMethodHandle$Holder.newInvokeSpecial(java.lang.Object, java.lang.Object, java.lang.Object, java.lang.Object, java.lang.Object, int, java.lang.Object)'> (0x00000000921b8488) 
thrown [s\open\src\hotspot\share\interpreter\linkResolver.cpp, line 773]
Event: 7.678 Thread 0x000001b95d8f4140 Exception <a 'java/lang/NoSuchMethodError'{0x00000000921ee120}: 'java.lang.Object java.lang.invoke.DirectMethodHandle$Holder.newInvokeSpecial(java.lang.Object, java.lang.Object, java.lang.Object, java.lang.Object, java.lang.Object, java.lang.Object, java.lang.Object, java.lang.Object, java.lang.Object, java.lang.Object, java.lang.Object, java.lang.Object)'> (0x00000000921ee120) 
thrown [s\open\src\hotspot\share\interpreter\linkResolver.cpp, line 773]
Event: 7.678 Thread 0x000001b95d8f4140 Exception <a 'java/lang/NoSuchMethodError'{0x00000000921f29b8}: 'java.lang.Object java.lang.invoke.DirectMethodHandle$Holder.invokeSpecial(java.lang.Object, java.lang.Object, java.lang.Object, java.lang.Object, java.lang.Object, java.lang.Object, java.lang.Object, java.lang.Object, java.lang.Object, java.lang.Object, java.lang.Object, java.lang.Object, java.lang.Object)'> (0x00000000921f29b8) 
thrown [s\open\src\hotspot\share\interpreter\linkResolver.cpp, line 773]
Event: 7.678 Thread 0x000001b95d8f4140 Exception <a 'java/lang/NoSuchMethodError'{0x00000000921f6e90}: 'java.lang.Object java.lang.invoke.Invokers$Holder.linkToTargetMethod(java.lang.Object, java.lang.Object, java.lang.Object, java.lang.Object, java.lang.Object, java.lang.Object, java.lang.Object, java.lang.Object, java.lang.Object, java.lang.Object, java.lang.Object, java.lang.Object)'> (0x00000000921f6e90) 
thrown [s\open\src\hotspot\share\interpreter\linkResolver.cpp, line 773]
Event: 7.726 Thread 0x000001b95d8f4140 Exception <a 'java/lang/NoSuchMethodError'{0x000000008e841318}: 'java.lang.Object java.lang.invoke.DirectMethodHandle$Holder.newInvokeSpecial(java.lang.Object, java.lang.Object, int, java.lang.Object, int, java.lang.Object, java.lang.Object)'> (0x000000008e841318) 
thrown [s\open\src\hotspot\share\interpreter\linkResolver.cpp, line 773]
Event: 7.745 Thread 0x000001b95d8f4140 Exception <a 'java/lang/NoSuchMethodError'{0x000000008e8f2b88}: 'java.lang.Object java.lang.invoke.DirectMethodHandle$Holder.newInvokeSpecial(java.lang.Object, java.lang.Object, java.lang.Object, java.lang.Object, java.lang.Object, java.lang.Object, java.lang.Object, int)'> (0x000000008e8f2b88) 
thrown [s\open\src\hotspot\share\interpreter\linkResolver.cpp, line 773]
Event: 7.745 Thread 0x000001b95d8f4140 Exception <a 'java/lang/NoSuchMethodError'{0x000000008e8f70e8}: 'java.lang.Object java.lang.invoke.DirectMethodHandle$Holder.invokeSpecial(java.lang.Object, java.lang.Object, java.lang.Object, java.lang.Object, java.lang.Object, java.lang.Object, java.lang.Object, java.lang.Object, int)'> (0x000000008e8f70e8) 
thrown [s\open\src\hotspot\share\interpreter\linkResolver.cpp, line 773]
Event: 7.745 Thread 0x000001b95d8f4140 Exception <a 'java/lang/NoSuchMethodError'{0x000000008e8fb3c8}: 'java.lang.Object java.lang.invoke.Invokers$Holder.linkToTargetMethod(java.lang.Object, java.lang.Object, java.lang.Object, java.lang.Object, java.lang.Object, java.lang.Object, int, java.lang.Object)'> (0x000000008e8fb3c8) 
thrown [s\open\src\hotspot\share\interpreter\linkResolver.cpp, line 773]
Event: 7.769 Thread 0x000001b95d8f4140 Exception <a 'java/lang/NoSuchMethodError'{0x000000008e7cf810}: 'void java.lang.invoke.DirectMethodHandle$Holder.invokeInterface(java.lang.Object, java.lang.Object)'> (0x000000008e7cf810) 
thrown [s\open\src\hotspot\share\interpreter\linkResolver.cpp, line 773]
Event: 7.930 Thread 0x000001b95d8f4140 Exception <a 'java/lang/NoSuchMethodError'{0x000000008d8ecb98}: 'java.lang.Object java.lang.invoke.DirectMethodHandle$Holder.invokeSpecial(java.lang.Object, java.lang.Object, int, java.lang.Object, int)'> (0x000000008d8ecb98) 
thrown [s\open\src\hotspot\share\interpreter\linkResolver.cpp, line 773]
Event: 8.054 Thread 0x000001b95d8f4140 Exception <a 'java/lang/NoSuchMethodError'{0x000000008d690500}: 'void java.lang.invoke.Invokers$Holder.invokeExact_MT(java.lang.Object, java.lang.Object, java.lang.Object, java.lang.Object)'> (0x000000008d690500) 
thrown [s\open\src\hotspot\share\interpreter\linkResolver.cpp, line 773]
Event: 8.076 Thread 0x000001b95d8f4140 Implicit null exception at 0x000001b9100fe2f7 to 0x000001b9100fe568
Event: 8.089 Thread 0x000001b95d8f4140 Implicit null exception at 0x000001b910199371 to 0x000001b9101996a4
Event: 8.089 Thread 0x000001b95d8f4140 Implicit null exception at 0x000001b91019893a to 0x000001b910198974
Event: 8.125 Thread 0x000001b95d8f4140 Exception <a 'java/lang/IncompatibleClassChangeError'{0x000000008d297d78}: Found class java.lang.Object, but interface was expected> (0x000000008d297d78) 
thrown [s\open\src\hotspot\share\interpreter\linkResolver.cpp, line 840]
Event: 8.135 Thread 0x000001b95d8f4140 Exception <a 'java/lang/IncompatibleClassChangeError'{0x000000008d10cc40}: Found class java.lang.Object, but interface was expected> (0x000000008d10cc40) 
thrown [s\open\src\hotspot\share\interpreter\linkResolver.cpp, line 840]
Event: 8.172 Thread 0x000001b95d8f4140 Exception <a 'java/lang/IncompatibleClassChangeError'{0x000000008d08c4e8}: Found class java.lang.Object, but interface was expected> (0x000000008d08c4e8) 
thrown [s\open\src\hotspot\share\interpreter\linkResolver.cpp, line 840]

ZGC Phase Switch (0 events):
No events

VM Operations (20 events):
Event: 6.575 Executing VM operation: G1CollectForAllocation (G1 Evacuation Pause)
Event: 6.578 Executing VM operation: G1CollectForAllocation (G1 Evacuation Pause) done
Event: 7.177 Executing VM operation: G1CollectForAllocation (G1 Evacuation Pause)
Event: 7.181 Executing VM operation: G1CollectForAllocation (G1 Evacuation Pause) done
Event: 7.215 Executing VM operation: HandshakeAllThreads (Deoptimize)
Event: 7.216 Executing VM operation: HandshakeAllThreads (Deoptimize) done
Event: 7.219 Executing VM operation: HandshakeAllThreads (Deoptimize)
Event: 7.219 Executing VM operation: HandshakeAllThreads (Deoptimize) done
Event: 7.364 Executing VM operation: HandshakeAllThreads (Deoptimize)
Event: 7.364 Executing VM operation: HandshakeAllThreads (Deoptimize) done
Event: 7.454 Executing VM operation: ICBufferFull
Event: 7.455 Executing VM operation: ICBufferFull done
Event: 7.523 Executing VM operation: ICBufferFull
Event: 7.523 Executing VM operation: ICBufferFull done
Event: 7.657 Executing VM operation: G1CollectForAllocation (G1 Evacuation Pause)
Event: 7.660 Executing VM operation: G1CollectForAllocation (G1 Evacuation Pause) done
Event: 7.854 Executing VM operation: HandshakeAllThreads (Deoptimize)
Event: 7.854 Executing VM operation: HandshakeAllThreads (Deoptimize) done
Event: 8.132 Executing VM operation: ICBufferFull
Event: 8.132 Executing VM operation: ICBufferFull done

Events (20 events):
Event: 5.629 Thread 0x000001b91753c810 flushing nmethod 0x000001b90fe7ab10
Event: 5.629 Thread 0x000001b91753c810 flushing nmethod 0x000001b90fe8e790
Event: 5.629 Thread 0x000001b91753c810 flushing nmethod 0x000001b90fe8a690
Event: 5.629 Thread 0x000001b91753c810 flushing nmethod 0x000001b90fe89410
Event: 5.629 Thread 0x000001b91753c810 flushing nmethod 0x000001b90fe75f90
Event: 5.629 Thread 0x000001b91753c810 flushing nmethod 0x000001b90fe74b90
Event: 5.629 Thread 0x000001b91753c810 flushing nmethod 0x000001b90fe7d310
Event: 5.629 Thread 0x000001b91753c810 flushing nmethod 0x000001b90fe87c10
Event: 5.629 Thread 0x000001b91753c810 flushing nmethod 0x000001b90fe78090
Event: 5.629 Thread 0x000001b91753c810 flushing nmethod 0x000001b90fe83d10
Event: 5.629 Thread 0x000001b91753c810 flushing nmethod 0x000001b90fe6cf10
Event: 5.629 Thread 0x000001b91753c810 flushing nmethod 0x000001b90fe71f90
Event: 5.629 Thread 0x000001b91753c810 flushing nmethod 0x000001b90fe61f90
Event: 5.629 Thread 0x000001b91753c810 flushing nmethod 0x000001b90fe61490
Event: 6.085 Thread 0x000001b95eba0380 Thread added: 0x000001b95eba0380
Event: 6.101 Thread 0x000001b962173ba0 Thread added: 0x000001b962173ba0
Event: 6.214 Thread 0x000001b96216f370 Thread added: 0x000001b96216f370
Event: 7.138 Thread 0x000001b95e64e010 Thread exited: 0x000001b95e64e010
Event: 7.926 Thread 0x000001b95d36c870 Thread exited: 0x000001b95d36c870
Event: 8.088 Thread 0x000001b95f14b120 Thread added: 0x000001b95f14b120


Dynamic libraries:
0x00007ff6ff1a0000 - 0x00007ff6ff1ae000 	C:\Users\HP 14S-FQ1001NU\.jdks\openjdk-21.0.2\bin\java.exe
0x00007ffd3d0f0000 - 0x00007ffd3d307000 	C:\WINDOWS\SYSTEM32\ntdll.dll
0x00007ffd3b7a0000 - 0x00007ffd3b864000 	C:\WINDOWS\System32\KERNEL32.DLL
0x00007ffd3aa80000 - 0x00007ffd3ae2c000 	C:\WINDOWS\System32\KERNELBASE.dll
0x00007ffd3a960000 - 0x00007ffd3aa71000 	C:\WINDOWS\System32\ucrtbase.dll
0x00007ffd21690000 - 0x00007ffd216a8000 	C:\Users\HP 14S-FQ1001NU\.jdks\openjdk-21.0.2\bin\jli.dll
0x00007ffd1e290000 - 0x00007ffd1e2ab000 	C:\Users\HP 14S-FQ1001NU\.jdks\openjdk-21.0.2\bin\VCRUNTIME140.dll
0x00007ffd3ccd0000 - 0x00007ffd3ce7e000 	C:\WINDOWS\System32\USER32.dll
0x00007ffd3a530000 - 0x00007ffd3a556000 	C:\WINDOWS\System32\win32u.dll
0x00007ffd1fce0000 - 0x00007ffd1ff73000 	C:\WINDOWS\WinSxS\amd64_microsoft.windows.common-controls_6595b64144ccf1df_6.0.22621.3672_none_2713b9d173822955\COMCTL32.dll
0x00007ffd3d080000 - 0x00007ffd3d0a9000 	C:\WINDOWS\System32\GDI32.dll
0x00007ffd3bab0000 - 0x00007ffd3bb57000 	C:\WINDOWS\System32\msvcrt.dll
0x00007ffd3a790000 - 0x00007ffd3a8a9000 	C:\WINDOWS\System32\gdi32full.dll
0x00007ffd3a490000 - 0x00007ffd3a52a000 	C:\WINDOWS\System32\msvcp_win.dll
0x00007ffd3c5f0000 - 0x00007ffd3c621000 	C:\WINDOWS\System32\IMM32.DLL
0x00007ffd36890000 - 0x00007ffd3689c000 	C:\Users\HP 14S-FQ1001NU\.jdks\openjdk-21.0.2\bin\vcruntime140_1.dll
0x00007ffd032f0000 - 0x00007ffd0337e000 	C:\Users\HP 14S-FQ1001NU\.jdks\openjdk-21.0.2\bin\msvcp140.dll
0x00007ffcfefa0000 - 0x00007ffcffcb7000 	C:\Users\HP 14S-FQ1001NU\.jdks\openjdk-21.0.2\bin\server\jvm.dll
0x00007ffd3c940000 - 0x00007ffd3c9f2000 	C:\WINDOWS\System32\ADVAPI32.dll
0x00007ffd3bbe0000 - 0x00007ffd3bc8a000 	C:\WINDOWS\System32\sechost.dll
0x00007ffd3a8b0000 - 0x00007ffd3a8d8000 	C:\WINDOWS\System32\bcrypt.dll
0x00007ffd3ce80000 - 0x00007ffd3cf95000 	C:\WINDOWS\System32\RPCRT4.dll
0x00007ffd3bb60000 - 0x00007ffd3bbd1000 	C:\WINDOWS\System32\WS2_32.dll
0x00007ffd39ce0000 - 0x00007ffd39d2d000 	C:\WINDOWS\SYSTEM32\POWRPROF.dll
0x00007ffd31b80000 - 0x00007ffd31bb4000 	C:\WINDOWS\SYSTEM32\WINMM.dll
0x00007ffd31d50000 - 0x00007ffd31d5a000 	C:\WINDOWS\SYSTEM32\VERSION.dll
0x00007ffd39cc0000 - 0x00007ffd39cd3000 	C:\WINDOWS\SYSTEM32\UMPDC.dll
0x00007ffd39430000 - 0x00007ffd39448000 	C:\WINDOWS\SYSTEM32\kernel.appcore.dll
0x00007ffd33b10000 - 0x00007ffd33b1a000 	C:\Users\HP 14S-FQ1001NU\.jdks\openjdk-21.0.2\bin\jimage.dll
0x00007ffd37d80000 - 0x00007ffd37fb2000 	C:\WINDOWS\SYSTEM32\DBGHELP.DLL
0x00007ffd3b410000 - 0x00007ffd3b798000 	C:\WINDOWS\System32\combase.dll
0x00007ffd3cbf0000 - 0x00007ffd3ccc7000 	C:\WINDOWS\System32\OLEAUT32.dll
0x00007ffd1f100000 - 0x00007ffd1f132000 	C:\WINDOWS\SYSTEM32\dbgcore.DLL
0x00007ffd3a8e0000 - 0x00007ffd3a95b000 	C:\WINDOWS\System32\bcryptPrimitives.dll
0x00007ffd23840000 - 0x00007ffd2384f000 	C:\Users\HP 14S-FQ1001NU\.jdks\openjdk-21.0.2\bin\instrument.dll
0x00007ffd1e270000 - 0x00007ffd1e28f000 	C:\Users\HP 14S-FQ1001NU\.jdks\openjdk-21.0.2\bin\java.dll
0x00007ffd3bc90000 - 0x00007ffd3c4ec000 	C:\WINDOWS\System32\SHELL32.dll
0x00007ffd38320000 - 0x00007ffd38c17000 	C:\WINDOWS\SYSTEM32\windows.storage.dll
0x00007ffd381e0000 - 0x00007ffd3831f000 	C:\WINDOWS\SYSTEM32\wintypes.dll
0x00007ffd3c4f0000 - 0x00007ffd3c5e4000 	C:\WINDOWS\System32\SHCORE.dll
0x00007ffd3b880000 - 0x00007ffd3b8de000 	C:\WINDOWS\System32\shlwapi.dll
0x00007ffd3a350000 - 0x00007ffd3a371000 	C:\WINDOWS\SYSTEM32\profapi.dll
0x00007ffcfff10000 - 0x00007ffcfffe7000 	C:\Users\HP 14S-FQ1001NU\.jdks\openjdk-21.0.2\bin\jsvml.dll
0x00007ffd10620000 - 0x00007ffd10638000 	C:\Users\HP 14S-FQ1001NU\.jdks\openjdk-21.0.2\bin\zip.dll
0x00007ffd33af0000 - 0x00007ffd33b00000 	C:\Users\HP 14S-FQ1001NU\.jdks\openjdk-21.0.2\bin\net.dll
0x00007ffd33800000 - 0x00007ffd33936000 	C:\WINDOWS\SYSTEM32\WINHTTP.dll
0x00007ffd398c0000 - 0x00007ffd39929000 	C:\WINDOWS\system32\mswsock.dll
0x00007ffd1d8a0000 - 0x00007ffd1d8b6000 	C:\Users\HP 14S-FQ1001NU\.jdks\openjdk-21.0.2\bin\nio.dll
0x00007ffd0ff20000 - 0x00007ffd0ff3a000 	C:\Program Files\JetBrains\IntelliJ IDEA Community Edition 2023.3.4\bin\breakgen64.dll
0x00007ffd1d890000 - 0x00007ffd1d899000 	C:\Users\HP 14S-FQ1001NU\.jdks\openjdk-21.0.2\bin\extnet.dll
0x00007ffd1e260000 - 0x00007ffd1e26a000 	C:\Users\HP 14S-FQ1001NU\.jdks\openjdk-21.0.2\bin\management.dll
0x00007ffd1d9d0000 - 0x00007ffd1d9db000 	C:\Users\HP 14S-FQ1001NU\.jdks\openjdk-21.0.2\bin\management_ext.dll
0x00007ffd3b870000 - 0x00007ffd3b878000 	C:\WINDOWS\System32\PSAPI.DLL
0x00007ffd10610000 - 0x00007ffd1061e000 	C:\Users\HP 14S-FQ1001NU\.jdks\openjdk-21.0.2\bin\sunmscapi.dll
0x00007ffd3a620000 - 0x00007ffd3a787000 	C:\WINDOWS\System32\CRYPT32.dll
0x00007ffd39dd0000 - 0x00007ffd39dfe000 	C:\WINDOWS\SYSTEM32\ncrypt.dll
0x00007ffd39d90000 - 0x00007ffd39dc7000 	C:\WINDOWS\SYSTEM32\NTASN1.dll
0x00007ffd39b90000 - 0x00007ffd39bab000 	C:\WINDOWS\SYSTEM32\CRYPTSP.dll
0x00007ffd39390000 - 0x00007ffd393c5000 	C:\WINDOWS\system32\rsaenh.dll
0x00007ffd39a30000 - 0x00007ffd39a58000 	C:\WINDOWS\SYSTEM32\USERENV.dll
0x00007ffd39bb0000 - 0x00007ffd39bbc000 	C:\WINDOWS\SYSTEM32\CRYPTBASE.dll
0x00007ffd38e80000 - 0x00007ffd38ead000 	C:\WINDOWS\SYSTEM32\IPHLPAPI.DLL
0x00007ffd3c650000 - 0x00007ffd3c659000 	C:\WINDOWS\System32\NSI.dll
0x00007ffd104a0000 - 0x00007ffd104b0000 	C:\Users\HP 14S-FQ1001NU\.jdks\openjdk-21.0.2\bin\verify.dll
0x00007ffd38eb0000 - 0x00007ffd38fa8000 	C:\WINDOWS\SYSTEM32\DNSAPI.dll
0x00007ffd31bc0000 - 0x00007ffd31bca000 	C:\Windows\System32\rasadhlp.dll
0x00007ffd2f8f0000 - 0x00007ffd2f973000 	C:\WINDOWS\System32\fwpuclnt.dll

dbghelp: loaded successfully - version: 4.0.5 - missing functions: none
symbol engine: initialized successfully - sym options: 0x614 - pdb path: .;C:\Users\HP 14S-FQ1001NU\.jdks\openjdk-21.0.2\bin;C:\WINDOWS\SYSTEM32;C:\WINDOWS\WinSxS\amd64_microsoft.windows.common-controls_6595b64144ccf1df_6.0.22621.3672_none_2713b9d173822955;C:\Users\HP 14S-FQ1001NU\.jdks\openjdk-21.0.2\bin\server;C:\Program Files\JetBrains\IntelliJ IDEA Community Edition 2023.3.4\bin

VM Arguments:
jvm_args: -javaagent:C:\Program Files\JetBrains\IntelliJ IDEA Community Edition 2023.3.4\lib\idea_rt.jar=52596:C:\Program Files\JetBrains\IntelliJ IDEA Community Edition 2023.3.4\bin -Dfile.encoding=UTF-8 -Dsun.stdout.encoding=UTF-8 -Dsun.stderr.encoding=UTF-8 
java_command: bg.fmi.javaweb.sportstournamentorganizer.SportsTournamentOrganizerApplication
java_class_path (initial): C:\Users\HP 14S-FQ1001NU\IdeaProjects\local_java_repo\target\test-classes;C:\Users\HP 14S-FQ1001NU\IdeaProjects\local_java_repo\target\classes;C:\Users\HP 14S-FQ1001NU\.m2\repository\org\springframework\boot\spring-boot-starter-web\3.3.0\spring-boot-starter-web-3.3.0.jar;C:\Users\HP 14S-FQ1001NU\.m2\repository\org\springframework\boot\spring-boot-starter\3.3.0\spring-boot-starter-3.3.0.jar;C:\Users\HP 14S-FQ1001NU\.m2\repository\org\springframework\boot\spring-boot-starter-logging\3.3.0\spring-boot-starter-logging-3.3.0.jar;C:\Users\HP 14S-FQ1001NU\.m2\repository\ch\qos\logback\logback-classic\1.5.6\logback-classic-1.5.6.jar;C:\Users\HP 14S-FQ1001NU\.m2\repository\ch\qos\logback\logback-core\1.5.6\logback-core-1.5.6.jar;C:\Users\HP 14S-FQ1001NU\.m2\repository\org\apache\logging\log4j\log4j-to-slf4j\2.23.1\log4j-to-slf4j-2.23.1.jar;C:\Users\HP 14S-FQ1001NU\.m2\repository\org\apache\logging\log4j\log4j-api\2.23.1\log4j-api-2.23.1.jar;C:\Users\HP 14S-FQ1001NU\.m2\repository\org\slf4j\jul-to-slf4j\2.0.13\jul-to-slf4j-2.0.13.jar;C:\Users\HP 14S-FQ1001NU\.m2\repository\jakarta\annotation\jakarta.annotation-api\2.1.1\jakarta.annotation-api-2.1.1.jar;C:\Users\HP 14S-FQ1001NU\.m2\repository\org\yaml\snakeyaml\2.2\snakeyaml-2.2.jar;C:\Users\HP 14S-FQ1001NU\.m2\repository\org\springframework\boot\spring-boot-starter-json\3.3.0\spring-boot-starter-json-3.3.0.jar;C:\Users\HP 14S-FQ1001NU\.m2\repository\com\fasterxml\jackson\core\jackson-databind\2.17.1\jackson-databind-2.17.1.jar;C:\Users\HP 14S-FQ1001NU\.m2\repository\com\fasterxml\jackson\core\jackson-annotations\2.17.1\jackson-annotations-2.17.1.jar;C:\Users\HP 14S-FQ1001NU\.m2\repository\com\fasterxml\jackson\core\jackson-core\2.17.1\jackson-core-2.17.1.jar;C:\Users\HP 14S-FQ1001NU\.m2\repository\com\fasterxml\jackson\datatype\jackson-datatype-jdk8\2.17.1\jackson-datatype-jdk8-2.17.1.jar;C:\Users\HP 14S-FQ1001NU\.m2\repository\com\fasterxml\jackson\datatype\jackson-datatype-jsr310\2.17.1\jackson-datatype-jsr310-2.17.1.jar;C:\Users\HP 14S-FQ1001NU\.m2\repository\com\fasterxml\jackson\module\jackson-module-parameter-names\2.17.1\jackson-module-parameter-names-2.17.1.jar;C:\Users\HP 14S-FQ1001NU\.m2\repository\org\springframework\boot\spring-boot-starter-tomcat\3.3.0\spring-boot-starter-tomcat-3.3.0.jar;C:\Users\HP 14S-FQ1001NU\.m2\repository\org\apache\tomcat\embed\tomcat-embed-core\10.1.24\tomcat-embed-core-10.1.24.jar;C:\Users\HP 14S-FQ1001NU\.m2\repository\org\apache\tomcat\embed\tomcat-embed-el\10.1.24\tomcat-embed-el-10.1.24.jar;C:\Users\HP 14S-FQ1001NU\.m2\repository\org\apache\tomcat\embed\tomcat-embed-websocket\10.1.24\tomcat-embed-websocket-10.1.24.jar;C:\Users\HP 14S-FQ1001NU\.m2\repository\org\springframework\spring-web\6.1.8\spring-web-6.1.8.jar;C:\Users\HP 14S-FQ1001NU\.m2\repository\org\springframework\spring-beans\6.1.8\spring-beans-6.1.8.jar;C:\Users\HP 14S-FQ1001NU\.m2\repository\io\micrometer\micrometer-observation\1.13.0\micrometer-observation-1.13.0.jar;C:\Users\HP 14S-FQ1001NU\.m2\repository\io\micrometer\micrometer-commons\1.13.0\micrometer-commons-1.13.0.jar;C:\Users\HP 14S-FQ1001NU\.m2\repository\org\springframework\spring-webmvc\6.1.8\spring-webmvc-6.1.8.jar;C:\Users\HP 14S-FQ1001NU\.m2\repository\org\springframework\spring-aop\6.1.8\spring-aop-6.1.8.jar;C:\Users\HP 14S-FQ1001NU\.m2\repository\org\springframework\spring-context\6.1.8\spring-context-6.1.8.jar;C:\Users\HP 14S-FQ1001NU\.m2\repository\org\springframework\spring-expression\6.1.8\spring-expression-6.1.8.jar;C:\Users\HP 14S-FQ1001NU\.m2\repository\org\springframework\boot\spring-boot-devtools\3.3.0\spring-boot-devtools-3.3.0.jar;C:\Users\HP 14S-FQ1001NU\.m2\repository\org\springframework\boot\spring-boot\3.3.0\spring-boot-3.3.0.jar;C:\Users\HP 14S-FQ1001NU\.m2\repository\org\springframework\boot\spring-boot-autoconfigure\3.3.0\spring-boot-autoconfigure-3.3.0.jar;C:\Users\HP 14S-FQ1001NU\.m2\repository\org\springframework\boot\spring-boot-starter-test\3.3.0\spring-boot-starter-test-3.3.0.jar;C:\Users\HP 14S-FQ1001NU\.m2\repository\org\springframework\boot\spring-boot-test\3.3.0\spring-boot-test-3.3.0.jar;C:\Users\HP 14S-FQ1001NU\.m2\repository\org\springframework\boot\spring-boot-test-autoconfigure\3.3.0\spring-boot-test-autoconfigure-3.3.0.jar;C:\Users\HP 14S-FQ1001NU\.m2\repository\com\jayway\jsonpath\json-path\2.9.0\json-path-2.9.0.jar;C:\Users\HP 14S-FQ1001NU\.m2\repository\org\slf4j\slf4j-api\2.0.13\slf4j-api-2.0.13.jar;C:\Users\HP 14S-FQ1001NU\.m2\repository\jakarta\xml\bind\jakarta.xml.bind-api\4.0.2\jakarta.xml.bind-api-4.0.2.jar;C:\Users\HP 14S-FQ1001NU\.m2\repository\jakarta\activation\jakarta.activation-api\2.1.3\jakarta.activation-api-2.1.3.jar;C:\Users\HP 14S-FQ1001NU\.m2\repository\net\minidev\json-smart\2.5.1\json-smart-2.5.1.jar;C:\Users\HP 14S-FQ1001NU\.m2\repository\net\minidev\accessors-smart\2.5.1\accessors-smart-2.5.1.jar;C:\Users\HP 14S-FQ1001NU\.m2\repository\org\ow2\asm\asm\9.6\asm-9.6.jar;C:\Users\HP 14S-FQ1001NU\.m2\repository\org\assertj\assertj-core\3.25.3\assertj-core-3.25.3.jar;C:\Users\HP 14S-FQ1001NU\.m2\repository\net\bytebuddy\byte-buddy\1.14.16\byte-buddy-1.14.16.jar;C:\Users\HP 14S-FQ1001NU\.m2\repository\org\awaitility\awaitility\4.2.1\awaitility-4.2.1.jar;C:\Users\HP 14S-FQ1001NU\.m2\repository\org\hamcrest\hamcrest\2.2\hamcrest-2.2.jar;C:\Users\HP 14S-FQ1001NU\.m2\repository\org\junit\jupiter\junit-jupiter\5.10.2\junit-jupiter-5.10.2.jar;C:\Users\HP 14S-FQ1001NU\.m2\repository\org\junit\jupiter\junit-jupiter-api\5.10.2\junit-jupiter-api-5.10.2.jar;C:\Users\HP 14S-FQ1001NU\.m2\repository\org\opentest4j\opentest4j\1.3.0\opentest4j-1.3.0.jar;C:\Users\HP 14S-FQ1001NU\.m2\repository\org\junit\platform\junit-platform-commons\1.10.2\junit-platform-commons-1.10.2.jar;C:\Users\HP 14S-FQ1001NU\.m2\repository\org\apiguardian\apiguardian-api\1.1.2\apiguardian-api-1.1.2.jar;C:\Users\HP 14S-FQ1001NU\.m2\repository\org\junit\jupiter\junit-jupiter-params\5.10.2\junit-jupiter-params-5.10.2.jar;C:\Users\HP 14S-FQ1001NU\.m2\repository\org\junit\jupiter\junit-jupiter-engine\5.10.2\junit-jupiter-engine-5.10.2.jar;C:\Users\HP 14S-FQ1001NU\.m2\repository\org\junit\platform\junit-platform-engine\1.10.2\junit-platform-engine-1.10.2.jar;C:\Users\HP 14S-FQ1001NU\.m2\repository\org\mockito\mockito-core\5.11.0\mockito-core-5.11.0.jar;C:\Users\HP 14S-FQ1001NU\.m2\repository\net\bytebuddy\byte-buddy-agent\1.14.16\byte-buddy-agent-1.14.16.jar;C:\Users\HP 14S-FQ1001NU\.m2\repository\org\objenesis\objenesis\3.3\objenesis-3.3.jar;C:\Users\HP 14S-FQ1001NU\.m2\repository\org\mockito\mockito-junit-jupiter\5.11.0\mockito-junit-jupiter-5.11.0.jar;C:\Users\HP 14S-FQ1001NU\.m2\repository\org\skyscreamer\jsonassert\1.5.1\jsonassert-1.5.1.jar;C:\Users\HP 14S-FQ1001NU\.m2\repository\com\vaadin\external\google\android-json\0.0.20131108.vaadin1\android-json-0.0.20131108.vaadin1.jar;C:\Users\HP 14S-FQ1001NU\.m2\repository\org\springframework\spring-core\6.1.8\spring-core-6.1.8.jar;C:\Users\HP 14S-FQ1001NU\.m2\repository\org\springframework\spring-jcl\6.1.8\spring-jcl-6.1.8.jar;C:\Users\HP 14S-FQ1001NU\.m2\repository\org\springframework\spring-test\6.1.8\spring-test-6.1.8.jar;C:\Users\HP 14S-FQ1001NU\.m2\repository\org\xmlunit\xmlunit-core\2.9.1\xmlunit-core-2.9.1.jar;C:\Users\HP 14S-FQ1001NU\.m2\repository\org\projectlombok\lombok\1.18.30\lombok-1.18.30.jar;C:\Users\HP 14S-FQ1001NU\.m2\repository\org\mapstruct\mapstruct\1.6.0.Beta1\mapstruct-1.6.0.Beta1.jar;C:\Users\HP 14S-FQ1001NU\.m2\repository\org\mapstruct\mapstruct-processor\1.6.0.Beta1\mapstruct-processor-1.6.0.Beta1.jar;C:\Users\HP 14S-FQ1001NU\.m2\repository\org\postgresql\postgresql\42.7.3\postgresql-42.7.3.jar;C:\Users\HP 14S-FQ1001NU\.m2\repository\org\checkerframework\checker-qual\3.42.0\checker-qual-3.42.0.jar;C:\Users\HP 14S-FQ1001NU\.m2\repository\org\springframework\boot\spring-boot-starter-data-jpa\3.3.0\spring-boot-starter-data-jpa-3.3.0.jar;C:\Users\HP 14S-FQ1001NU\.m2\repository\org\springframework\boot\spring-boot-starter-aop\3.3.0\spring-boot-starter-aop-3.3.0.jar;C:\Users\HP 14S-FQ1001NU\.m2\repository\org\aspectj\aspectjweaver\1.9.22\aspectjweaver-1.9.22.jar;C:\Users\HP 14S-FQ1001NU\.m2\repository\org\springframework\boot\spring-boot-starter-jdbc\3.3.0\spring-boot-starter-jdbc-3.3.0.jar;C:\Users\HP 14S-FQ1001NU\.m2\repository\com\zaxxer\HikariCP\5.1.0\HikariCP-5.1.0.jar;C:\Users\HP 14S-FQ1001NU\.m2\repository\org\springframework\spring-jdbc\6.1.8\spring-jdbc-6.1.8.jar;C:\Users\HP 14S-FQ1001NU\.m2\repository\org\hibernate\orm\hibernate-core\6.5.2.Final\hibernate-core-6.5.2.Final.jar;C:\Users\HP 14S-FQ1001NU\.m2\repository\jakarta\persistence\jakarta.persistence-api\3.1.0\jakarta.persistence-api-3.1.0.jar;C:\Users\HP 14S-FQ1001NU\.m2\repository\jakarta\transaction\jakarta.transaction-api\2.0.1\jakarta.transaction-api-2.0.1.jar;C:\Users\HP 14S-FQ1001NU\.m2\repository\org\jboss\logging\jboss-logging\3.5.3.Final\jboss-logging-3.5.3.Final.jar;C:\Users\HP 14S-FQ1001NU\.m2\repository\org\hibernate\common\hibernate-commons-annotations\6.0.6.Final\hibernate-commons-annotations-6.0.6.Final.jar;C:\Users\HP 14S-FQ1001NU\.m2\repository\io\smallrye\jandex\3.1.2\jandex-3.1.2.jar;C:\Users\HP 14S-FQ1001NU\.m2\repository\com\fasterxml\classmate\1.7.0\classmate-1.7.0.jar;C:\Users\HP 14S-FQ1001NU\.m2\repository\org\glassfish\jaxb\jaxb-runtime\4.0.5\jaxb-runtime-4.0.5.jar;C:\Users\HP 14S-FQ1001NU\.m2\repository\org\glassfish\jaxb\jaxb-core\4.0.5\jaxb-core-4.0.5.jar;C:\Users\HP 14S-FQ1001NU\.m2\repository\org\eclipse\angus\angus-activation\2.0.2\angus-activation-2.0.2.jar;C:\Users\HP 14S-FQ1001NU\.m2\repository\org\glassfish\jaxb\txw2\4.0.5\txw2-4.0.5.jar;C:\Users\HP 14S-FQ1001NU\.m2\repository\com\sun\istack\istack-commons-runtime\4.1.2\istack-commons-runtime-4.1.2.jar;C:\Users\HP 14S-FQ1001NU\.m2\repository\jakarta\inject\jakarta.inject-api\2.0.1\jakarta.inject-api-2.0.1.jar;C:\Users\HP 14S-FQ1001NU\.m2\repository\org\antlr\antlr4-runtime\4.13.0\antlr4-runtime-4.13.0.jar;C:\Users\HP 14S-FQ1001NU\.m2\repository\org\springframework\data\spring-data-jpa\3.3.0\spring-data-jpa-3.3.0.jar;C:\Users\HP 14S-FQ1001NU\.m2\repository\org\springframework\data\spring-data-commons\3.3.0\spring-data-commons-3.3.0.jar;C:\Users\HP 14S-FQ1001NU\.m2\repository\org\springframework\spring-orm\6.1.8\spring-orm-6.1.8.jar;C:\Users\HP 14S-FQ1001NU\.m2\repository\org\springframework\spring-tx\6.1.8\spring-tx-6.1.8.jar;C:\Users\HP 14S-FQ1001NU\.m2\repository\org\springframework\spring-aspects\6.1.8\spring-aspects-6.1.8.jar
Launcher Type: SUN_STANDARD

[Global flags]
     intx CICompilerCount                          = 4                                         {product} {ergonomic}
     uint ConcGCThreads                            = 2                                         {product} {ergonomic}
     uint G1ConcRefinementThreads                  = 8                                         {product} {ergonomic}
   size_t G1HeapRegionSize                         = 1048576                                   {product} {ergonomic}
    uintx GCDrainStackTargetSize                   = 64                                        {product} {ergonomic}
   size_t InitialHeapSize                          = 123731968                                 {product} {ergonomic}
   size_t MarkStackSize                            = 4194304                                   {product} {ergonomic}
   size_t MaxHeapSize                              = 1967128576                                {product} {ergonomic}
   size_t MaxNewSize                               = 1179648000                                {product} {ergonomic}
   size_t MinHeapDeltaBytes                        = 1048576                                   {product} {ergonomic}
   size_t MinHeapSize                              = 8388608                                   {product} {ergonomic}
    uintx NonNMethodCodeHeapSize                   = 5839372                                {pd product} {ergonomic}
    uintx NonProfiledCodeHeapSize                  = 122909434                              {pd product} {ergonomic}
    uintx ProfiledCodeHeapSize                     = 122909434                              {pd product} {ergonomic}
    uintx ReservedCodeCacheSize                    = 251658240                              {pd product} {ergonomic}
     bool SegmentedCodeCache                       = true                                      {product} {ergonomic}
   size_t SoftMaxHeapSize                          = 1967128576                             {manageable} {ergonomic}
     bool UseCompressedOops                        = true                           {product lp64_product} {ergonomic}
     bool UseG1GC                                  = true                                      {product} {ergonomic}
     bool UseLargePagesIndividualAllocation        = false                                  {pd product} {ergonomic}

Logging:
Log output configuration:
 #0: stdout all=warning uptime,level,tags foldmultilines=false
 #1: stderr all=off uptime,level,tags foldmultilines=false

Environment Variables:
PATH=C:\Program Files (x86)\Cuminas\Document Express DjVu Plug-in\;C:\WINDOWS\system32;C:\WINDOWS;C:\WINDOWS\System32\Wbem;C:\WINDOWS\System32\WindowsPowerShell\v1.0\;C:\WINDOWS\System32\OpenSSH\;C:\Program Files\Git\cmd;C:\Program Files\Microsoft SQL Server\150\Tools\Binn\;C:\mysys64\mingw64\bin;C:\Program Files\PuTTY\;C:\Program Files (x86)\Microsoft SQL Server\160\Tools\Binn\;C:\Program Files\Microsoft SQL Server\160\Tools\Binn\;C:\Program Files\Microsoft SQL Server\Client SDK\ODBC\170\Tools\Binn\;C:\Program Files\Microsoft SQL Server\160\DTS\Binn\;C:\Program Files (x86)\Microsoft SQL Server\160\DTS\Binn\;C:\Program Files\Azure Data Studio\bin;C:\MinGW\bin;C:\Program Files\dotnet\;C:\Program Files\nodejs\;C:\Users\HP 14S-FQ1001NU\AppData\Local\Programs\Python\Launcher\;C:\Users\HP 14S-FQ1001NU\AppData\Local\Microsoft\WindowsApps;C:\Users\HP 14S-FQ1001NU\AppData\Local\GitHubDesktop\bin;C:\Users\HP 14S-FQ1001NU\AppData\Local\Programs\Microsoft VS Code\bin;C:\Program Files\JetBrains\IntelliJ IDEA 2022.2.3\bin;;C:\Program Files\Azure Data Studio\bin;C:\Program Files\JetBrains\CLion 2023.1.3\bin;;C:\ghcup\bin;C:\Users\HP 14S-FQ1001NU\.dotnet\tools;C:\Users\HP 14S-FQ1001NU\AppData\Roaming\npm;C:\Users\HP 14S-FQ1001NU\AppData\Roaming\Microsoft\Windows\Start Menu\Programs\MSYS2 64bit\MSYS2 MSYS.lnk;C:\php;C:\Program Files\MongoDB\mongosh-2.2.6-win32-x64\bin;
USERNAME=HP 14S-FQ1001NU
OS=Windows_NT
PROCESSOR_IDENTIFIER=AMD64 Family 23 Model 104 Stepping 1, AuthenticAMD
TMP=C:\Users\HP14S-~1\AppData\Local\Temp
TEMP=C:\Users\HP14S-~1\AppData\Local\Temp




Periodic native trim disabled

---------------  S Y S T E M  ---------------

OS:
 Windows 11 , 64 bit Build 22621 (10.0.22621.3672)
OS uptime: 0 days 20:35 hours
Hyper-V role detected

CPU: total 8 (initial active 8) (8 cores per cpu, 2 threads per core) family 23 model 104 stepping 1 microcode 0x0, cx8, cmov, fxsr, ht, mmx, 3dnowpref, sse, sse2, sse3, ssse3, sse4a, sse4.1, sse4.2, popcnt, lzcnt, tsc, tscinvbit, avx, avx2, aes, clmul, bmi1, bmi2, adx, sha, fma, vzeroupper, clflush, clflushopt, hv, rdtscp, rdpid, f16c
Processor Information for all 8 processors :
  Max Mhz: 2600, Current Mhz: 2600, Mhz Limit: 2600

Memory: 4k page, system-wide physical 7502M (487M free)
TotalPageFile size 10502M (AvailPageFile size 4M)
current process WorkingSet (physical memory assigned to process): 254M, peak: 254M
current process commit charge ("private bytes"): 294M, peak: 295M

vm_info: OpenJDK 64-Bit Server VM (21.0.2+13-58) for windows-amd64 JRE (21.0.2+13-58), built on 2024-01-05T18:32:24Z by "mach5one" with MS VC++ 17.1 (VS2022)

END.
