#
# There is insufficient memory for the Java Runtime Environment to continue.
# Native memory allocation (malloc) failed to allocate 2075408 bytes for Chunk::new
# Possible reasons:
#   The system is out of physical RAM or swap space
#   The process is running with CompressedOops enabled, and the Java Heap may be blocking the growth of the native heap
# Possible solutions:
#   Reduce memory load on the system
#   Increase physical memory or swap space
#   Check if swap backing store is full
#   Decrease Java heap size (-Xmx/-Xms)
#   Decrease number of Java threads
#   Decrease Java thread stack sizes (-Xss)
#   Set larger code cache with -XX:ReservedCodeCacheSize=
#   JVM is running with Unscaled Compressed Oops mode in which the Java heap is
#     placed in the first 4GB address space. The Java Heap base address is the
#     maximum limit for the native heap growth. Please use -XX:HeapBaseMinAddress
#     to set the Java Heap base and to place the Java Heap above 4GB virtual address.
# This output file may be truncated or incomplete.
#
#  Out of Memory Error (arena.cpp:168), pid=7492, tid=12960
#
# JRE version: OpenJDK Runtime Environment (21.0.2+13) (build 21.0.2+13-58)
# Java VM: OpenJDK 64-Bit Server VM (21.0.2+13-58, mixed mode, sharing, tiered, compressed oops, compressed class ptrs, g1 gc, windows-amd64)
# No core dump will be written. Minidumps are not enabled by default on client versions of Windows
#

---------------  S U M M A R Y ------------

Command Line: -Dmaven.multiModuleProjectDirectory=C:\Users\HP 14S-FQ1001NU\IdeaProjects\local_java_repo -Djansi.passthrough=true -Dmaven.home=C:\Program Files\JetBrains\IntelliJ IDEA Community Edition 2023.3.4\plugins\maven\lib\maven3 -Dclassworlds.conf=C:\Program Files\JetBrains\IntelliJ IDEA Community Edition 2023.3.4\plugins\maven\lib\maven3\bin\m2.conf -Dmaven.ext.class.path=C:\Program Files\JetBrains\IntelliJ IDEA Community Edition 2023.3.4\plugins\maven\lib\maven-event-listener.jar -javaagent:C:\Program Files\JetBrains\IntelliJ IDEA Community Edition 2023.3.4\lib\idea_rt.jar=52118:C:\Program Files\JetBrains\IntelliJ IDEA Community Edition 2023.3.4\bin -Dfile.encoding=UTF-8 -Dsun.stdout.encoding=UTF-8 -Dsun.stderr.encoding=UTF-8 org.codehaus.classworlds.Launcher -Didea.version=2023.3.4 clean install

Host: AMD Ryzen 3 5300U with Radeon Graphics         , 8 cores, 7G,  Windows 11 , 64 bit Build 22621 (10.0.22621.3672)
Time: Sun Jun 23 11:16:44 2024  Windows 11 , 64 bit Build 22621 (10.0.22621.3672) elapsed time: 20.414065 seconds (0d 0h 0m 20s)

---------------  T H R E A D  ---------------

Current thread (0x000002d10d93fef0):  JavaThread "C2 CompilerThread1" daemon [_thread_in_native, id=12960, stack(0x000000db31100000,0x000000db31200000) (1024K)]


Current CompileTask:
C2:  20414 7374   !   4       com.sun.tools.javac.jvm.ClassReader::classSigToType (482 bytes)

Stack: [0x000000db31100000,0x000000db31200000]
Native frames: (J=compiled Java code, j=interpreted, Vv=VM code, C=native code)
V  [jvm.dll+0x6cade9]
V  [jvm.dll+0x8569c1]
V  [jvm.dll+0x858d2e]
V  [jvm.dll+0x859413]
V  [jvm.dll+0x280e56]
V  [jvm.dll+0xc3f3d]
V  [jvm.dll+0xc4473]
V  [jvm.dll+0x3b5c2c]
V  [jvm.dll+0x382855]
V  [jvm.dll+0x381cca]
V  [jvm.dll+0x249bd0]
V  [jvm.dll+0x2491b1]
V  [jvm.dll+0x1c9634]
V  [jvm.dll+0x258859]
V  [jvm.dll+0x256e3a]
V  [jvm.dll+0x3ef6c6]
V  [jvm.dll+0x7ff568]
V  [jvm.dll+0x6c953d]
C  [ucrtbase.dll+0x29333]
C  [KERNEL32.DLL+0x1257d]
C  [ntdll.dll+0x5af28]


---------------  P R O C E S S  ---------------

Threads class SMR info:
_java_thread_list=0x000002d10df96490, length=13, elements={
0x000002d0a9551fa0, 0x000002d0c7e97760, 0x000002d0c7e98480, 0x000002d0c7e9a770,
0x000002d0c7e9b450, 0x000002d0c7e9beb0, 0x000002d0c7e9fa60, 0x000002d0c7eb3a40,
0x000002d0c7ed4620, 0x000002d0c7e66b70, 0x000002d10d1b9a20, 0x000002d10d2075a0,
0x000002d10d93fef0
}

Java Threads: ( => current thread )
  0x000002d0a9551fa0 JavaThread "main"                              [_thread_in_vm, id=1544, stack(0x000000db2fe00000,0x000000db2ff00000) (1024K)]
  0x000002d0c7e97760 JavaThread "Reference Handler"          daemon [_thread_blocked, id=17288, stack(0x000000db30600000,0x000000db30700000) (1024K)]
  0x000002d0c7e98480 JavaThread "Finalizer"                  daemon [_thread_blocked, id=4780, stack(0x000000db30700000,0x000000db30800000) (1024K)]
  0x000002d0c7e9a770 JavaThread "Signal Dispatcher"          daemon [_thread_blocked, id=19828, stack(0x000000db30800000,0x000000db30900000) (1024K)]
  0x000002d0c7e9b450 JavaThread "Attach Listener"            daemon [_thread_blocked, id=19640, stack(0x000000db30900000,0x000000db30a00000) (1024K)]
  0x000002d0c7e9beb0 JavaThread "Service Thread"             daemon [_thread_blocked, id=3600, stack(0x000000db30a00000,0x000000db30b00000) (1024K)]
  0x000002d0c7e9fa60 JavaThread "Monitor Deflation Thread"   daemon [_thread_blocked, id=19324, stack(0x000000db30b00000,0x000000db30c00000) (1024K)]
  0x000002d0c7eb3a40 JavaThread "C2 CompilerThread0"         daemon [_thread_in_native, id=4084, stack(0x000000db30c00000,0x000000db30d00000) (1024K)]
  0x000002d0c7ed4620 JavaThread "C1 CompilerThread0"         daemon [_thread_blocked, id=8088, stack(0x000000db30d00000,0x000000db30e00000) (1024K)]
  0x000002d0c7e66b70 JavaThread "Common-Cleaner"             daemon [_thread_blocked, id=18096, stack(0x000000db30e00000,0x000000db30f00000) (1024K)]
  0x000002d10d1b9a20 JavaThread "Monitor Ctrl-Break"         daemon [_thread_in_native, id=11956, stack(0x000000db30f00000,0x000000db31000000) (1024K)]
  0x000002d10d2075a0 JavaThread "Notification Thread"        daemon [_thread_blocked, id=11012, stack(0x000000db31000000,0x000000db31100000) (1024K)]
=>0x000002d10d93fef0 JavaThread "C2 CompilerThread1"         daemon [_thread_in_native, id=12960, stack(0x000000db31100000,0x000000db31200000) (1024K)]
Total: 13

Other Threads:
  0x000002d0c7e7c150 VMThread "VM Thread"                           [id=10928, stack(0x000000db30500000,0x000000db30600000) (1024K)]
  0x000002d0c7e65850 WatcherThread "VM Periodic Task Thread"        [id=18308, stack(0x000000db30400000,0x000000db30500000) (1024K)]
  0x000002d0ab890790 WorkerThread "GC Thread#0"                     [id=15852, stack(0x000000db2ff00000,0x000000db30000000) (1024K)]
  0x000002d10dd6c4d0 WorkerThread "GC Thread#1"                     [id=22224, stack(0x000000db31300000,0x000000db31400000) (1024K)]
  0x000002d10e0d7cf0 WorkerThread "GC Thread#2"                     [id=18824, stack(0x000000db31400000,0x000000db31500000) (1024K)]
  0x000002d10e02c490 WorkerThread "GC Thread#3"                     [id=8180, stack(0x000000db31500000,0x000000db31600000) (1024K)]
  0x000002d10e02cc40 WorkerThread "GC Thread#4"                     [id=14840, stack(0x000000db31600000,0x000000db31700000) (1024K)]
  0x000002d10e02cfe0 WorkerThread "GC Thread#5"                     [id=22396, stack(0x000000db31700000,0x000000db31800000) (1024K)]
  0x000002d10e041be0 WorkerThread "GC Thread#6"                     [id=19168, stack(0x000000db31800000,0x000000db31900000) (1024K)]
  0x000002d10e044820 WorkerThread "GC Thread#7"                     [id=15080, stack(0x000000db31900000,0x000000db31a00000) (1024K)]
  0x000002d0ab8a0800 ConcurrentGCThread "G1 Main Marker"            [id=21376, stack(0x000000db30000000,0x000000db30100000) (1024K)]
  0x000002d0ab8a14b0 WorkerThread "G1 Conc#0"                       [id=19704, stack(0x000000db30100000,0x000000db30200000) (1024K)]
  0x000002d10df22d50 WorkerThread "G1 Conc#1"                       [id=14512, stack(0x000000db31200000,0x000000db31300000) (1024K)]
  0x000002d0ab8fe140 ConcurrentGCThread "G1 Refine#0"               [id=9304, stack(0x000000db30200000,0x000000db30300000) (1024K)]
  0x000002d0ab8febb0 ConcurrentGCThread "G1 Service"                [id=19680, stack(0x000000db30300000,0x000000db30400000) (1024K)]
Total: 15

Threads with active compile tasks:
C2 CompilerThread0    20459 7363       4       java.util.HashMap::removeNode (291 bytes)
C2 CompilerThread1    20459 7374   !   4       com.sun.tools.javac.jvm.ClassReader::classSigToType (482 bytes)
Total: 2

VM state: not at safepoint (normal execution)

VM Mutex/Monitor currently owned by a thread: None

Heap address: 0x000000008ac00000, size: 1876 MB, Compressed Oops mode: 32-bit

CDS archive(s) mapped at: [0x000002d0c8000000-0x000002d0c8c90000-0x000002d0c8c90000), size 13172736, SharedBaseAddress: 0x000002d0c8000000, ArchiveRelocationMode: 1.
Compressed class space mapped at: 0x000002d0c9000000-0x000002d109000000, reserved size: 1073741824
Narrow klass base: 0x000002d0c8000000, Narrow klass shift: 0, Narrow klass range: 0x100000000

GC Precious Log:
 CardTable entry size: 512
 Card Set container configuration: InlinePtr #cards 5 size 8 Array Of Cards #cards 12 size 40 Howl #buckets 4 coarsen threshold 1843 Howl Bitmap #cards 512 size 80 coarsen threshold 460 Card regions per heap region 1 cards per card region 2048
 CPUs: 8 total, 8 available
 Memory: 7502M
 Large Page Support: Disabled
 NUMA Support: Disabled
 Compressed Oops: Enabled (32-bit)
 Heap Region Size: 1M
 Heap Min Capacity: 8M
 Heap Initial Capacity: 118M
 Heap Max Capacity: 1876M
 Pre-touch: Disabled
 Parallel Workers: 8
 Concurrent Workers: 2
 Concurrent Refinement Workers: 8
 Periodic GC: Disabled

Heap:
 garbage-first heap   total 97280K, used 73069K [0x000000008ac00000, 0x0000000100000000)
  region size 1024K, 31 young (31744K), 2 survivors (2048K)
 Metaspace       used 33439K, committed 33920K, reserved 1114112K
  class space    used 3756K, committed 3968K, reserved 1048576K

Heap Regions: E=young(eden), S=young(survivor), O=old, HS=humongous(starts), HC=humongous(continues), CS=collection set, F=free, TAMS=top-at-mark-start, PB=parsable bottom
|   0|0x000000008ac00000, 0x000000008ad00000, 0x000000008ad00000|100%| O|  |TAMS 0x000000008ac00000| PB 0x000000008ac00000| Untracked 
|   1|0x000000008ad00000, 0x000000008ae00000, 0x000000008ae00000|100%| O|  |TAMS 0x000000008ad00000| PB 0x000000008ad00000| Untracked 
|   2|0x000000008ae00000, 0x000000008af00000, 0x000000008af00000|100%| O|  |TAMS 0x000000008ae00000| PB 0x000000008ae00000| Untracked 
|   3|0x000000008af00000, 0x000000008b000000, 0x000000008b000000|100%| O|  |TAMS 0x000000008af00000| PB 0x000000008af00000| Untracked 
|   4|0x000000008b000000, 0x000000008b100000, 0x000000008b100000|100%| O|  |TAMS 0x000000008b000000| PB 0x000000008b000000| Untracked 
|   5|0x000000008b100000, 0x000000008b200000, 0x000000008b200000|100%| O|  |TAMS 0x000000008b100000| PB 0x000000008b100000| Untracked 
|   6|0x000000008b200000, 0x000000008b300000, 0x000000008b300000|100%| O|  |TAMS 0x000000008b200000| PB 0x000000008b200000| Untracked 
|   7|0x000000008b300000, 0x000000008b400000, 0x000000008b400000|100%| O|  |TAMS 0x000000008b300000| PB 0x000000008b300000| Untracked 
|   8|0x000000008b400000, 0x000000008b500000, 0x000000008b500000|100%| O|  |TAMS 0x000000008b400000| PB 0x000000008b400000| Untracked 
|   9|0x000000008b500000, 0x000000008b600000, 0x000000008b600000|100%| O|  |TAMS 0x000000008b500000| PB 0x000000008b500000| Untracked 
|  10|0x000000008b600000, 0x000000008b700000, 0x000000008b700000|100%| O|  |TAMS 0x000000008b600000| PB 0x000000008b600000| Untracked 
|  11|0x000000008b700000, 0x000000008b800000, 0x000000008b800000|100%| O|  |TAMS 0x000000008b700000| PB 0x000000008b700000| Untracked 
|  12|0x000000008b800000, 0x000000008b900000, 0x000000008b900000|100%| O|  |TAMS 0x000000008b800000| PB 0x000000008b800000| Untracked 
|  13|0x000000008b900000, 0x000000008ba00000, 0x000000008ba00000|100%| O|  |TAMS 0x000000008b900000| PB 0x000000008b900000| Untracked 
|  14|0x000000008ba00000, 0x000000008bb00000, 0x000000008bb00000|100%|HS|  |TAMS 0x000000008ba00000| PB 0x000000008ba00000| Complete 
|  15|0x000000008bb00000, 0x000000008bc00000, 0x000000008bc00000|100%| O|  |TAMS 0x000000008bb00000| PB 0x000000008bb00000| Untracked 
|  16|0x000000008bc00000, 0x000000008bd00000, 0x000000008bd00000|100%| O|  |TAMS 0x000000008bc00000| PB 0x000000008bc00000| Untracked 
|  17|0x000000008bd00000, 0x000000008be00000, 0x000000008be00000|100%|HS|  |TAMS 0x000000008bd00000| PB 0x000000008bd00000| Complete 
|  18|0x000000008be00000, 0x000000008bf00000, 0x000000008bf00000|100%|HC|  |TAMS 0x000000008be00000| PB 0x000000008be00000| Complete 
|  19|0x000000008bf00000, 0x000000008c000000, 0x000000008c000000|100%|HS|  |TAMS 0x000000008bf00000| PB 0x000000008bf00000| Complete 
|  20|0x000000008c000000, 0x000000008c100000, 0x000000008c100000|100%| O|  |TAMS 0x000000008c000000| PB 0x000000008c000000| Untracked 
|  21|0x000000008c100000, 0x000000008c200000, 0x000000008c200000|100%| O|  |TAMS 0x000000008c100000| PB 0x000000008c100000| Untracked 
|  22|0x000000008c200000, 0x000000008c300000, 0x000000008c300000|100%| O|  |TAMS 0x000000008c200000| PB 0x000000008c200000| Untracked 
|  23|0x000000008c300000, 0x000000008c400000, 0x000000008c400000|100%| O|  |TAMS 0x000000008c300000| PB 0x000000008c300000| Untracked 
|  24|0x000000008c400000, 0x000000008c500000, 0x000000008c500000|100%| O|  |TAMS 0x000000008c400000| PB 0x000000008c400000| Untracked 
|  25|0x000000008c500000, 0x000000008c600000, 0x000000008c600000|100%| O|  |TAMS 0x000000008c500000| PB 0x000000008c500000| Untracked 
|  26|0x000000008c600000, 0x000000008c700000, 0x000000008c700000|100%| O|  |TAMS 0x000000008c600000| PB 0x000000008c600000| Untracked 
|  27|0x000000008c700000, 0x000000008c800000, 0x000000008c800000|100%| O|  |TAMS 0x000000008c700000| PB 0x000000008c700000| Untracked 
|  28|0x000000008c800000, 0x000000008c900000, 0x000000008c900000|100%| O|  |TAMS 0x000000008c800000| PB 0x000000008c800000| Untracked 
|  29|0x000000008c900000, 0x000000008ca00000, 0x000000008ca00000|100%| O|  |TAMS 0x000000008c900000| PB 0x000000008c900000| Untracked 
|  30|0x000000008ca00000, 0x000000008cb00000, 0x000000008cb00000|100%| O|  |TAMS 0x000000008ca00000| PB 0x000000008ca00000| Untracked 
|  31|0x000000008cb00000, 0x000000008cb00000, 0x000000008cc00000|  0%| F|  |TAMS 0x000000008cb00000| PB 0x000000008cb00000| Untracked 
|  32|0x000000008cc00000, 0x000000008cc00000, 0x000000008cd00000|  0%| F|  |TAMS 0x000000008cc00000| PB 0x000000008cc00000| Untracked 
|  33|0x000000008cd00000, 0x000000008cd00000, 0x000000008ce00000|  0%| F|  |TAMS 0x000000008cd00000| PB 0x000000008cd00000| Untracked 
|  34|0x000000008ce00000, 0x000000008ce00000, 0x000000008cf00000|  0%| F|  |TAMS 0x000000008ce00000| PB 0x000000008ce00000| Untracked 
|  35|0x000000008cf00000, 0x000000008cf00000, 0x000000008d000000|  0%| F|  |TAMS 0x000000008cf00000| PB 0x000000008cf00000| Untracked 
|  36|0x000000008d000000, 0x000000008d100000, 0x000000008d100000|100%| O|  |TAMS 0x000000008d000000| PB 0x000000008d000000| Untracked 
|  37|0x000000008d100000, 0x000000008d200000, 0x000000008d200000|100%| O|  |TAMS 0x000000008d100000| PB 0x000000008d100000| Untracked 
|  38|0x000000008d200000, 0x000000008d300000, 0x000000008d300000|100%| O|  |TAMS 0x000000008d200000| PB 0x000000008d200000| Untracked 
|  39|0x000000008d300000, 0x000000008d400000, 0x000000008d400000|100%| O|  |TAMS 0x000000008d300000| PB 0x000000008d300000| Untracked 
|  40|0x000000008d400000, 0x000000008d500000, 0x000000008d500000|100%| O|  |TAMS 0x000000008d400000| PB 0x000000008d400000| Untracked 
|  41|0x000000008d500000, 0x000000008d600000, 0x000000008d600000|100%| O|  |TAMS 0x000000008d500000| PB 0x000000008d500000| Untracked 
|  42|0x000000008d600000, 0x000000008d600000, 0x000000008d700000|  0%| F|  |TAMS 0x000000008d600000| PB 0x000000008d600000| Untracked 
|  43|0x000000008d700000, 0x000000008d700000, 0x000000008d800000|  0%| F|  |TAMS 0x000000008d700000| PB 0x000000008d700000| Untracked 
|  44|0x000000008d800000, 0x000000008d800000, 0x000000008d900000|  0%| F|  |TAMS 0x000000008d800000| PB 0x000000008d800000| Untracked 
|  45|0x000000008d900000, 0x000000008d900000, 0x000000008da00000|  0%| F|  |TAMS 0x000000008d900000| PB 0x000000008d900000| Untracked 
|  46|0x000000008da00000, 0x000000008da00000, 0x000000008db00000|  0%| F|  |TAMS 0x000000008da00000| PB 0x000000008da00000| Untracked 
|  47|0x000000008db00000, 0x000000008db00000, 0x000000008dc00000|  0%| F|  |TAMS 0x000000008db00000| PB 0x000000008db00000| Untracked 
|  48|0x000000008dc00000, 0x000000008dc00000, 0x000000008dd00000|  0%| F|  |TAMS 0x000000008dc00000| PB 0x000000008dc00000| Untracked 
|  49|0x000000008dd00000, 0x000000008dd5b6a8, 0x000000008de00000| 35%| S|CS|TAMS 0x000000008dd00000| PB 0x000000008dd00000| Complete 
|  50|0x000000008de00000, 0x000000008de00000, 0x000000008df00000|  0%| F|  |TAMS 0x000000008de00000| PB 0x000000008de00000| Untracked 
|  51|0x000000008df00000, 0x000000008df00000, 0x000000008e000000|  0%| F|  |TAMS 0x000000008df00000| PB 0x000000008df00000| Untracked 
|  52|0x000000008e000000, 0x000000008e000000, 0x000000008e100000|  0%| F|  |TAMS 0x000000008e000000| PB 0x000000008e000000| Untracked 
|  53|0x000000008e100000, 0x000000008e200000, 0x000000008e200000|100%| S|CS|TAMS 0x000000008e100000| PB 0x000000008e100000| Complete 
|  54|0x000000008e200000, 0x000000008e200000, 0x000000008e300000|  0%| F|  |TAMS 0x000000008e200000| PB 0x000000008e200000| Untracked 
|  55|0x000000008e300000, 0x000000008e300000, 0x000000008e400000|  0%| F|  |TAMS 0x000000008e300000| PB 0x000000008e300000| Untracked 
|  56|0x000000008e400000, 0x000000008e400000, 0x000000008e500000|  0%| F|  |TAMS 0x000000008e400000| PB 0x000000008e400000| Untracked 
|  57|0x000000008e500000, 0x000000008e500000, 0x000000008e600000|  0%| F|  |TAMS 0x000000008e500000| PB 0x000000008e500000| Untracked 
|  58|0x000000008e600000, 0x000000008e600000, 0x000000008e700000|  0%| F|  |TAMS 0x000000008e600000| PB 0x000000008e600000| Untracked 
|  59|0x000000008e700000, 0x000000008e700000, 0x000000008e800000|  0%| F|  |TAMS 0x000000008e700000| PB 0x000000008e700000| Untracked 
|  60|0x000000008e800000, 0x000000008e800000, 0x000000008e900000|  0%| F|  |TAMS 0x000000008e800000| PB 0x000000008e800000| Untracked 
|  61|0x000000008e900000, 0x000000008ea00000, 0x000000008ea00000|100%| E|  |TAMS 0x000000008e900000| PB 0x000000008e900000| Complete 
|  62|0x000000008ea00000, 0x000000008eb00000, 0x000000008eb00000|100%| E|CS|TAMS 0x000000008ea00000| PB 0x000000008ea00000| Complete 
|  63|0x000000008eb00000, 0x000000008ec00000, 0x000000008ec00000|100%| E|CS|TAMS 0x000000008eb00000| PB 0x000000008eb00000| Complete 
|  64|0x000000008ec00000, 0x000000008ed00000, 0x000000008ed00000|100%| E|CS|TAMS 0x000000008ec00000| PB 0x000000008ec00000| Complete 
|  65|0x000000008ed00000, 0x000000008ee00000, 0x000000008ee00000|100%| E|CS|TAMS 0x000000008ed00000| PB 0x000000008ed00000| Complete 
|  66|0x000000008ee00000, 0x000000008ef00000, 0x000000008ef00000|100%| E|CS|TAMS 0x000000008ee00000| PB 0x000000008ee00000| Complete 
|  67|0x000000008ef00000, 0x000000008f000000, 0x000000008f000000|100%| E|CS|TAMS 0x000000008ef00000| PB 0x000000008ef00000| Complete 
|  68|0x000000008f000000, 0x000000008f100000, 0x000000008f100000|100%| E|CS|TAMS 0x000000008f000000| PB 0x000000008f000000| Complete 
|  69|0x000000008f100000, 0x000000008f200000, 0x000000008f200000|100%| E|CS|TAMS 0x000000008f100000| PB 0x000000008f100000| Complete 
|  70|0x000000008f200000, 0x000000008f300000, 0x000000008f300000|100%| E|CS|TAMS 0x000000008f200000| PB 0x000000008f200000| Complete 
|  71|0x000000008f300000, 0x000000008f400000, 0x000000008f400000|100%| E|CS|TAMS 0x000000008f300000| PB 0x000000008f300000| Complete 
|  72|0x000000008f400000, 0x000000008f500000, 0x000000008f500000|100%| E|CS|TAMS 0x000000008f400000| PB 0x000000008f400000| Complete 
|  73|0x000000008f500000, 0x000000008f600000, 0x000000008f600000|100%| E|CS|TAMS 0x000000008f500000| PB 0x000000008f500000| Complete 
|  74|0x000000008f600000, 0x000000008f700000, 0x000000008f700000|100%| E|CS|TAMS 0x000000008f600000| PB 0x000000008f600000| Complete 
|  75|0x000000008f700000, 0x000000008f800000, 0x000000008f800000|100%| E|CS|TAMS 0x000000008f700000| PB 0x000000008f700000| Complete 
|  76|0x000000008f800000, 0x000000008f900000, 0x000000008f900000|100%| E|CS|TAMS 0x000000008f800000| PB 0x000000008f800000| Complete 
|  77|0x000000008f900000, 0x000000008fa00000, 0x000000008fa00000|100%| E|CS|TAMS 0x000000008f900000| PB 0x000000008f900000| Complete 
|  78|0x000000008fa00000, 0x000000008fb00000, 0x000000008fb00000|100%| E|CS|TAMS 0x000000008fa00000| PB 0x000000008fa00000| Complete 
|  79|0x000000008fb00000, 0x000000008fc00000, 0x000000008fc00000|100%| E|CS|TAMS 0x000000008fb00000| PB 0x000000008fb00000| Complete 
|  80|0x000000008fc00000, 0x000000008fd00000, 0x000000008fd00000|100%| E|CS|TAMS 0x000000008fc00000| PB 0x000000008fc00000| Complete 
|  94|0x0000000090a00000, 0x0000000090b00000, 0x0000000090b00000|100%| E|CS|TAMS 0x0000000090a00000| PB 0x0000000090a00000| Complete 
|  95|0x0000000090b00000, 0x0000000090c00000, 0x0000000090c00000|100%| E|CS|TAMS 0x0000000090b00000| PB 0x0000000090b00000| Complete 
|  96|0x0000000090c00000, 0x0000000090d00000, 0x0000000090d00000|100%| E|CS|TAMS 0x0000000090c00000| PB 0x0000000090c00000| Complete 
|  97|0x0000000090d00000, 0x0000000090e00000, 0x0000000090e00000|100%| E|CS|TAMS 0x0000000090d00000| PB 0x0000000090d00000| Complete 
|  98|0x0000000090e00000, 0x0000000090f00000, 0x0000000090f00000|100%| E|CS|TAMS 0x0000000090e00000| PB 0x0000000090e00000| Complete 
|  99|0x0000000090f00000, 0x0000000091000000, 0x0000000091000000|100%| E|CS|TAMS 0x0000000090f00000| PB 0x0000000090f00000| Complete 
| 100|0x0000000091000000, 0x0000000091100000, 0x0000000091100000|100%| E|CS|TAMS 0x0000000091000000| PB 0x0000000091000000| Complete 
| 101|0x0000000091100000, 0x0000000091200000, 0x0000000091200000|100%| E|CS|TAMS 0x0000000091100000| PB 0x0000000091100000| Complete 
| 117|0x0000000092100000, 0x0000000092200000, 0x0000000092200000|100%| E|CS|TAMS 0x0000000092100000| PB 0x0000000092100000| Complete 
|1871|0x00000000ffb00000, 0x00000000ffc00000, 0x00000000ffc00000|100%| O|  |TAMS 0x00000000ffb00000| PB 0x00000000ffb00000| Untracked 
|1872|0x00000000ffc00000, 0x00000000ffd00000, 0x00000000ffd00000|100%| O|  |TAMS 0x00000000ffc00000| PB 0x00000000ffc00000| Untracked 
|1873|0x00000000ffd00000, 0x00000000ffe00000, 0x00000000ffe00000|100%| O|  |TAMS 0x00000000ffd00000| PB 0x00000000ffd00000| Untracked 
|1874|0x00000000ffe00000, 0x00000000fff00000, 0x00000000fff00000|100%| O|  |TAMS 0x00000000ffe00000| PB 0x00000000ffe00000| Untracked 
|1875|0x00000000fff00000, 0x0000000100000000, 0x0000000100000000|100%| O|  |TAMS 0x00000000fff00000| PB 0x00000000fff00000| Untracked 

Card table byte_map: [0x000002d0c3370000,0x000002d0c3720000] _byte_map_base: 0x000002d0c2f1a000

Marking Bits: (CMBitMap*) 0x000002d0ab890e90
 Bits: [0x000002d0c3720000, 0x000002d0c5470000)

Polling page: 0x000002d0a9800000

Metaspace:

Usage:
  Non-class:     29.01 MB used.
      Class:      3.67 MB used.
       Both:     32.68 MB used.

Virtual space:
  Non-class space:       64.00 MB reserved,      29.25 MB ( 46%) committed,  1 nodes.
      Class space:        1.00 GB reserved,       3.88 MB ( <1%) committed,  1 nodes.
             Both:        1.06 GB reserved,      33.12 MB (  3%) committed. 

Chunk freelists:
   Non-Class:  2.16 MB
       Class:  12.14 MB
        Both:  14.30 MB

MaxMetaspaceSize: unlimited
CompressedClassSpaceSize: 1.00 GB
Initial GC threshold: 21.00 MB
Current GC threshold: 35.31 MB
CDS: on
 - commit_granule_bytes: 65536.
 - commit_granule_words: 8192.
 - virtual_space_node_default_size: 8388608.
 - enlarge_chunks_in_place: 1.
 - use_allocation_guard: 0.


Internal statistics:

num_allocs_failed_limit: 3.
num_arena_births: 456.
num_arena_deaths: 0.
num_vsnodes_births: 2.
num_vsnodes_deaths: 0.
num_space_committed: 530.
num_space_uncommitted: 0.
num_chunks_returned_to_freelist: 3.
num_chunks_taken_from_freelist: 1668.
num_chunk_merges: 3.
num_chunk_splits: 1183.
num_chunks_enlarged: 906.
num_inconsistent_stats: 0.

CodeHeap 'non-profiled nmethods': size=120000Kb used=4026Kb max_used=4026Kb free=115973Kb
 bounds [0x000002d0bb760000, 0x000002d0bbb50000, 0x000002d0c2c90000]
CodeHeap 'profiled nmethods': size=120000Kb used=15870Kb max_used=15870Kb free=104129Kb
 bounds [0x000002d0b3c90000, 0x000002d0b4c10000, 0x000002d0bb1c0000]
CodeHeap 'non-nmethods': size=5760Kb used=1491Kb max_used=1537Kb free=4268Kb
 bounds [0x000002d0bb1c0000, 0x000002d0bb430000, 0x000002d0bb760000]
 total_blobs=8011 nmethods=7445 adapters=469
 compilation: enabled
              stopped_count=0, restarted_count=0
 full_count=0

Compilation events (20 events):
Event: 20.355 Thread 0x000002d0c7ed4620 nmethod 7464 0x000002d0b4c09910 code [0x000002d0b4c09aa0, 0x000002d0b4c09c00]
Event: 20.356 Thread 0x000002d0c7ed4620 7465       2       java.util.stream.Collectors$$Lambda/0x000002d0c9076648::accept (14 bytes)
Event: 20.357 Thread 0x000002d0c7ed4620 nmethod 7465 0x000002d0b4c09c90 code [0x000002d0b4c09e40, 0x000002d0b4c0a100]
Event: 20.357 Thread 0x000002d0c7ed4620 7466       1       org.mapstruct.ap.internal.model.source.selector.SelectionContext::getSelectionCriteria (5 bytes)
Event: 20.357 Thread 0x000002d0c7ed4620 nmethod 7466 0x000002d0bbb4a990 code [0x000002d0bbb4ab20, 0x000002d0bbb4abe8]
Event: 20.359 Thread 0x000002d0c7eb3a40 7382       4       com.sun.tools.javac.jvm.ClassReader::sigToType (881 bytes)
Event: 20.365 Thread 0x000002d0c7ed4620 7467       2       sun.invoke.util.VerifyAccess::isModuleAccessible (97 bytes)
Event: 20.367 Thread 0x000002d0c7ed4620 nmethod 7467 0x000002d0b4c0a310 code [0x000002d0b4c0a560, 0x000002d0b4c0ab68]
Event: 20.377 Thread 0x000002d0c7ed4620 7468       2       javax.lang.model.util.SimpleAnnotationValueVisitor8::<init> (6 bytes)
Event: 20.378 Thread 0x000002d0c7ed4620 nmethod 7468 0x000002d0b4c0ae90 code [0x000002d0b4c0b020, 0x000002d0b4c0b150]
Event: 20.378 Thread 0x000002d0c7ed4620 7469       2       javax.lang.model.util.SimpleAnnotationValueVisitor7::<init> (6 bytes)
Event: 20.378 Thread 0x000002d0c7ed4620 nmethod 7469 0x000002d0b4c0b210 code [0x000002d0b4c0b3a0, 0x000002d0b4c0b4f0]
Event: 20.378 Thread 0x000002d0c7ed4620 7470       2       com.sun.tools.javac.code.Symbol$MethodSymbol::getDefaultValue (5 bytes)
Event: 20.378 Thread 0x000002d0c7ed4620 nmethod 7470 0x000002d0b4c0b590 code [0x000002d0b4c0b720, 0x000002d0b4c0b828]
Event: 20.382 Thread 0x000002d0c7ed4620 7471       2       java.net.URLClassLoader::definePackage (274 bytes)
Event: 20.386 Thread 0x000002d0c7ed4620 nmethod 7471 0x000002d0b4c0b910 code [0x000002d0b4c0bd20, 0x000002d0b4c0cf58]
Event: 20.386 Thread 0x000002d0c7ed4620 7472       2       java.lang.ClassLoader::definePackage (53 bytes)
Event: 20.387 Thread 0x000002d0c7ed4620 nmethod 7472 0x000002d0b4c0dc90 code [0x000002d0b4c0de80, 0x000002d0b4c0e270]
Event: 20.394 Thread 0x000002d0c7ed4620 7473  s!   2       jdk.internal.loader.URLClassPath::getLoader (194 bytes)
Event: 20.396 Thread 0x000002d0c7ed4620 nmethod 7473 0x000002d0b4c0e510 code [0x000002d0b4c0e780, 0x000002d0b4c0f190]

GC Heap History (16 events):
Event: 1.631 GC heap before
{Heap before GC invocations=0 (full 0):
 garbage-first heap   total 120832K, used 22528K [0x000000008ac00000, 0x0000000100000000)
  region size 1024K, 23 young (23552K), 0 survivors (0K)
 Metaspace       used 6397K, committed 6592K, reserved 1114112K
  class space    used 717K, committed 832K, reserved 1048576K
}
Event: 1.642 GC heap after
{Heap after GC invocations=1 (full 0):
 garbage-first heap   total 120832K, used 4424K [0x000000008ac00000, 0x0000000100000000)
  region size 1024K, 3 young (3072K), 3 survivors (3072K)
 Metaspace       used 6397K, committed 6592K, reserved 1114112K
  class space    used 717K, committed 832K, reserved 1048576K
}
Event: 2.693 GC heap before
{Heap before GC invocations=1 (full 0):
 garbage-first heap   total 120832K, used 33096K [0x000000008ac00000, 0x0000000100000000)
  region size 1024K, 31 young (31744K), 3 survivors (3072K)
 Metaspace       used 10104K, committed 10304K, reserved 1114112K
  class space    used 1174K, committed 1280K, reserved 1048576K
}
Event: 2.703 GC heap after
{Heap after GC invocations=2 (full 0):
 garbage-first heap   total 120832K, used 6315K [0x000000008ac00000, 0x0000000100000000)
  region size 1024K, 2 young (2048K), 2 survivors (2048K)
 Metaspace       used 10104K, committed 10304K, reserved 1114112K
  class space    used 1174K, committed 1280K, reserved 1048576K
}
Event: 8.793 GC heap before
{Heap before GC invocations=2 (full 0):
 garbage-first heap   total 120832K, used 75947K [0x000000008ac00000, 0x0000000100000000)
  region size 1024K, 70 young (71680K), 2 survivors (2048K)
 Metaspace       used 16656K, committed 16896K, reserved 1114112K
  class space    used 1911K, committed 2048K, reserved 1048576K
}
Event: 8.818 GC heap after
{Heap after GC invocations=3 (full 0):
 garbage-first heap   total 120832K, used 14336K [0x000000008ac00000, 0x0000000100000000)
  region size 1024K, 9 young (9216K), 9 survivors (9216K)
 Metaspace       used 16656K, committed 16896K, reserved 1114112K
  class space    used 1911K, committed 2048K, reserved 1048576K
}
Event: 15.436 GC heap before
{Heap before GC invocations=3 (full 0):
 garbage-first heap   total 120832K, used 76800K [0x000000008ac00000, 0x0000000100000000)
  region size 1024K, 70 young (71680K), 9 survivors (9216K)
 Metaspace       used 19728K, committed 20096K, reserved 1114112K
  class space    used 2188K, committed 2368K, reserved 1048576K
}
Event: 15.460 GC heap after
{Heap after GC invocations=4 (full 0):
 garbage-first heap   total 120832K, used 18611K [0x000000008ac00000, 0x0000000100000000)
  region size 1024K, 5 young (5120K), 5 survivors (5120K)
 Metaspace       used 19728K, committed 20096K, reserved 1114112K
  class space    used 2188K, committed 2368K, reserved 1048576K
}
Event: 15.902 GC heap before
{Heap before GC invocations=4 (full 0):
 garbage-first heap   total 120832K, used 39091K [0x000000008ac00000, 0x0000000100000000)
  region size 1024K, 21 young (21504K), 5 survivors (5120K)
 Metaspace       used 21194K, committed 21504K, reserved 1114112K
  class space    used 2362K, committed 2496K, reserved 1048576K
}
Event: 15.915 GC heap after
{Heap after GC invocations=5 (full 0):
 garbage-first heap   total 120832K, used 25779K [0x000000008ac00000, 0x0000000100000000)
  region size 1024K, 8 young (8192K), 8 survivors (8192K)
 Metaspace       used 21194K, committed 21504K, reserved 1114112K
  class space    used 2362K, committed 2496K, reserved 1048576K
}
Event: 17.285 GC heap before
{Heap before GC invocations=6 (full 0):
 garbage-first heap   total 92160K, used 74931K [0x000000008ac00000, 0x0000000100000000)
  region size 1024K, 54 young (55296K), 8 survivors (8192K)
 Metaspace       used 27486K, committed 27904K, reserved 1114112K
  class space    used 3084K, committed 3264K, reserved 1048576K
}
Event: 17.328 GC heap after
{Heap after GC invocations=7 (full 0):
 garbage-first heap   total 97280K, used 39603K [0x000000008ac00000, 0x0000000100000000)
  region size 1024K, 7 young (7168K), 7 survivors (7168K)
 Metaspace       used 27486K, committed 27904K, reserved 1114112K
  class space    used 3084K, committed 3264K, reserved 1048576K
}
Event: 18.547 GC heap before
{Heap before GC invocations=7 (full 0):
 garbage-first heap   total 97280K, used 76467K [0x000000008ac00000, 0x0000000100000000)
  region size 1024K, 44 young (45056K), 7 survivors (7168K)
 Metaspace       used 29143K, committed 29504K, reserved 1114112K
  class space    used 3253K, committed 3456K, reserved 1048576K
}
Event: 18.563 GC heap after
{Heap after GC invocations=8 (full 0):
 garbage-first heap   total 97280K, used 43008K [0x000000008ac00000, 0x0000000100000000)
  region size 1024K, 3 young (3072K), 3 survivors (3072K)
 Metaspace       used 29143K, committed 29504K, reserved 1114112K
  class space    used 3253K, committed 3456K, reserved 1048576K
}
Event: 19.458 GC heap before
{Heap before GC invocations=8 (full 0):
 garbage-first heap   total 97280K, used 79872K [0x000000008ac00000, 0x0000000100000000)
  region size 1024K, 39 young (39936K), 3 survivors (3072K)
 Metaspace       used 30510K, committed 30976K, reserved 1114112K
  class space    used 3396K, committed 3584K, reserved 1048576K
}
Event: 19.470 GC heap after
{Heap after GC invocations=9 (full 0):
 garbage-first heap   total 97280K, used 44397K [0x000000008ac00000, 0x0000000100000000)
  region size 1024K, 2 young (2048K), 2 survivors (2048K)
 Metaspace       used 30510K, committed 30976K, reserved 1114112K
  class space    used 3396K, committed 3584K, reserved 1048576K
}

Dll operation events (12 events):
Event: 0.022 Loaded shared library C:\Users\HP 14S-FQ1001NU\.jdks\openjdk-21.0.2\bin\java.dll
Event: 0.076 Loaded shared library C:\Users\HP 14S-FQ1001NU\.jdks\openjdk-21.0.2\bin\jsvml.dll
Event: 0.150 Loaded shared library C:\Users\HP 14S-FQ1001NU\.jdks\openjdk-21.0.2\bin\zip.dll
Event: 0.156 Loaded shared library C:\Users\HP 14S-FQ1001NU\.jdks\openjdk-21.0.2\bin\instrument.dll
Event: 0.166 Loaded shared library C:\Users\HP 14S-FQ1001NU\.jdks\openjdk-21.0.2\bin\net.dll
Event: 0.171 Loaded shared library C:\Users\HP 14S-FQ1001NU\.jdks\openjdk-21.0.2\bin\nio.dll
Event: 0.177 Loaded shared library C:\Users\HP 14S-FQ1001NU\.jdks\openjdk-21.0.2\bin\zip.dll
Event: 0.207 Loaded shared library C:\Program Files\JetBrains\IntelliJ IDEA Community Edition 2023.3.4\bin\breakgen64.dll
Event: 0.228 Loaded shared library C:\Users\HP 14S-FQ1001NU\.jdks\openjdk-21.0.2\bin\extnet.dll
Event: 0.657 Loaded shared library C:\Users\HP 14S-FQ1001NU\.jdks\openjdk-21.0.2\bin\jimage.dll
Event: 0.745 Loaded shared library C:\Users\HP 14S-FQ1001NU\AppData\Local\Temp\jansi-2.4.0-4bba85a338edb0da-jansi.dll
Event: 0.766 Loaded shared library C:\Users\HP 14S-FQ1001NU\.jdks\openjdk-21.0.2\bin\verify.dll

Deoptimization events (20 events):
Event: 20.262 Thread 0x000002d0a9551fa0 DEOPT PACKING pc=0x000002d0bb96ca50 sp=0x000000db2fefcc80
Event: 20.262 Thread 0x000002d0a9551fa0 DEOPT UNPACKING pc=0x000002d0bb2146a2 sp=0x000000db2fefcc08 mode 2
Event: 20.262 Thread 0x000002d0a9551fa0 Uncommon trap: trap_request=0xffffffc6 fr.pc=0x000002d0bb8e3218 relative=0x00000000000002b8
Event: 20.262 Thread 0x000002d0a9551fa0 Uncommon trap: reason=bimorphic_or_optimized_type_check action=maybe_recompile pc=0x000002d0bb8e3218 method=java.util.regex.Pattern$BmpCharProperty.match(Ljava/util/regex/Matcher;ILjava/lang/CharSequence;)Z @ 14 c2
Event: 20.262 Thread 0x000002d0a9551fa0 DEOPT PACKING pc=0x000002d0bb8e3218 sp=0x000000db2fefcb60
Event: 20.262 Thread 0x000002d0a9551fa0 DEOPT UNPACKING pc=0x000002d0bb2146a2 sp=0x000000db2fefcb10 mode 2
Event: 20.262 Thread 0x000002d0a9551fa0 Uncommon trap: trap_request=0xffffffc6 fr.pc=0x000002d0bb8e3218 relative=0x00000000000002b8
Event: 20.262 Thread 0x000002d0a9551fa0 Uncommon trap: reason=bimorphic_or_optimized_type_check action=maybe_recompile pc=0x000002d0bb8e3218 method=java.util.regex.Pattern$BmpCharProperty.match(Ljava/util/regex/Matcher;ILjava/lang/CharSequence;)Z @ 14 c2
Event: 20.262 Thread 0x000002d0a9551fa0 DEOPT PACKING pc=0x000002d0bb8e3218 sp=0x000000db2fefcb60
Event: 20.262 Thread 0x000002d0a9551fa0 DEOPT UNPACKING pc=0x000002d0bb2146a2 sp=0x000000db2fefcb10 mode 2
Event: 20.323 Thread 0x000002d0a9551fa0 Uncommon trap: trap_request=0xffffff45 fr.pc=0x000002d0bb76ac28 relative=0x0000000000000188
Event: 20.323 Thread 0x000002d0a9551fa0 Uncommon trap: reason=unstable_if action=reinterpret pc=0x000002d0bb76ac28 method=java.lang.String.equals(Ljava/lang/Object;)Z @ 33 c2
Event: 20.323 Thread 0x000002d0a9551fa0 DEOPT PACKING pc=0x000002d0bb76ac28 sp=0x000000db2fefce50
Event: 20.323 Thread 0x000002d0a9551fa0 DEOPT UNPACKING pc=0x000002d0bb2146a2 sp=0x000000db2fefcde0 mode 2
Event: 20.345 Thread 0x000002d0a9551fa0 DEOPT PACKING pc=0x000002d0b457fc83 sp=0x000000db2fefc0f0
Event: 20.345 Thread 0x000002d0a9551fa0 DEOPT UNPACKING pc=0x000002d0bb214e42 sp=0x000000db2fefb5f8 mode 0
Event: 20.350 Thread 0x000002d0a9551fa0 Uncommon trap: trap_request=0xffffffde fr.pc=0x000002d0bb9e4a14 relative=0x0000000000000074
Event: 20.350 Thread 0x000002d0a9551fa0 Uncommon trap: reason=class_check action=maybe_recompile pc=0x000002d0bb9e4a14 method=java.util.Collections$UnmodifiableMap.size()I @ 4 c2
Event: 20.350 Thread 0x000002d0a9551fa0 DEOPT PACKING pc=0x000002d0bb9e4a14 sp=0x000000db2fefd1a0
Event: 20.350 Thread 0x000002d0a9551fa0 DEOPT UNPACKING pc=0x000002d0bb2146a2 sp=0x000000db2fefd128 mode 2

Classes loaded (20 events):
Event: 18.976 Loading class java/util/regex/Pattern$Prolog
Event: 18.976 Loading class java/util/regex/Pattern$Prolog done
Event: 19.006 Loading class java/util/regex/Pattern$LazyLoop
Event: 19.006 Loading class java/util/regex/Pattern$LazyLoop done
Event: 19.506 Loading class java/util/Collections$UnmodifiableMap$UnmodifiableEntrySet$UnmodifiableEntrySetSpliterator
Event: 19.506 Loading class java/util/Collections$UnmodifiableMap$UnmodifiableEntrySet$UnmodifiableEntrySetSpliterator done
Event: 20.050 Loading class java/time/ZonedDateTime
Event: 20.050 Loading class java/time/chrono/ChronoZonedDateTime
Event: 20.051 Loading class java/time/chrono/ChronoZonedDateTime done
Event: 20.051 Loading class java/time/ZonedDateTime done
Event: 20.104 Loading class java/util/Currency
Event: 20.104 Loading class java/util/Currency done
Event: 20.106 Loading class java/util/UUID
Event: 20.107 Loading class java/util/UUID done
Event: 20.322 Loading class java/text/ChoiceFormat
Event: 20.323 Loading class java/text/ChoiceFormat done
Event: 20.323 Loading class java/text/MessageFormat$Field
Event: 20.324 Loading class java/text/MessageFormat$Field done
Event: 20.390 Loading class java/security/AccessControlException
Event: 20.390 Loading class java/security/AccessControlException done

Classes unloaded (0 events):
No events

Classes redefined (0 events):
No events

Internal exceptions (20 events):
Event: 20.161 Thread 0x000002d0a9551fa0 Exception <a 'sun/nio/fs/WindowsException'{0x000000008ef22de8}> (0x000000008ef22de8) 
thrown [s\open\src\hotspot\share\prims\jni.cpp, line 520]
Event: 20.161 Thread 0x000002d0a9551fa0 Exception <a 'sun/nio/fs/WindowsException'{0x000000008ef23a88}> (0x000000008ef23a88) 
thrown [s\open\src\hotspot\share\prims\jni.cpp, line 520]
Event: 20.162 Thread 0x000002d0a9551fa0 Exception <a 'sun/nio/fs/WindowsException'{0x000000008ef26280}> (0x000000008ef26280) 
thrown [s\open\src\hotspot\share\prims\jni.cpp, line 520]
Event: 20.162 Thread 0x000002d0a9551fa0 Exception <a 'sun/nio/fs/WindowsException'{0x000000008ef26e38}> (0x000000008ef26e38) 
thrown [s\open\src\hotspot\share\prims\jni.cpp, line 520]
Event: 20.162 Thread 0x000002d0a9551fa0 Exception <a 'sun/nio/fs/WindowsException'{0x000000008ef27bf8}> (0x000000008ef27bf8) 
thrown [s\open\src\hotspot\share\prims\jni.cpp, line 520]
Event: 20.162 Thread 0x000002d0a9551fa0 Exception <a 'sun/nio/fs/WindowsException'{0x000000008ef28888}> (0x000000008ef28888) 
thrown [s\open\src\hotspot\share\prims\jni.cpp, line 520]
Event: 20.163 Thread 0x000002d0a9551fa0 Exception <a 'sun/nio/fs/WindowsException'{0x000000008ef2a0e8}> (0x000000008ef2a0e8) 
thrown [s\open\src\hotspot\share\prims\jni.cpp, line 520]
Event: 20.163 Thread 0x000002d0a9551fa0 Exception <a 'sun/nio/fs/WindowsException'{0x000000008ef2acf8}> (0x000000008ef2acf8) 
thrown [s\open\src\hotspot\share\prims\jni.cpp, line 520]
Event: 20.163 Thread 0x000002d0a9551fa0 Exception <a 'sun/nio/fs/WindowsException'{0x000000008ef2bd28}> (0x000000008ef2bd28) 
thrown [s\open\src\hotspot\share\prims\jni.cpp, line 520]
Event: 20.163 Thread 0x000002d0a9551fa0 Exception <a 'sun/nio/fs/WindowsException'{0x000000008ef2c9d8}> (0x000000008ef2c9d8) 
thrown [s\open\src\hotspot\share\prims\jni.cpp, line 520]
Event: 20.223 Thread 0x000002d0a9551fa0 Exception <a 'java/lang/NoSuchMethodError'{0x000000008ee63c48}: 'java.lang.Object java.lang.invoke.DirectMethodHandle$Holder.invokeInterface(java.lang.Object, java.lang.Object, java.lang.Object)'> (0x000000008ee63c48) 
thrown [s\open\src\hotspot\share\interpreter\linkResolver.cpp, line 773]
Event: 20.231 Thread 0x000002d0a9551fa0 Exception <a 'java/lang/IncompatibleClassChangeError'{0x000000008ee84470}: Found class java.lang.Object, but interface was expected> (0x000000008ee84470) 
thrown [s\open\src\hotspot\share\interpreter\linkResolver.cpp, line 840]
Event: 20.266 Thread 0x000002d0a9551fa0 Exception <a 'sun/nio/fs/WindowsException'{0x000000008ed6c0a8}> (0x000000008ed6c0a8) 
thrown [s\open\src\hotspot\share\prims\jni.cpp, line 520]
Event: 20.266 Thread 0x000002d0a9551fa0 Exception <a 'sun/nio/fs/WindowsException'{0x000000008ed6e360}> (0x000000008ed6e360) 
thrown [s\open\src\hotspot\share\prims\jni.cpp, line 520]
Event: 20.267 Thread 0x000002d0a9551fa0 Exception <a 'sun/nio/fs/WindowsException'{0x000000008ed71c28}> (0x000000008ed71c28) 
thrown [s\open\src\hotspot\share\prims\jni.cpp, line 520]
Event: 20.267 Thread 0x000002d0a9551fa0 Exception <a 'sun/nio/fs/WindowsException'{0x000000008ed728e8}> (0x000000008ed728e8) 
thrown [s\open\src\hotspot\share\prims\jni.cpp, line 520]
Event: 20.372 Thread 0x000002d0a9551fa0 Exception <a 'sun/nio/fs/WindowsException'{0x000000008ebdad10}> (0x000000008ebdad10) 
thrown [s\open\src\hotspot\share\prims\jni.cpp, line 520]
Event: 20.372 Thread 0x000002d0a9551fa0 Exception <a 'sun/nio/fs/WindowsException'{0x000000008ebdb920}> (0x000000008ebdb920) 
thrown [s\open\src\hotspot\share\prims\jni.cpp, line 520]
Event: 20.372 Thread 0x000002d0a9551fa0 Exception <a 'sun/nio/fs/WindowsException'{0x000000008ebdc740}> (0x000000008ebdc740) 
thrown [s\open\src\hotspot\share\prims\jni.cpp, line 520]
Event: 20.372 Thread 0x000002d0a9551fa0 Exception <a 'sun/nio/fs/WindowsException'{0x000000008ebdd3f0}> (0x000000008ebdd3f0) 
thrown [s\open\src\hotspot\share\prims\jni.cpp, line 520]

ZGC Phase Switch (0 events):
No events

VM Operations (20 events):
Event: 17.285 Executing VM operation: G1CollectForAllocation (G1 Evacuation Pause)
Event: 17.328 Executing VM operation: G1CollectForAllocation (G1 Evacuation Pause) done
Event: 17.529 Executing VM operation: ICBufferFull
Event: 17.529 Executing VM operation: ICBufferFull done
Event: 17.579 Executing VM operation: HandshakeAllThreads (Deoptimize)
Event: 17.579 Executing VM operation: HandshakeAllThreads (Deoptimize) done
Event: 18.546 Executing VM operation: G1CollectForAllocation (G1 Evacuation Pause)
Event: 18.564 Executing VM operation: G1CollectForAllocation (G1 Evacuation Pause) done
Event: 19.263 Executing VM operation: ICBufferFull
Event: 19.263 Executing VM operation: ICBufferFull done
Event: 19.458 Executing VM operation: G1CollectForAllocation (G1 Evacuation Pause)
Event: 19.470 Executing VM operation: G1CollectForAllocation (G1 Evacuation Pause) done
Event: 19.716 Executing VM operation: HandshakeAllThreads (Deoptimize)
Event: 19.717 Executing VM operation: HandshakeAllThreads (Deoptimize) done
Event: 19.741 Executing VM operation: HandshakeAllThreads (Deoptimize)
Event: 19.741 Executing VM operation: HandshakeAllThreads (Deoptimize) done
Event: 20.164 Executing VM operation: ICBufferFull
Event: 20.165 Executing VM operation: ICBufferFull done
Event: 20.391 Executing VM operation: HandshakeAllThreads (Deoptimize)
Event: 20.391 Executing VM operation: HandshakeAllThreads (Deoptimize) done

Events (20 events):
Event: 4.631 Thread 0x000002d10e4ebf40 Thread exited: 0x000002d10e4ebf40
Event: 6.036 Thread 0x000002d10d2673e0 Thread added: 0x000002d10d2673e0
Event: 6.840 Thread 0x000002d10d2673e0 Thread exited: 0x000002d10d2673e0
Event: 7.077 Thread 0x000002d10d2673e0 Thread added: 0x000002d10d2673e0
Event: 7.259 Thread 0x000002d10d2673e0 Thread exited: 0x000002d10d2673e0
Event: 7.264 Thread 0x000002d10d2673e0 Thread added: 0x000002d10d2673e0
Event: 7.604 Thread 0x000002d10d2673e0 Thread exited: 0x000002d10d2673e0
Event: 7.856 Thread 0x000002d10d847840 Thread added: 0x000002d10d847840
Event: 8.004 Thread 0x000002d10d847840 Thread exited: 0x000002d10d847840
Event: 8.968 Thread 0x000002d10e1cbd90 Thread added: 0x000002d10e1cbd90
Event: 9.137 Thread 0x000002d10e1cbd90 Thread exited: 0x000002d10e1cbd90
Event: 9.219 Thread 0x000002d10ecd0080 Thread added: 0x000002d10ecd0080
Event: 9.569 Thread 0x000002d10ecd0080 Thread exited: 0x000002d10ecd0080
Event: 12.236 Thread 0x000002d10df027f0 Thread added: 0x000002d10df027f0
Event: 12.859 Thread 0x000002d10df027f0 Thread exited: 0x000002d10df027f0
Event: 13.812 Thread 0x000002d10e5b1b00 Thread added: 0x000002d10e5b1b00
Event: 14.204 Thread 0x000002d10e5b1b00 Thread exited: 0x000002d10e5b1b00
Event: 15.249 Thread 0x000002d10e2a0e10 Thread added: 0x000002d10e2a0e10
Event: 15.538 Thread 0x000002d10e2a0e10 Thread exited: 0x000002d10e2a0e10
Event: 15.820 Thread 0x000002d10d93fef0 Thread added: 0x000002d10d93fef0


Dynamic libraries:
0x00007ff6ff1a0000 - 0x00007ff6ff1ae000 	C:\Users\HP 14S-FQ1001NU\.jdks\openjdk-21.0.2\bin\java.exe
0x00007ffd3d0f0000 - 0x00007ffd3d307000 	C:\WINDOWS\SYSTEM32\ntdll.dll
0x00007ffd3b7a0000 - 0x00007ffd3b864000 	C:\WINDOWS\System32\KERNEL32.DLL
0x00007ffd3aa80000 - 0x00007ffd3ae2c000 	C:\WINDOWS\System32\KERNELBASE.dll
0x00007ffd3a960000 - 0x00007ffd3aa71000 	C:\WINDOWS\System32\ucrtbase.dll
0x00007ffd10620000 - 0x00007ffd1063b000 	C:\Users\HP 14S-FQ1001NU\.jdks\openjdk-21.0.2\bin\VCRUNTIME140.dll
0x00007ffd1d8a0000 - 0x00007ffd1d8b8000 	C:\Users\HP 14S-FQ1001NU\.jdks\openjdk-21.0.2\bin\jli.dll
0x00007ffd3ccd0000 - 0x00007ffd3ce7e000 	C:\WINDOWS\System32\USER32.dll
0x00007ffd3a530000 - 0x00007ffd3a556000 	C:\WINDOWS\System32\win32u.dll
0x00007ffd1fce0000 - 0x00007ffd1ff73000 	C:\WINDOWS\WinSxS\amd64_microsoft.windows.common-controls_6595b64144ccf1df_6.0.22621.3672_none_2713b9d173822955\COMCTL32.dll
0x00007ffd3bab0000 - 0x00007ffd3bb57000 	C:\WINDOWS\System32\msvcrt.dll
0x00007ffd3d080000 - 0x00007ffd3d0a9000 	C:\WINDOWS\System32\GDI32.dll
0x00007ffd3a790000 - 0x00007ffd3a8a9000 	C:\WINDOWS\System32\gdi32full.dll
0x00007ffd3a490000 - 0x00007ffd3a52a000 	C:\WINDOWS\System32\msvcp_win.dll
0x00007ffd3c5f0000 - 0x00007ffd3c621000 	C:\WINDOWS\System32\IMM32.DLL
0x00007ffd36890000 - 0x00007ffd3689c000 	C:\Users\HP 14S-FQ1001NU\.jdks\openjdk-21.0.2\bin\vcruntime140_1.dll
0x00007ffd032f0000 - 0x00007ffd0337e000 	C:\Users\HP 14S-FQ1001NU\.jdks\openjdk-21.0.2\bin\msvcp140.dll
0x00007ffcfefa0000 - 0x00007ffcffcb7000 	C:\Users\HP 14S-FQ1001NU\.jdks\openjdk-21.0.2\bin\server\jvm.dll
0x00007ffd3c940000 - 0x00007ffd3c9f2000 	C:\WINDOWS\System32\ADVAPI32.dll
0x00007ffd3bbe0000 - 0x00007ffd3bc8a000 	C:\WINDOWS\System32\sechost.dll
0x00007ffd3a8b0000 - 0x00007ffd3a8d8000 	C:\WINDOWS\System32\bcrypt.dll
0x00007ffd3ce80000 - 0x00007ffd3cf95000 	C:\WINDOWS\System32\RPCRT4.dll
0x00007ffd3bb60000 - 0x00007ffd3bbd1000 	C:\WINDOWS\System32\WS2_32.dll
0x00007ffd39ce0000 - 0x00007ffd39d2d000 	C:\WINDOWS\SYSTEM32\POWRPROF.dll
0x00007ffd31b80000 - 0x00007ffd31bb4000 	C:\WINDOWS\SYSTEM32\WINMM.dll
0x00007ffd31d50000 - 0x00007ffd31d5a000 	C:\WINDOWS\SYSTEM32\VERSION.dll
0x00007ffd39cc0000 - 0x00007ffd39cd3000 	C:\WINDOWS\SYSTEM32\UMPDC.dll
0x00007ffd39430000 - 0x00007ffd39448000 	C:\WINDOWS\SYSTEM32\kernel.appcore.dll
0x00007ffd33b10000 - 0x00007ffd33b1a000 	C:\Users\HP 14S-FQ1001NU\.jdks\openjdk-21.0.2\bin\jimage.dll
0x00007ffd37d80000 - 0x00007ffd37fb2000 	C:\WINDOWS\SYSTEM32\DBGHELP.DLL
0x00007ffd3b410000 - 0x00007ffd3b798000 	C:\WINDOWS\System32\combase.dll
0x00007ffd3cbf0000 - 0x00007ffd3ccc7000 	C:\WINDOWS\System32\OLEAUT32.dll
0x00007ffd1f100000 - 0x00007ffd1f132000 	C:\WINDOWS\SYSTEM32\dbgcore.DLL
0x00007ffd3a8e0000 - 0x00007ffd3a95b000 	C:\WINDOWS\System32\bcryptPrimitives.dll
0x00007ffd0ff50000 - 0x00007ffd0ff5f000 	C:\Users\HP 14S-FQ1001NU\.jdks\openjdk-21.0.2\bin\instrument.dll
0x00007ffd21690000 - 0x00007ffd216af000 	C:\Users\HP 14S-FQ1001NU\.jdks\openjdk-21.0.2\bin\java.dll
0x00007ffd3bc90000 - 0x00007ffd3c4ec000 	C:\WINDOWS\System32\SHELL32.dll
0x00007ffd38320000 - 0x00007ffd38c17000 	C:\WINDOWS\SYSTEM32\windows.storage.dll
0x00007ffd381e0000 - 0x00007ffd3831f000 	C:\WINDOWS\SYSTEM32\wintypes.dll
0x00007ffd3c4f0000 - 0x00007ffd3c5e4000 	C:\WINDOWS\System32\SHCORE.dll
0x00007ffd3b880000 - 0x00007ffd3b8de000 	C:\WINDOWS\System32\shlwapi.dll
0x00007ffd3a350000 - 0x00007ffd3a371000 	C:\WINDOWS\SYSTEM32\profapi.dll
0x00007ffcfff10000 - 0x00007ffcfffe7000 	C:\Users\HP 14S-FQ1001NU\.jdks\openjdk-21.0.2\bin\jsvml.dll
0x00007ffd1e290000 - 0x00007ffd1e2a8000 	C:\Users\HP 14S-FQ1001NU\.jdks\openjdk-21.0.2\bin\zip.dll
0x00007ffd23840000 - 0x00007ffd23850000 	C:\Users\HP 14S-FQ1001NU\.jdks\openjdk-21.0.2\bin\net.dll
0x00007ffd33800000 - 0x00007ffd33936000 	C:\WINDOWS\SYSTEM32\WINHTTP.dll
0x00007ffd398c0000 - 0x00007ffd39929000 	C:\WINDOWS\system32\mswsock.dll
0x00007ffd0fde0000 - 0x00007ffd0fdf6000 	C:\Users\HP 14S-FQ1001NU\.jdks\openjdk-21.0.2\bin\nio.dll
0x00007ffd0fe30000 - 0x00007ffd0fe4a000 	C:\Program Files\JetBrains\IntelliJ IDEA Community Edition 2023.3.4\bin\breakgen64.dll
0x00007ffd1e280000 - 0x00007ffd1e289000 	C:\Users\HP 14S-FQ1001NU\.jdks\openjdk-21.0.2\bin\extnet.dll
0x0000000069ac0000 - 0x0000000069ae4000 	C:\Users\HP 14S-FQ1001NU\AppData\Local\Temp\jansi-2.4.0-4bba85a338edb0da-jansi.dll
0x00007ffd1d9d0000 - 0x00007ffd1d9e0000 	C:\Users\HP 14S-FQ1001NU\.jdks\openjdk-21.0.2\bin\verify.dll

dbghelp: loaded successfully - version: 4.0.5 - missing functions: none
symbol engine: initialized successfully - sym options: 0x614 - pdb path: .;C:\Users\HP 14S-FQ1001NU\.jdks\openjdk-21.0.2\bin;C:\WINDOWS\SYSTEM32;C:\WINDOWS\WinSxS\amd64_microsoft.windows.common-controls_6595b64144ccf1df_6.0.22621.3672_none_2713b9d173822955;C:\Users\HP 14S-FQ1001NU\.jdks\openjdk-21.0.2\bin\server;C:\Program Files\JetBrains\IntelliJ IDEA Community Edition 2023.3.4\bin;C:\Users\HP 14S-FQ1001NU\AppData\Local\Temp

VM Arguments:
jvm_args: -Dmaven.multiModuleProjectDirectory=C:\Users\HP 14S-FQ1001NU\IdeaProjects\local_java_repo -Djansi.passthrough=true -Dmaven.home=C:\Program Files\JetBrains\IntelliJ IDEA Community Edition 2023.3.4\plugins\maven\lib\maven3 -Dclassworlds.conf=C:\Program Files\JetBrains\IntelliJ IDEA Community Edition 2023.3.4\plugins\maven\lib\maven3\bin\m2.conf -Dmaven.ext.class.path=C:\Program Files\JetBrains\IntelliJ IDEA Community Edition 2023.3.4\plugins\maven\lib\maven-event-listener.jar -javaagent:C:\Program Files\JetBrains\IntelliJ IDEA Community Edition 2023.3.4\lib\idea_rt.jar=52118:C:\Program Files\JetBrains\IntelliJ IDEA Community Edition 2023.3.4\bin -Dfile.encoding=UTF-8 -Dsun.stdout.encoding=UTF-8 -Dsun.stderr.encoding=UTF-8 
java_command: org.codehaus.classworlds.Launcher -Didea.version=2023.3.4 clean install
java_class_path (initial): C:\Program Files\JetBrains\IntelliJ IDEA Community Edition 2023.3.4\plugins\maven\lib\maven3\boot\plexus-classworlds-2.7.0.jar;C:\Program Files\JetBrains\IntelliJ IDEA Community Edition 2023.3.4\plugins\maven\lib\maven3\boot\plexus-classworlds.license
Launcher Type: SUN_STANDARD

[Global flags]
     intx CICompilerCount                          = 4                                         {product} {ergonomic}
     uint ConcGCThreads                            = 2                                         {product} {ergonomic}
     uint G1ConcRefinementThreads                  = 8                                         {product} {ergonomic}
   size_t G1HeapRegionSize                         = 1048576                                   {product} {ergonomic}
    uintx GCDrainStackTargetSize                   = 64                                        {product} {ergonomic}
   size_t InitialHeapSize                          = 123731968                                 {product} {ergonomic}
   size_t MarkStackSize                            = 4194304                                   {product} {ergonomic}
   size_t MaxHeapSize                              = 1967128576                                {product} {ergonomic}
   size_t MaxNewSize                               = 1179648000                                {product} {ergonomic}
   size_t MinHeapDeltaBytes                        = 1048576                                   {product} {ergonomic}
   size_t MinHeapSize                              = 8388608                                   {product} {ergonomic}
    uintx NonNMethodCodeHeapSize                   = 5839372                                {pd product} {ergonomic}
    uintx NonProfiledCodeHeapSize                  = 122909434                              {pd product} {ergonomic}
    uintx ProfiledCodeHeapSize                     = 122909434                              {pd product} {ergonomic}
    uintx ReservedCodeCacheSize                    = 251658240                              {pd product} {ergonomic}
     bool SegmentedCodeCache                       = true                                      {product} {ergonomic}
   size_t SoftMaxHeapSize                          = 1967128576                             {manageable} {ergonomic}
     bool UseCompressedOops                        = true                           {product lp64_product} {ergonomic}
     bool UseG1GC                                  = true                                      {product} {ergonomic}
     bool UseLargePagesIndividualAllocation        = false                                  {pd product} {ergonomic}

Logging:
Log output configuration:
 #0: stdout all=warning uptime,level,tags foldmultilines=false
 #1: stderr all=off uptime,level,tags foldmultilines=false

Environment Variables:
PATH=C:\Program Files (x86)\Cuminas\Document Express DjVu Plug-in\;C:\WINDOWS\system32;C:\WINDOWS;C:\WINDOWS\System32\Wbem;C:\WINDOWS\System32\WindowsPowerShell\v1.0\;C:\WINDOWS\System32\OpenSSH\;C:\Program Files\Git\cmd;C:\Program Files\Microsoft SQL Server\150\Tools\Binn\;C:\mysys64\mingw64\bin;C:\Program Files\PuTTY\;C:\Program Files (x86)\Microsoft SQL Server\160\Tools\Binn\;C:\Program Files\Microsoft SQL Server\160\Tools\Binn\;C:\Program Files\Microsoft SQL Server\Client SDK\ODBC\170\Tools\Binn\;C:\Program Files\Microsoft SQL Server\160\DTS\Binn\;C:\Program Files (x86)\Microsoft SQL Server\160\DTS\Binn\;C:\Program Files\Azure Data Studio\bin;C:\MinGW\bin;C:\Program Files\dotnet\;C:\Program Files\nodejs\;C:\Users\HP 14S-FQ1001NU\AppData\Local\Programs\Python\Launcher\;C:\Users\HP 14S-FQ1001NU\AppData\Local\Microsoft\WindowsApps;C:\Users\HP 14S-FQ1001NU\AppData\Local\GitHubDesktop\bin;C:\Users\HP 14S-FQ1001NU\AppData\Local\Programs\Microsoft VS Code\bin;C:\Program Files\JetBrains\IntelliJ IDEA 2022.2.3\bin;;C:\Program Files\Azure Data Studio\bin;C:\Program Files\JetBrains\CLion 2023.1.3\bin;;C:\ghcup\bin;C:\Users\HP 14S-FQ1001NU\.dotnet\tools;C:\Users\HP 14S-FQ1001NU\AppData\Roaming\npm;C:\Users\HP 14S-FQ1001NU\AppData\Roaming\Microsoft\Windows\Start Menu\Programs\MSYS2 64bit\MSYS2 MSYS.lnk;C:\php;C:\Program Files\MongoDB\mongosh-2.2.6-win32-x64\bin;
USERNAME=HP 14S-FQ1001NU
OS=Windows_NT
PROCESSOR_IDENTIFIER=AMD64 Family 23 Model 104 Stepping 1, AuthenticAMD
TMP=C:\Users\HP14S-~1\AppData\Local\Temp
TEMP=C:\Users\HP14S-~1\AppData\Local\Temp




Periodic native trim disabled

---------------  S Y S T E M  ---------------

OS:
 Windows 11 , 64 bit Build 22621 (10.0.22621.3672)
OS uptime: 0 days 19:04 hours
Hyper-V role detected

CPU: total 8 (initial active 8) (8 cores per cpu, 2 threads per core) family 23 model 104 stepping 1 microcode 0x0, cx8, cmov, fxsr, ht, mmx, 3dnowpref, sse, sse2, sse3, ssse3, sse4a, sse4.1, sse4.2, popcnt, lzcnt, tsc, tscinvbit, avx, avx2, aes, clmul, bmi1, bmi2, adx, sha, fma, vzeroupper, clflush, clflushopt, hv, rdtscp, rdpid, f16c
Processor Information for processor 0
  Max Mhz: 2600, Current Mhz: 1896, Mhz Limit: 2600
Processor Information for processor 1
  Max Mhz: 2600, Current Mhz: 1896, Mhz Limit: 2600
Processor Information for processor 2
  Max Mhz: 2600, Current Mhz: 1896, Mhz Limit: 2600
Processor Information for processor 3
  Max Mhz: 2600, Current Mhz: 1896, Mhz Limit: 2600
Processor Information for processor 4
  Max Mhz: 2600, Current Mhz: 1789, Mhz Limit: 2600
Processor Information for processor 5
  Max Mhz: 2600, Current Mhz: 1896, Mhz Limit: 2600
Processor Information for processor 6
  Max Mhz: 2600, Current Mhz: 1896, Mhz Limit: 2600
Processor Information for processor 7
  Max Mhz: 2600, Current Mhz: 1896, Mhz Limit: 2600

Memory: 4k page, system-wide physical 7502M (500M free)
TotalPageFile size 10502M (AvailPageFile size 6M)
current process WorkingSet (physical memory assigned to process): 256M, peak: 259M
current process commit charge ("private bytes"): 290M, peak: 293M

vm_info: OpenJDK 64-Bit Server VM (21.0.2+13-58) for windows-amd64 JRE (21.0.2+13-58), built on 2024-01-05T18:32:24Z by "mach5one" with MS VC++ 17.1 (VS2022)

END.
