#
# There is insufficient memory for the Java Runtime Environment to continue.
# Native memory allocation (malloc) failed to allocate 1780976 bytes for Chunk::new
# Possible reasons:
#   The system is out of physical RAM or swap space
#   The process is running with CompressedOops enabled, and the Java Heap may be blocking the growth of the native heap
# Possible solutions:
#   Reduce memory load on the system
#   Increase physical memory or swap space
#   Check if swap backing store is full
#   Decrease Java heap size (-Xmx/-Xms)
#   Decrease number of Java threads
#   Decrease Java thread stack sizes (-Xss)
#   Set larger code cache with -XX:ReservedCodeCacheSize=
#   JVM is running with Unscaled Compressed Oops mode in which the Java heap is
#     placed in the first 4GB address space. The Java Heap base address is the
#     maximum limit for the native heap growth. Please use -XX:HeapBaseMinAddress
#     to set the Java Heap base and to place the Java Heap above 4GB virtual address.
# This output file may be truncated or incomplete.
#
#  Out of Memory Error (arena.cpp:168), pid=12636, tid=17712
#
# JRE version: OpenJDK Runtime Environment (21.0.2+13) (build 21.0.2+13-58)
# Java VM: OpenJDK 64-Bit Server VM (21.0.2+13-58, mixed mode, sharing, tiered, compressed oops, compressed class ptrs, g1 gc, windows-amd64)
# No core dump will be written. Minidumps are not enabled by default on client versions of Windows
#

---------------  S U M M A R Y ------------

Command Line: -javaagent:C:\Program Files\JetBrains\IntelliJ IDEA Community Edition 2023.3.4\lib\idea_rt.jar=50914:C:\Program Files\JetBrains\IntelliJ IDEA Community Edition 2023.3.4\bin -Dfile.encoding=UTF-8 -Dsun.stdout.encoding=UTF-8 -Dsun.stderr.encoding=UTF-8 bg.fmi.javaweb.sportstournamentorganizer.SportsTournamentOrganizerApplication

Host: AMD Ryzen 3 5300U with Radeon Graphics         , 8 cores, 7G,  Windows 11 , 64 bit Build 22621 (10.0.22621.3672)
Time: Sat Jun 22 18:15:50 2024  Windows 11 , 64 bit Build 22621 (10.0.22621.3672) elapsed time: 2.950541 seconds (0d 0h 0m 2s)

---------------  T H R E A D  ---------------

Current thread (0x000001f83640eba0):  JavaThread "C2 CompilerThread0" daemon [_thread_in_native, id=17712, stack(0x000000d99fe00000,0x000000d99ff00000) (1024K)]


Current CompileTask:
C2:   2950 2983   !   4       jdk.internal.loader.BuiltinClassLoader::loadClassOrNull (143 bytes)

Stack: [0x000000d99fe00000,0x000000d99ff00000]
Native frames: (J=compiled Java code, j=interpreted, Vv=VM code, C=native code)
V  [jvm.dll+0x6cade9]
V  [jvm.dll+0x8569c1]
V  [jvm.dll+0x858d2e]
V  [jvm.dll+0x859413]
V  [jvm.dll+0x280e56]
V  [jvm.dll+0xc3f3d]
V  [jvm.dll+0xc4473]
V  [jvm.dll+0x3b5bf2]
V  [jvm.dll+0x382855]
V  [jvm.dll+0x381cca]
V  [jvm.dll+0x249bd0]
V  [jvm.dll+0x2491b1]
V  [jvm.dll+0x1c9634]
V  [jvm.dll+0x258859]
V  [jvm.dll+0x256e3a]
V  [jvm.dll+0x3ef6c6]
V  [jvm.dll+0x7ff568]
V  [jvm.dll+0x6c953d]
C  [ucrtbase.dll+0x29333]
C  [KERNEL32.DLL+0x1257d]
C  [ntdll.dll+0x5af28]


---------------  P R O C E S S  ---------------

Threads class SMR info:
_java_thread_list=0x000001f87d620bb0, length=15, elements={
0x000001f817bfb240, 0x000001f8364053f0, 0x000001f836407fc0, 0x000001f8364092d0,
0x000001f83640b200, 0x000001f83640bc60, 0x000001f83640d6d0, 0x000001f83640eba0,
0x000001f83641adb0, 0x000001f83665fe70, 0x000001f83693f4d0, 0x000001f87c1cfc50,
0x000001f87c1d9520, 0x000001f87c530c40, 0x000001f87cd5a1f0
}

Java Threads: ( => current thread )
  0x000001f817bfb240 JavaThread "main"                              [_thread_blocked, id=328, stack(0x000000d99f000000,0x000000d99f100000) (1024K)]
  0x000001f8364053f0 JavaThread "Reference Handler"          daemon [_thread_blocked, id=16992, stack(0x000000d99f800000,0x000000d99f900000) (1024K)]
  0x000001f836407fc0 JavaThread "Finalizer"                  daemon [_thread_blocked, id=15496, stack(0x000000d99f900000,0x000000d99fa00000) (1024K)]
  0x000001f8364092d0 JavaThread "Signal Dispatcher"          daemon [_thread_blocked, id=408, stack(0x000000d99fa00000,0x000000d99fb00000) (1024K)]
  0x000001f83640b200 JavaThread "Attach Listener"            daemon [_thread_blocked, id=9644, stack(0x000000d99fb00000,0x000000d99fc00000) (1024K)]
  0x000001f83640bc60 JavaThread "Service Thread"             daemon [_thread_blocked, id=4236, stack(0x000000d99fc00000,0x000000d99fd00000) (1024K)]
  0x000001f83640d6d0 JavaThread "Monitor Deflation Thread"   daemon [_thread_blocked, id=12520, stack(0x000000d99fd00000,0x000000d99fe00000) (1024K)]
=>0x000001f83640eba0 JavaThread "C2 CompilerThread0"         daemon [_thread_in_native, id=17712, stack(0x000000d99fe00000,0x000000d99ff00000) (1024K)]
  0x000001f83641adb0 JavaThread "C1 CompilerThread0"         daemon [_thread_in_native, id=6736, stack(0x000000d99ff00000,0x000000d9a0000000) (1024K)]
  0x000001f83665fe70 JavaThread "Common-Cleaner"             daemon [_thread_blocked, id=1836, stack(0x000000d9a0000000,0x000000d9a0100000) (1024K)]
  0x000001f83693f4d0 JavaThread "C2 CompilerThread1"         daemon [_thread_in_native, id=8616, stack(0x000000d9a0100000,0x000000d9a0200000) (1024K)]
  0x000001f87c1cfc50 JavaThread "Monitor Ctrl-Break"         daemon [_thread_in_native, id=16088, stack(0x000000d9a0200000,0x000000d9a0300000) (1024K)]
  0x000001f87c1d9520 JavaThread "Notification Thread"        daemon [_thread_blocked, id=2564, stack(0x000000d9a0300000,0x000000d9a0400000) (1024K)]
  0x000001f87c530c40 JavaThread "Thread-0"                          [_thread_blocked, id=8768, stack(0x000000d9a0400000,0x000000d9a0500000) (1024K)]
  0x000001f87cd5a1f0 JavaThread "restartedMain"                     [_thread_in_vm, id=13024, stack(0x000000d9a0500000,0x000000d9a0600000) (1024K)]
Total: 15

Other Threads:
  0x000001f8363e5110 VMThread "VM Thread"                           [id=3440, stack(0x000000d99f700000,0x000000d99f800000) (1024K)]
  0x000001f8363cb670 WatcherThread "VM Periodic Task Thread"        [id=3232, stack(0x000000d99f600000,0x000000d99f700000) (1024K)]
  0x000001f819de6eb0 WorkerThread "GC Thread#0"                     [id=13720, stack(0x000000d99f100000,0x000000d99f200000) (1024K)]
  0x000001f87d0e0b40 WorkerThread "GC Thread#1"                     [id=4884, stack(0x000000d9a0600000,0x000000d9a0700000) (1024K)]
  0x000001f87d0e1620 WorkerThread "GC Thread#2"                     [id=1188, stack(0x000000d9a0700000,0x000000d9a0800000) (1024K)]
  0x000001f87d0e19c0 WorkerThread "GC Thread#3"                     [id=16076, stack(0x000000d9a0800000,0x000000d9a0900000) (1024K)]
  0x000001f87d0e0ee0 WorkerThread "GC Thread#4"                     [id=9568, stack(0x000000d9a0900000,0x000000d9a0a00000) (1024K)]
  0x000001f87d0e0060 WorkerThread "GC Thread#5"                     [id=1144, stack(0x000000d9a0a00000,0x000000d9a0b00000) (1024K)]
  0x000001f87d0e0400 WorkerThread "GC Thread#6"                     [id=12048, stack(0x000000d9a0c00000,0x000000d9a0d00000) (1024K)]
  0x000001f87d0e07a0 WorkerThread "GC Thread#7"                     [id=12056, stack(0x000000d9a0d00000,0x000000d9a0e00000) (1024K)]
  0x000001f819df6ac0 ConcurrentGCThread "G1 Main Marker"            [id=17648, stack(0x000000d99f200000,0x000000d99f300000) (1024K)]
  0x000001f819df7d60 WorkerThread "G1 Conc#0"                       [id=6952, stack(0x000000d99f300000,0x000000d99f400000) (1024K)]
  0x000001f83629e540 ConcurrentGCThread "G1 Refine#0"               [id=16852, stack(0x000000d99f400000,0x000000d99f500000) (1024K)]
  0x000001f83629efc0 ConcurrentGCThread "G1 Service"                [id=5168, stack(0x000000d99f500000,0x000000d99f600000) (1024K)]
Total: 14

Threads with active compile tasks:
C2 CompilerThread0     2970 2983   !   4       jdk.internal.loader.BuiltinClassLoader::loadClassOrNull (143 bytes)
C1 CompilerThread0     2970 3141       3       org.springframework.core.annotation.MergedAnnotationCollectors$$Lambda/0x000001f838282468::<init> (10 bytes)
C2 CompilerThread1     2970 3133   !   4       org.springframework.beans.factory.support.DefaultSingletonBeanRegistry::getSingleton (147 bytes)
Total: 3

VM state: not at safepoint (normal execution)

VM Mutex/Monitor currently owned by a thread: None

Heap address: 0x000000008ac00000, size: 1876 MB, Compressed Oops mode: 32-bit

CDS archive(s) mapped at: [0x000001f837000000-0x000001f837c90000-0x000001f837c90000), size 13172736, SharedBaseAddress: 0x000001f837000000, ArchiveRelocationMode: 1.
Compressed class space mapped at: 0x000001f838000000-0x000001f878000000, reserved size: 1073741824
Narrow klass base: 0x000001f837000000, Narrow klass shift: 0, Narrow klass range: 0x100000000

GC Precious Log:
 CardTable entry size: 512
 Card Set container configuration: InlinePtr #cards 5 size 8 Array Of Cards #cards 12 size 40 Howl #buckets 4 coarsen threshold 1843 Howl Bitmap #cards 512 size 80 coarsen threshold 460 Card regions per heap region 1 cards per card region 2048
 CPUs: 8 total, 8 available
 Memory: 7502M
 Large Page Support: Disabled
 NUMA Support: Disabled
 Compressed Oops: Enabled (32-bit)
 Heap Region Size: 1M
 Heap Min Capacity: 8M
 Heap Initial Capacity: 118M
 Heap Max Capacity: 1876M
 Pre-touch: Disabled
 Parallel Workers: 8
 Concurrent Workers: 2
 Concurrent Refinement Workers: 8
 Periodic GC: Disabled

Heap:
 garbage-first heap   total 120832K, used 51957K [0x000000008ac00000, 0x0000000100000000)
  region size 1024K, 47 young (48128K), 4 survivors (4096K)
 Metaspace       used 21057K, committed 21376K, reserved 1114112K
  class space    used 2524K, committed 2688K, reserved 1048576K

Heap Regions: E=young(eden), S=young(survivor), O=old, HS=humongous(starts), HC=humongous(continues), CS=collection set, F=free, TAMS=top-at-mark-start, PB=parsable bottom
|   0|0x000000008ac00000, 0x000000008ad00000, 0x000000008ad00000|100%|HS|  |TAMS 0x000000008ac00000| PB 0x000000008ac00000| Complete 
|   1|0x000000008ad00000, 0x000000008ae00000, 0x000000008ae00000|100%| O|  |TAMS 0x000000008ad00000| PB 0x000000008ad00000| Untracked 
|   2|0x000000008ae00000, 0x000000008af00000, 0x000000008af00000|100%| O|  |TAMS 0x000000008ae00000| PB 0x000000008ae00000| Untracked 
|   3|0x000000008af00000, 0x000000008b000000, 0x000000008b000000|100%| O|  |TAMS 0x000000008af00000| PB 0x000000008af00000| Untracked 
|   4|0x000000008b000000, 0x000000008b100000, 0x000000008b100000|100%| O|  |TAMS 0x000000008b000000| PB 0x000000008b000000| Untracked 
|   5|0x000000008b100000, 0x000000008b200000, 0x000000008b200000|100%| O|  |TAMS 0x000000008b100000| PB 0x000000008b100000| Untracked 
|   6|0x000000008b200000, 0x000000008b2aeac8, 0x000000008b300000| 68%| O|  |TAMS 0x000000008b200000| PB 0x000000008b200000| Untracked 
|   7|0x000000008b300000, 0x000000008b300000, 0x000000008b400000|  0%| F|  |TAMS 0x000000008b300000| PB 0x000000008b300000| Untracked 
|   8|0x000000008b400000, 0x000000008b400000, 0x000000008b500000|  0%| F|  |TAMS 0x000000008b400000| PB 0x000000008b400000| Untracked 
|   9|0x000000008b500000, 0x000000008b500000, 0x000000008b600000|  0%| F|  |TAMS 0x000000008b500000| PB 0x000000008b500000| Untracked 
|  10|0x000000008b600000, 0x000000008b600000, 0x000000008b700000|  0%| F|  |TAMS 0x000000008b600000| PB 0x000000008b600000| Untracked 
|  11|0x000000008b700000, 0x000000008b700000, 0x000000008b800000|  0%| F|  |TAMS 0x000000008b700000| PB 0x000000008b700000| Untracked 
|  12|0x000000008b800000, 0x000000008b800000, 0x000000008b900000|  0%| F|  |TAMS 0x000000008b800000| PB 0x000000008b800000| Untracked 
|  13|0x000000008b900000, 0x000000008b900000, 0x000000008ba00000|  0%| F|  |TAMS 0x000000008b900000| PB 0x000000008b900000| Untracked 
|  14|0x000000008ba00000, 0x000000008ba00000, 0x000000008bb00000|  0%| F|  |TAMS 0x000000008ba00000| PB 0x000000008ba00000| Untracked 
|  15|0x000000008bb00000, 0x000000008bb00000, 0x000000008bc00000|  0%| F|  |TAMS 0x000000008bb00000| PB 0x000000008bb00000| Untracked 
|  16|0x000000008bc00000, 0x000000008bc00000, 0x000000008bd00000|  0%| F|  |TAMS 0x000000008bc00000| PB 0x000000008bc00000| Untracked 
|  17|0x000000008bd00000, 0x000000008bd00000, 0x000000008be00000|  0%| F|  |TAMS 0x000000008bd00000| PB 0x000000008bd00000| Untracked 
|  18|0x000000008be00000, 0x000000008be00000, 0x000000008bf00000|  0%| F|  |TAMS 0x000000008be00000| PB 0x000000008be00000| Untracked 
|  19|0x000000008bf00000, 0x000000008bf00000, 0x000000008c000000|  0%| F|  |TAMS 0x000000008bf00000| PB 0x000000008bf00000| Untracked 
|  20|0x000000008c000000, 0x000000008c000000, 0x000000008c100000|  0%| F|  |TAMS 0x000000008c000000| PB 0x000000008c000000| Untracked 
|  21|0x000000008c100000, 0x000000008c100000, 0x000000008c200000|  0%| F|  |TAMS 0x000000008c100000| PB 0x000000008c100000| Untracked 
|  22|0x000000008c200000, 0x000000008c200000, 0x000000008c300000|  0%| F|  |TAMS 0x000000008c200000| PB 0x000000008c200000| Untracked 
|  23|0x000000008c300000, 0x000000008c300000, 0x000000008c400000|  0%| F|  |TAMS 0x000000008c300000| PB 0x000000008c300000| Untracked 
|  24|0x000000008c400000, 0x000000008c400000, 0x000000008c500000|  0%| F|  |TAMS 0x000000008c400000| PB 0x000000008c400000| Untracked 
|  25|0x000000008c500000, 0x000000008c500000, 0x000000008c600000|  0%| F|  |TAMS 0x000000008c500000| PB 0x000000008c500000| Untracked 
|  26|0x000000008c600000, 0x000000008c600000, 0x000000008c700000|  0%| F|  |TAMS 0x000000008c600000| PB 0x000000008c600000| Untracked 
|  27|0x000000008c700000, 0x000000008c700000, 0x000000008c800000|  0%| F|  |TAMS 0x000000008c700000| PB 0x000000008c700000| Untracked 
|  28|0x000000008c800000, 0x000000008c800000, 0x000000008c900000|  0%| F|  |TAMS 0x000000008c800000| PB 0x000000008c800000| Untracked 
|  29|0x000000008c900000, 0x000000008c900000, 0x000000008ca00000|  0%| F|  |TAMS 0x000000008c900000| PB 0x000000008c900000| Untracked 
|  30|0x000000008ca00000, 0x000000008ca00000, 0x000000008cb00000|  0%| F|  |TAMS 0x000000008ca00000| PB 0x000000008ca00000| Untracked 
|  31|0x000000008cb00000, 0x000000008cb00000, 0x000000008cc00000|  0%| F|  |TAMS 0x000000008cb00000| PB 0x000000008cb00000| Untracked 
|  32|0x000000008cc00000, 0x000000008cc00000, 0x000000008cd00000|  0%| F|  |TAMS 0x000000008cc00000| PB 0x000000008cc00000| Untracked 
|  33|0x000000008cd00000, 0x000000008cd00000, 0x000000008ce00000|  0%| F|  |TAMS 0x000000008cd00000| PB 0x000000008cd00000| Untracked 
|  34|0x000000008ce00000, 0x000000008ce00000, 0x000000008cf00000|  0%| F|  |TAMS 0x000000008ce00000| PB 0x000000008ce00000| Untracked 
|  35|0x000000008cf00000, 0x000000008cf00000, 0x000000008d000000|  0%| F|  |TAMS 0x000000008cf00000| PB 0x000000008cf00000| Untracked 
|  36|0x000000008d000000, 0x000000008d000000, 0x000000008d100000|  0%| F|  |TAMS 0x000000008d000000| PB 0x000000008d000000| Untracked 
|  37|0x000000008d100000, 0x000000008d100000, 0x000000008d200000|  0%| F|  |TAMS 0x000000008d100000| PB 0x000000008d100000| Untracked 
|  38|0x000000008d200000, 0x000000008d200000, 0x000000008d300000|  0%| F|  |TAMS 0x000000008d200000| PB 0x000000008d200000| Untracked 
|  39|0x000000008d300000, 0x000000008d300000, 0x000000008d400000|  0%| F|  |TAMS 0x000000008d300000| PB 0x000000008d300000| Untracked 
|  40|0x000000008d400000, 0x000000008d400000, 0x000000008d500000|  0%| F|  |TAMS 0x000000008d400000| PB 0x000000008d400000| Untracked 
|  41|0x000000008d500000, 0x000000008d500000, 0x000000008d600000|  0%| F|  |TAMS 0x000000008d500000| PB 0x000000008d500000| Untracked 
|  42|0x000000008d600000, 0x000000008d600000, 0x000000008d700000|  0%| F|  |TAMS 0x000000008d600000| PB 0x000000008d600000| Untracked 
|  43|0x000000008d700000, 0x000000008d700000, 0x000000008d800000|  0%| F|  |TAMS 0x000000008d700000| PB 0x000000008d700000| Untracked 
|  44|0x000000008d800000, 0x000000008d800000, 0x000000008d900000|  0%| F|  |TAMS 0x000000008d800000| PB 0x000000008d800000| Untracked 
|  45|0x000000008d900000, 0x000000008d900000, 0x000000008da00000|  0%| F|  |TAMS 0x000000008d900000| PB 0x000000008d900000| Untracked 
|  46|0x000000008da00000, 0x000000008da00000, 0x000000008db00000|  0%| F|  |TAMS 0x000000008da00000| PB 0x000000008da00000| Untracked 
|  47|0x000000008db00000, 0x000000008db00000, 0x000000008dc00000|  0%| F|  |TAMS 0x000000008db00000| PB 0x000000008db00000| Untracked 
|  48|0x000000008dc00000, 0x000000008dc00000, 0x000000008dd00000|  0%| F|  |TAMS 0x000000008dc00000| PB 0x000000008dc00000| Untracked 
|  49|0x000000008dd00000, 0x000000008dd00000, 0x000000008de00000|  0%| F|  |TAMS 0x000000008dd00000| PB 0x000000008dd00000| Untracked 
|  50|0x000000008de00000, 0x000000008de00000, 0x000000008df00000|  0%| F|  |TAMS 0x000000008de00000| PB 0x000000008de00000| Untracked 
|  51|0x000000008df00000, 0x000000008df00000, 0x000000008e000000|  0%| F|  |TAMS 0x000000008df00000| PB 0x000000008df00000| Untracked 
|  52|0x000000008e000000, 0x000000008e000000, 0x000000008e100000|  0%| F|  |TAMS 0x000000008e000000| PB 0x000000008e000000| Untracked 
|  53|0x000000008e100000, 0x000000008e100000, 0x000000008e200000|  0%| F|  |TAMS 0x000000008e100000| PB 0x000000008e100000| Untracked 
|  54|0x000000008e200000, 0x000000008e200000, 0x000000008e300000|  0%| F|  |TAMS 0x000000008e200000| PB 0x000000008e200000| Untracked 
|  55|0x000000008e300000, 0x000000008e300000, 0x000000008e400000|  0%| F|  |TAMS 0x000000008e300000| PB 0x000000008e300000| Untracked 
|  56|0x000000008e400000, 0x000000008e400000, 0x000000008e500000|  0%| F|  |TAMS 0x000000008e400000| PB 0x000000008e400000| Untracked 
|  57|0x000000008e500000, 0x000000008e500000, 0x000000008e600000|  0%| F|  |TAMS 0x000000008e500000| PB 0x000000008e500000| Untracked 
|  58|0x000000008e600000, 0x000000008e600000, 0x000000008e700000|  0%| F|  |TAMS 0x000000008e600000| PB 0x000000008e600000| Untracked 
|  59|0x000000008e700000, 0x000000008e700000, 0x000000008e800000|  0%| F|  |TAMS 0x000000008e700000| PB 0x000000008e700000| Untracked 
|  60|0x000000008e800000, 0x000000008e800000, 0x000000008e900000|  0%| F|  |TAMS 0x000000008e800000| PB 0x000000008e800000| Untracked 
|  61|0x000000008e900000, 0x000000008e900000, 0x000000008ea00000|  0%| F|  |TAMS 0x000000008e900000| PB 0x000000008e900000| Untracked 
|  62|0x000000008ea00000, 0x000000008ea00000, 0x000000008eb00000|  0%| F|  |TAMS 0x000000008ea00000| PB 0x000000008ea00000| Untracked 
|  63|0x000000008eb00000, 0x000000008eb00000, 0x000000008ec00000|  0%| F|  |TAMS 0x000000008eb00000| PB 0x000000008eb00000| Untracked 
|  64|0x000000008ec00000, 0x000000008ec00000, 0x000000008ed00000|  0%| F|  |TAMS 0x000000008ec00000| PB 0x000000008ec00000| Untracked 
|  65|0x000000008ed00000, 0x000000008ed00000, 0x000000008ee00000|  0%| F|  |TAMS 0x000000008ed00000| PB 0x000000008ed00000| Untracked 
|  66|0x000000008ee00000, 0x000000008ee00000, 0x000000008ef00000|  0%| F|  |TAMS 0x000000008ee00000| PB 0x000000008ee00000| Untracked 
|  67|0x000000008ef00000, 0x000000008ef00000, 0x000000008f000000|  0%| F|  |TAMS 0x000000008ef00000| PB 0x000000008ef00000| Untracked 
|  68|0x000000008f000000, 0x000000008f000000, 0x000000008f100000|  0%| F|  |TAMS 0x000000008f000000| PB 0x000000008f000000| Untracked 
|  69|0x000000008f100000, 0x000000008f100000, 0x000000008f200000|  0%| F|  |TAMS 0x000000008f100000| PB 0x000000008f100000| Untracked 
|  70|0x000000008f200000, 0x000000008f200000, 0x000000008f300000|  0%| F|  |TAMS 0x000000008f200000| PB 0x000000008f200000| Untracked 
|  71|0x000000008f300000, 0x000000008f355438, 0x000000008f400000| 33%| E|  |TAMS 0x000000008f300000| PB 0x000000008f300000| Complete 
|  72|0x000000008f400000, 0x000000008f500000, 0x000000008f500000|100%| E|CS|TAMS 0x000000008f400000| PB 0x000000008f400000| Complete 
|  73|0x000000008f500000, 0x000000008f600000, 0x000000008f600000|100%| E|CS|TAMS 0x000000008f500000| PB 0x000000008f500000| Complete 
|  74|0x000000008f600000, 0x000000008f700000, 0x000000008f700000|100%| E|CS|TAMS 0x000000008f600000| PB 0x000000008f600000| Complete 
|  75|0x000000008f700000, 0x000000008f800000, 0x000000008f800000|100%| E|CS|TAMS 0x000000008f700000| PB 0x000000008f700000| Complete 
|  76|0x000000008f800000, 0x000000008f900000, 0x000000008f900000|100%| E|CS|TAMS 0x000000008f800000| PB 0x000000008f800000| Complete 
|  77|0x000000008f900000, 0x000000008fa00000, 0x000000008fa00000|100%| E|CS|TAMS 0x000000008f900000| PB 0x000000008f900000| Complete 
|  78|0x000000008fa00000, 0x000000008fb00000, 0x000000008fb00000|100%| E|CS|TAMS 0x000000008fa00000| PB 0x000000008fa00000| Complete 
|  79|0x000000008fb00000, 0x000000008fc00000, 0x000000008fc00000|100%| E|CS|TAMS 0x000000008fb00000| PB 0x000000008fb00000| Complete 
|  80|0x000000008fc00000, 0x000000008fd00000, 0x000000008fd00000|100%| E|CS|TAMS 0x000000008fc00000| PB 0x000000008fc00000| Complete 
|  81|0x000000008fd00000, 0x000000008fd0ebe0, 0x000000008fe00000|  5%| S|CS|TAMS 0x000000008fd00000| PB 0x000000008fd00000| Complete 
|  82|0x000000008fe00000, 0x000000008ff00000, 0x000000008ff00000|100%| S|CS|TAMS 0x000000008fe00000| PB 0x000000008fe00000| Complete 
|  83|0x000000008ff00000, 0x0000000090000000, 0x0000000090000000|100%| S|CS|TAMS 0x000000008ff00000| PB 0x000000008ff00000| Complete 
|  84|0x0000000090000000, 0x0000000090100000, 0x0000000090100000|100%| S|CS|TAMS 0x0000000090000000| PB 0x0000000090000000| Complete 
|  85|0x0000000090100000, 0x0000000090200000, 0x0000000090200000|100%| E|CS|TAMS 0x0000000090100000| PB 0x0000000090100000| Complete 
|  86|0x0000000090200000, 0x0000000090300000, 0x0000000090300000|100%| E|  |TAMS 0x0000000090200000| PB 0x0000000090200000| Complete 
|  87|0x0000000090300000, 0x0000000090400000, 0x0000000090400000|100%| E|CS|TAMS 0x0000000090300000| PB 0x0000000090300000| Complete 
|  88|0x0000000090400000, 0x0000000090500000, 0x0000000090500000|100%| E|CS|TAMS 0x0000000090400000| PB 0x0000000090400000| Complete 
|  89|0x0000000090500000, 0x0000000090600000, 0x0000000090600000|100%| E|CS|TAMS 0x0000000090500000| PB 0x0000000090500000| Complete 
|  90|0x0000000090600000, 0x0000000090700000, 0x0000000090700000|100%| E|CS|TAMS 0x0000000090600000| PB 0x0000000090600000| Complete 
|  91|0x0000000090700000, 0x0000000090800000, 0x0000000090800000|100%| E|CS|TAMS 0x0000000090700000| PB 0x0000000090700000| Complete 
|  92|0x0000000090800000, 0x0000000090900000, 0x0000000090900000|100%| E|CS|TAMS 0x0000000090800000| PB 0x0000000090800000| Complete 
|  93|0x0000000090900000, 0x0000000090a00000, 0x0000000090a00000|100%| E|CS|TAMS 0x0000000090900000| PB 0x0000000090900000| Complete 
|  94|0x0000000090a00000, 0x0000000090b00000, 0x0000000090b00000|100%| E|CS|TAMS 0x0000000090a00000| PB 0x0000000090a00000| Complete 
|  95|0x0000000090b00000, 0x0000000090c00000, 0x0000000090c00000|100%| E|CS|TAMS 0x0000000090b00000| PB 0x0000000090b00000| Complete 
|  96|0x0000000090c00000, 0x0000000090d00000, 0x0000000090d00000|100%| E|CS|TAMS 0x0000000090c00000| PB 0x0000000090c00000| Complete 
|  97|0x0000000090d00000, 0x0000000090e00000, 0x0000000090e00000|100%| E|CS|TAMS 0x0000000090d00000| PB 0x0000000090d00000| Complete 
|  98|0x0000000090e00000, 0x0000000090f00000, 0x0000000090f00000|100%| E|CS|TAMS 0x0000000090e00000| PB 0x0000000090e00000| Complete 
|  99|0x0000000090f00000, 0x0000000091000000, 0x0000000091000000|100%| E|CS|TAMS 0x0000000090f00000| PB 0x0000000090f00000| Complete 
| 100|0x0000000091000000, 0x0000000091100000, 0x0000000091100000|100%| E|CS|TAMS 0x0000000091000000| PB 0x0000000091000000| Complete 
| 101|0x0000000091100000, 0x0000000091200000, 0x0000000091200000|100%| E|CS|TAMS 0x0000000091100000| PB 0x0000000091100000| Complete 
| 102|0x0000000091200000, 0x0000000091300000, 0x0000000091300000|100%| E|CS|TAMS 0x0000000091200000| PB 0x0000000091200000| Complete 
| 103|0x0000000091300000, 0x0000000091400000, 0x0000000091400000|100%| E|CS|TAMS 0x0000000091300000| PB 0x0000000091300000| Complete 
| 104|0x0000000091400000, 0x0000000091500000, 0x0000000091500000|100%| E|CS|TAMS 0x0000000091400000| PB 0x0000000091400000| Complete 
| 105|0x0000000091500000, 0x0000000091600000, 0x0000000091600000|100%| E|CS|TAMS 0x0000000091500000| PB 0x0000000091500000| Complete 
| 106|0x0000000091600000, 0x0000000091700000, 0x0000000091700000|100%| E|CS|TAMS 0x0000000091600000| PB 0x0000000091600000| Complete 
| 107|0x0000000091700000, 0x0000000091800000, 0x0000000091800000|100%| E|CS|TAMS 0x0000000091700000| PB 0x0000000091700000| Complete 
| 108|0x0000000091800000, 0x0000000091900000, 0x0000000091900000|100%| E|CS|TAMS 0x0000000091800000| PB 0x0000000091800000| Complete 
| 109|0x0000000091900000, 0x0000000091a00000, 0x0000000091a00000|100%| E|CS|TAMS 0x0000000091900000| PB 0x0000000091900000| Complete 
| 110|0x0000000091a00000, 0x0000000091b00000, 0x0000000091b00000|100%| E|CS|TAMS 0x0000000091a00000| PB 0x0000000091a00000| Complete 
| 111|0x0000000091b00000, 0x0000000091c00000, 0x0000000091c00000|100%| E|CS|TAMS 0x0000000091b00000| PB 0x0000000091b00000| Complete 
| 112|0x0000000091c00000, 0x0000000091d00000, 0x0000000091d00000|100%| E|CS|TAMS 0x0000000091c00000| PB 0x0000000091c00000| Complete 
| 113|0x0000000091d00000, 0x0000000091e00000, 0x0000000091e00000|100%| E|CS|TAMS 0x0000000091d00000| PB 0x0000000091d00000| Complete 
| 114|0x0000000091e00000, 0x0000000091f00000, 0x0000000091f00000|100%| E|CS|TAMS 0x0000000091e00000| PB 0x0000000091e00000| Complete 
| 115|0x0000000091f00000, 0x0000000092000000, 0x0000000092000000|100%| E|CS|TAMS 0x0000000091f00000| PB 0x0000000091f00000| Complete 
| 116|0x0000000092000000, 0x0000000092100000, 0x0000000092100000|100%| E|CS|TAMS 0x0000000092000000| PB 0x0000000092000000| Complete 
| 117|0x0000000092100000, 0x0000000092200000, 0x0000000092200000|100%| E|CS|TAMS 0x0000000092100000| PB 0x0000000092100000| Complete 

Card table byte_map: [0x000001f8318c0000,0x000001f831c70000] _byte_map_base: 0x000001f83146a000

Marking Bits: (CMBitMap*) 0x000001f819de75b0
 Bits: [0x000001f831c70000, 0x000001f8339c0000)

Polling page: 0x000001f817d30000

Metaspace:

Usage:
  Non-class:     18.10 MB used.
      Class:      2.47 MB used.
       Both:     20.57 MB used.

Virtual space:
  Non-class space:       64.00 MB reserved,      18.25 MB ( 29%) committed,  1 nodes.
      Class space:        1.00 GB reserved,       2.62 MB ( <1%) committed,  1 nodes.
             Both:        1.06 GB reserved,      20.88 MB (  2%) committed. 

Chunk freelists:
   Non-Class:  13.62 MB
       Class:  13.20 MB
        Both:  26.83 MB

MaxMetaspaceSize: unlimited
CompressedClassSpaceSize: 1.00 GB
Initial GC threshold: 21.00 MB
Current GC threshold: 21.00 MB
CDS: on
 - commit_granule_bytes: 65536.
 - commit_granule_words: 8192.
 - virtual_space_node_default_size: 8388608.
 - enlarge_chunks_in_place: 1.
 - use_allocation_guard: 0.


Internal statistics:

num_allocs_failed_limit: 0.
num_arena_births: 292.
num_arena_deaths: 0.
num_vsnodes_births: 2.
num_vsnodes_deaths: 0.
num_space_committed: 334.
num_space_uncommitted: 0.
num_chunks_returned_to_freelist: 0.
num_chunks_taken_from_freelist: 993.
num_chunk_merges: 0.
num_chunk_splits: 675.
num_chunks_enlarged: 499.
num_inconsistent_stats: 0.

CodeHeap 'non-profiled nmethods': size=120000Kb used=1400Kb max_used=1400Kb free=118599Kb
 bounds [0x000001f829cb0000, 0x000001f829f20000, 0x000001f8311e0000]
CodeHeap 'profiled nmethods': size=120000Kb used=6408Kb max_used=6408Kb free=113591Kb
 bounds [0x000001f8221e0000, 0x000001f822830000, 0x000001f829710000]
CodeHeap 'non-nmethods': size=5760Kb used=1442Kb max_used=1469Kb free=4317Kb
 bounds [0x000001f829710000, 0x000001f829980000, 0x000001f829cb0000]
 total_blobs=3671 nmethods=3143 adapters=432
 compilation: enabled
              stopped_count=0, restarted_count=0
 full_count=0

Compilation events (20 events):
Event: 2.933 Thread 0x000001f83641adb0 3097       3       org.springframework.core.ResolvableType::toClass (7 bytes)
Event: 2.933 Thread 0x000001f83641adb0 nmethod 3097 0x000001f822804890 code [0x000001f822804a40, 0x000001f822804ca8]
Event: 2.933 Thread 0x000001f83641adb0 3096       1       org.springframework.core.ResolvableType$SyntheticParameterizedType::getRawType (5 bytes)
Event: 2.934 Thread 0x000001f83641adb0 nmethod 3096 0x000001f829e09790 code [0x000001f829e09920, 0x000001f829e099e8]
Event: 2.934 Thread 0x000001f83641adb0 3102       3       org.springframework.core.ResolvableType::isAssignableFrom (503 bytes)
Event: 2.935 Thread 0x000001f83693f4d0 nmethod 3090 0x000001f829e09a90 code [0x000001f829e09c80, 0x000001f829e0a490]
Event: 2.935 Thread 0x000001f83693f4d0 3100       4       org.springframework.beans.factory.support.AbstractBeanFactory::getMergedLocalBeanDefinition (38 bytes)
Event: 2.936 Thread 0x000001f83641adb0 nmethod 3102 0x000001f822804d90 code [0x000001f822805240, 0x000001f822807be8]
Event: 2.936 Thread 0x000001f83641adb0 3103       3       org.springframework.core.ResolvableType::isAssignableFrom (8 bytes)
Event: 2.936 Thread 0x000001f83641adb0 nmethod 3103 0x000001f822808610 code [0x000001f8228087c0, 0x000001f822808910]
Event: 2.942 Thread 0x000001f83641adb0 3104       3       java.lang.WeakPairMap$Pair$Weak::first (5 bytes)
Event: 2.942 Thread 0x000001f83641adb0 nmethod 3104 0x000001f822808990 code [0x000001f822808b20, 0x000001f822808ce0]
Event: 2.942 Thread 0x000001f83641adb0 3106       3       java.util.StringJoiner::<init> (63 bytes)
Event: 2.942 Thread 0x000001f83693f4d0 nmethod 3100 0x000001f829e0a810 code [0x000001f829e0aa00, 0x000001f829e0aff0]
Event: 2.942 Thread 0x000001f83693f4d0 3091       4       org.springframework.beans.factory.support.DefaultSingletonBeanRegistry::containsSingleton (11 bytes)
Event: 2.943 Thread 0x000001f83641adb0 nmethod 3106 0x000001f822808d90 code [0x000001f822808fe0, 0x000001f822809948]
Event: 2.943 Thread 0x000001f83641adb0 3105       3       java.lang.WeakPairMap$Pair$Weak::second (8 bytes)
Event: 2.943 Thread 0x000001f83641adb0 nmethod 3105 0x000001f822809c90 code [0x000001f822809e40, 0x000001f82280a010]
Event: 2.943 Thread 0x000001f83641adb0 3107       3       java.lang.Class$Atomic::casReflectionData (13 bytes)
Event: 2.943 Thread 0x000001f83641adb0 nmethod 3107 0x000001f82280a110 code [0x000001f82280a2a0, 0x000001f82280a3f0]

GC Heap History (4 events):
Event: 1.095 GC heap before
{Heap before GC invocations=0 (full 0):
 garbage-first heap   total 120832K, used 24576K [0x000000008ac00000, 0x0000000100000000)
  region size 1024K, 23 young (23552K), 0 survivors (0K)
 Metaspace       used 5829K, committed 6016K, reserved 1114112K
  class space    used 659K, committed 768K, reserved 1048576K
}
Event: 1.100 GC heap after
{Heap after GC invocations=1 (full 0):
 garbage-first heap   total 120832K, used 6549K [0x000000008ac00000, 0x0000000100000000)
  region size 1024K, 3 young (3072K), 3 survivors (3072K)
 Metaspace       used 5829K, committed 6016K, reserved 1114112K
  class space    used 659K, committed 768K, reserved 1048576K
}
Event: 1.849 GC heap before
{Heap before GC invocations=1 (full 0):
 garbage-first heap   total 120832K, used 36245K [0x000000008ac00000, 0x0000000100000000)
  region size 1024K, 33 young (33792K), 3 survivors (3072K)
 Metaspace       used 14227K, committed 14464K, reserved 1114112K
  class space    used 1675K, committed 1792K, reserved 1048576K
}
Event: 1.854 GC heap after
{Heap after GC invocations=2 (full 0):
 garbage-first heap   total 120832K, used 9973K [0x000000008ac00000, 0x0000000100000000)
  region size 1024K, 4 young (4096K), 4 survivors (4096K)
 Metaspace       used 14227K, committed 14464K, reserved 1114112K
  class space    used 1675K, committed 1792K, reserved 1048576K
}

Dll operation events (13 events):
Event: 0.015 Loaded shared library C:\Users\HP 14S-FQ1001NU\.jdks\openjdk-21.0.2\bin\java.dll
Event: 0.058 Loaded shared library C:\Users\HP 14S-FQ1001NU\.jdks\openjdk-21.0.2\bin\jsvml.dll
Event: 0.178 Loaded shared library C:\Users\HP 14S-FQ1001NU\.jdks\openjdk-21.0.2\bin\zip.dll
Event: 0.184 Loaded shared library C:\Users\HP 14S-FQ1001NU\.jdks\openjdk-21.0.2\bin\instrument.dll
Event: 0.193 Loaded shared library C:\Users\HP 14S-FQ1001NU\.jdks\openjdk-21.0.2\bin\net.dll
Event: 0.196 Loaded shared library C:\Users\HP 14S-FQ1001NU\.jdks\openjdk-21.0.2\bin\nio.dll
Event: 0.201 Loaded shared library C:\Users\HP 14S-FQ1001NU\.jdks\openjdk-21.0.2\bin\zip.dll
Event: 0.354 Loaded shared library C:\Program Files\JetBrains\IntelliJ IDEA Community Edition 2023.3.4\bin\breakgen64.dll
Event: 0.368 Loaded shared library C:\Users\HP 14S-FQ1001NU\.jdks\openjdk-21.0.2\bin\extnet.dll
Event: 0.423 Loaded shared library C:\Users\HP 14S-FQ1001NU\.jdks\openjdk-21.0.2\bin\jimage.dll
Event: 0.887 Loaded shared library C:\Users\HP 14S-FQ1001NU\.jdks\openjdk-21.0.2\bin\management.dll
Event: 0.890 Loaded shared library C:\Users\HP 14S-FQ1001NU\.jdks\openjdk-21.0.2\bin\management_ext.dll
Event: 2.049 Loaded shared library C:\Users\HP 14S-FQ1001NU\.jdks\openjdk-21.0.2\bin\sunmscapi.dll

Deoptimization events (20 events):
Event: 2.724 Thread 0x000001f87cd5a1f0 Uncommon trap: trap_request=0xffffffde fr.pc=0x000001f829cbd548 relative=0x00000000000001a8
Event: 2.724 Thread 0x000001f87cd5a1f0 Uncommon trap: reason=class_check action=maybe_recompile pc=0x000001f829cbd548 method=java.lang.String.equals(Ljava/lang/Object;)Z @ 8 c2
Event: 2.724 Thread 0x000001f87cd5a1f0 DEOPT PACKING pc=0x000001f829cbd548 sp=0x000000d9a05fe770
Event: 2.724 Thread 0x000001f87cd5a1f0 DEOPT UNPACKING pc=0x000001f8297646a2 sp=0x000000d9a05fe6f8 mode 2
Event: 2.724 Thread 0x000001f87cd5a1f0 Uncommon trap: trap_request=0xffffffde fr.pc=0x000001f829cbd548 relative=0x00000000000001a8
Event: 2.724 Thread 0x000001f87cd5a1f0 Uncommon trap: reason=class_check action=maybe_recompile pc=0x000001f829cbd548 method=java.lang.String.equals(Ljava/lang/Object;)Z @ 8 c2
Event: 2.724 Thread 0x000001f87cd5a1f0 DEOPT PACKING pc=0x000001f829cbd548 sp=0x000000d9a05fe770
Event: 2.724 Thread 0x000001f87cd5a1f0 DEOPT UNPACKING pc=0x000001f8297646a2 sp=0x000000d9a05fe6f8 mode 2
Event: 2.724 Thread 0x000001f87cd5a1f0 Uncommon trap: trap_request=0xffffffde fr.pc=0x000001f829cbd548 relative=0x00000000000001a8
Event: 2.724 Thread 0x000001f87cd5a1f0 Uncommon trap: reason=class_check action=maybe_recompile pc=0x000001f829cbd548 method=java.lang.String.equals(Ljava/lang/Object;)Z @ 8 c2
Event: 2.724 Thread 0x000001f87cd5a1f0 DEOPT PACKING pc=0x000001f829cbd548 sp=0x000000d9a05fe770
Event: 2.724 Thread 0x000001f87cd5a1f0 DEOPT UNPACKING pc=0x000001f8297646a2 sp=0x000000d9a05fe6f8 mode 2
Event: 2.725 Thread 0x000001f87cd5a1f0 Uncommon trap: trap_request=0xffffffde fr.pc=0x000001f829de509c relative=0x000000000000049c
Event: 2.725 Thread 0x000001f87cd5a1f0 Uncommon trap: reason=class_check action=maybe_recompile pc=0x000001f829de509c method=java.lang.String.equals(Ljava/lang/Object;)Z @ 8 c2
Event: 2.725 Thread 0x000001f87cd5a1f0 DEOPT PACKING pc=0x000001f829de509c sp=0x000000d9a05fe4e0
Event: 2.726 Thread 0x000001f87cd5a1f0 DEOPT UNPACKING pc=0x000001f8297646a2 sp=0x000000d9a05fe398 mode 2
Event: 2.726 Thread 0x000001f87cd5a1f0 Uncommon trap: trap_request=0xffffffde fr.pc=0x000001f829cbd548 relative=0x00000000000001a8
Event: 2.726 Thread 0x000001f87cd5a1f0 Uncommon trap: reason=class_check action=maybe_recompile pc=0x000001f829cbd548 method=java.lang.String.equals(Ljava/lang/Object;)Z @ 8 c2
Event: 2.726 Thread 0x000001f87cd5a1f0 DEOPT PACKING pc=0x000001f829cbd548 sp=0x000000d9a05fe420
Event: 2.726 Thread 0x000001f87cd5a1f0 DEOPT UNPACKING pc=0x000001f8297646a2 sp=0x000000d9a05fe3a8 mode 2

Classes loaded (20 events):
Event: 2.063 Loading class sun/security/ssl/SunJSSE
Event: 2.063 Loading class sun/security/ssl/SunJSSE done
Event: 2.064 Loading class com/sun/crypto/provider/SunJCE
Event: 2.064 Loading class com/sun/crypto/provider/SunJCE done
Event: 2.069 Loading class sun/security/provider/certpath/ldap/JdkLDAP
Event: 2.069 Loading class sun/security/provider/certpath/ldap/JdkLDAP done
Event: 2.070 Loading class sun/security/provider/certpath/ldap/JdkLDAP$ProviderService
Event: 2.070 Loading class sun/security/provider/certpath/ldap/JdkLDAP$ProviderService done
Event: 2.070 Loading class com/sun/security/sasl/Provider
Event: 2.070 Loading class com/sun/security/sasl/Provider done
Event: 2.070 Loading class com/sun/security/sasl/Provider$1
Event: 2.071 Loading class com/sun/security/sasl/Provider$1 done
Event: 2.071 Loading class com/sun/security/sasl/Provider$ProviderService
Event: 2.071 Loading class com/sun/security/sasl/Provider$ProviderService done
Event: 2.150 Loading class javax/naming/ldap/LdapContext
Event: 2.150 Loading class javax/naming/directory/DirContext
Event: 2.150 Loading class javax/naming/directory/DirContext done
Event: 2.150 Loading class javax/naming/ldap/LdapContext done
Event: 2.441 Loading class java/beans/PropertyVetoException
Event: 2.441 Loading class java/beans/PropertyVetoException done

Classes unloaded (0 events):
No events

Classes redefined (0 events):
No events

Internal exceptions (20 events):
Event: 1.433 Thread 0x000001f87cd5a1f0 Exception <a 'java/lang/NoSuchMethodError'{0x000000009175f2d8}: 'void java.lang.invoke.DirectMethodHandle$Holder.invokeStaticInit(java.lang.Object, java.lang.Object, java.lang.Object)'> (0x000000009175f2d8) 
thrown [s\open\src\hotspot\share\interpreter\linkResolver.cpp, line 773]
Event: 1.439 Thread 0x000001f87cd5a1f0 Exception <a 'java/lang/NoSuchMethodError'{0x00000000917a4f48}: 'java.lang.Object java.lang.invoke.DirectMethodHandle$Holder.invokeVirtual(java.lang.Object, java.lang.Object, java.lang.Object)'> (0x00000000917a4f48) 
thrown [s\open\src\hotspot\share\interpreter\linkResolver.cpp, line 773]
Event: 1.443 Thread 0x000001f87cd5a1f0 Exception <a 'java/lang/NoSuchMethodError'{0x00000000917c4c08}: 'java.lang.Object java.lang.invoke.DirectMethodHandle$Holder.invokeStatic(java.lang.Object, long, java.lang.Object)'> (0x00000000917c4c08) 
thrown [s\open\src\hotspot\share\interpreter\linkResolver.cpp, line 773]
Event: 1.443 Thread 0x000001f87cd5a1f0 Exception <a 'java/lang/NoSuchMethodError'{0x00000000917c84b8}: 'java.lang.Object java.lang.invoke.DirectMethodHandle$Holder.invokeStaticInit(java.lang.Object, long, java.lang.Object)'> (0x00000000917c84b8) 
thrown [s\open\src\hotspot\share\interpreter\linkResolver.cpp, line 773]
Event: 1.443 Thread 0x000001f87cd5a1f0 Exception <a 'java/lang/NoSuchMethodError'{0x00000000917cdc20}: 'java.lang.Object java.lang.invoke.DirectMethodHandle$Holder.newInvokeSpecial(java.lang.Object, long)'> (0x00000000917cdc20) 
thrown [s\open\src\hotspot\share\interpreter\linkResolver.cpp, line 773]
Event: 1.469 Thread 0x000001f87cd5a1f0 Exception <a 'java/lang/NoSuchMethodError'{0x0000000091626eb8}: 'void java.lang.invoke.DirectMethodHandle$Holder.invokeVirtual(java.lang.Object, java.lang.Object, java.lang.Object, java.lang.Object)'> (0x0000000091626eb8) 
thrown [s\open\src\hotspot\share\interpreter\linkResolver.cpp, line 773]
Event: 1.553 Thread 0x000001f87d315cb0 Exception <a 'java/lang/NoClassDefFoundError'{0x00000000915c4430}: jakarta/validation/Validation> (0x00000000915c4430) 
thrown [s\open\src\hotspot\share\classfile\systemDictionary.cpp, line 301]
Event: 1.554 Thread 0x000001f87cd5a1f0 Exception <a 'java/lang/IncompatibleClassChangeError'{0x0000000091593a50}: Found class java.lang.Object, but interface was expected> (0x0000000091593a50) 
thrown [s\open\src\hotspot\share\interpreter\linkResolver.cpp, line 840]
Event: 1.561 Thread 0x000001f87cd5a1f0 Exception <a 'java/lang/NoSuchMethodError'{0x00000000914251b0}: 'java.lang.Object java.lang.invoke.DirectMethodHandle$Holder.invokeStaticInit(java.lang.Object, int)'> (0x00000000914251b0) 
thrown [s\open\src\hotspot\share\interpreter\linkResolver.cpp, line 773]
Event: 1.563 Thread 0x000001f87cd5a1f0 Exception <a 'java/lang/NoSuchMethodError'{0x000000009142f2f0}: 'java.lang.Object java.lang.invoke.DirectMethodHandle$Holder.invokeStatic(java.lang.Object, int, java.lang.Object)'> (0x000000009142f2f0) 
thrown [s\open\src\hotspot\share\interpreter\linkResolver.cpp, line 773]
Event: 1.564 Thread 0x000001f87cd5a1f0 Exception <a 'java/lang/NoSuchMethodError'{0x0000000091432940}: 'java.lang.Object java.lang.invoke.DirectMethodHandle$Holder.invokeStaticInit(java.lang.Object, int, java.lang.Object)'> (0x0000000091432940) 
thrown [s\open\src\hotspot\share\interpreter\linkResolver.cpp, line 773]
Event: 1.929 Thread 0x000001f87cd5a1f0 Exception <a 'java/lang/NoSuchMethodError'{0x0000000091a484b0}: 'int java.lang.invoke.DirectMethodHandle$Holder.invokeSpecial(java.lang.Object, java.lang.Object, java.lang.Object, java.lang.Object, java.lang.Object)'> (0x0000000091a484b0) 
thrown [s\open\src\hotspot\share\interpreter\linkResolver.cpp, line 773]
Event: 1.931 Thread 0x000001f87cd5a1f0 Exception <a 'java/lang/NoSuchMethodError'{0x0000000091a50778}: 'void java.lang.invoke.DirectMethodHandle$Holder.invokeVirtual(java.lang.Object, java.lang.Object)'> (0x0000000091a50778) 
thrown [s\open\src\hotspot\share\interpreter\linkResolver.cpp, line 773]
Event: 1.954 Thread 0x000001f87d315cb0 Exception <a 'java/lang/NoSuchMethodError'{0x000000009181a900}: 'long java.lang.invoke.DirectMethodHandle$Holder.invokeSpecial(java.lang.Object, java.lang.Object)'> (0x000000009181a900) 
thrown [s\open\src\hotspot\share\interpreter\linkResolver.cpp, line 773]
Event: 1.956 Thread 0x000001f87d315cb0 Exception <a 'java/lang/NoSuchMethodError'{0x00000000918241e0}: 'long java.lang.invoke.DirectMethodHandle$Holder.invokeStatic(java.lang.Object, java.lang.Object)'> (0x00000000918241e0) 
thrown [s\open\src\hotspot\share\interpreter\linkResolver.cpp, line 773]
Event: 1.956 Thread 0x000001f87d315cb0 Exception <a 'java/lang/NoSuchMethodError'{0x0000000091827298}: 'long java.lang.invoke.DirectMethodHandle$Holder.invokeStaticInit(java.lang.Object, java.lang.Object)'> (0x0000000091827298) 
thrown [s\open\src\hotspot\share\interpreter\linkResolver.cpp, line 773]
Event: 1.958 Thread 0x000001f87d315cb0 Exception <a 'java/lang/NoSuchMethodError'{0x0000000091833380}: 'long java.lang.invoke.DirectMethodHandle$Holder.invokeInterface(java.lang.Object, java.lang.Object)'> (0x0000000091833380) 
thrown [s\open\src\hotspot\share\interpreter\linkResolver.cpp, line 773]
Event: 1.959 Thread 0x000001f87d315cb0 Exception <a 'java/lang/IncompatibleClassChangeError'{0x0000000091836380}: Found class java.lang.Object, but interface was expected> (0x0000000091836380) 
thrown [s\open\src\hotspot\share\interpreter\linkResolver.cpp, line 840]
Event: 1.963 Thread 0x000001f87d315cb0 Exception <a 'java/lang/NoSuchMethodError'{0x000000009184dc50}: 'java.lang.Object java.lang.invoke.DirectMethodHandle$Holder.invokeVirtual(java.lang.Object, java.lang.Object, java.lang.Object, java.lang.Object)'> (0x000000009184dc50) 
thrown [s\open\src\hotspot\share\interpreter\linkResolver.cpp, line 773]
Event: 2.201 Thread 0x000001f87cd5a1f0 Exception <a 'java/lang/IncompatibleClassChangeError'{0x0000000090efe5e8}: Found class java.lang.Object, but interface was expected> (0x0000000090efe5e8) 
thrown [s\open\src\hotspot\share\interpreter\linkResolver.cpp, line 840]

ZGC Phase Switch (0 events):
No events

VM Operations (20 events):
Event: 1.541 Executing VM operation: HandshakeAllThreads (Deoptimize)
Event: 1.541 Executing VM operation: HandshakeAllThreads (Deoptimize) done
Event: 1.694 Executing VM operation: ICBufferFull
Event: 1.694 Executing VM operation: ICBufferFull done
Event: 1.742 Executing VM operation: HandshakeAllThreads (Deoptimize)
Event: 1.742 Executing VM operation: HandshakeAllThreads (Deoptimize) done
Event: 1.849 Executing VM operation: G1CollectForAllocation (G1 Evacuation Pause)
Event: 1.854 Executing VM operation: G1CollectForAllocation (G1 Evacuation Pause) done
Event: 1.858 Executing VM operation: HandshakeAllThreads (Deoptimize)
Event: 1.858 Executing VM operation: HandshakeAllThreads (Deoptimize) done
Event: 1.910 Executing VM operation: HandshakeAllThreads (Deoptimize)
Event: 1.910 Executing VM operation: HandshakeAllThreads (Deoptimize) done
Event: 2.010 Executing VM operation: HandshakeAllThreads (Deoptimize)
Event: 2.010 Executing VM operation: HandshakeAllThreads (Deoptimize) done
Event: 2.056 Executing VM operation: HandshakeAllThreads (Deoptimize)
Event: 2.056 Executing VM operation: HandshakeAllThreads (Deoptimize) done
Event: 2.281 Executing VM operation: ICBufferFull
Event: 2.281 Executing VM operation: ICBufferFull done
Event: 2.774 Executing VM operation: ICBufferFull
Event: 2.775 Executing VM operation: ICBufferFull done

Events (19 events):
Event: 0.033 Thread 0x000001f817bfb240 Thread added: 0x000001f817bfb240
Event: 0.055 Thread 0x000001f8364053f0 Thread added: 0x000001f8364053f0
Event: 0.056 Thread 0x000001f836407fc0 Thread added: 0x000001f836407fc0
Event: 0.056 Thread 0x000001f8364092d0 Thread added: 0x000001f8364092d0
Event: 0.056 Thread 0x000001f83640b200 Thread added: 0x000001f83640b200
Event: 0.056 Thread 0x000001f83640bc60 Thread added: 0x000001f83640bc60
Event: 0.056 Thread 0x000001f83640d6d0 Thread added: 0x000001f83640d6d0
Event: 0.056 Thread 0x000001f83640eba0 Thread added: 0x000001f83640eba0
Event: 0.056 Thread 0x000001f83641adb0 Thread added: 0x000001f83641adb0
Event: 0.150 Thread 0x000001f83665fe70 Thread added: 0x000001f83665fe70
Event: 0.255 Thread 0x000001f83693f4d0 Thread added: 0x000001f83693f4d0
Event: 0.355 Thread 0x000001f87c1cfc50 Thread added: 0x000001f87c1cfc50
Event: 0.355 Thread 0x000001f87c1d9520 Thread added: 0x000001f87c1d9520
Event: 0.964 Thread 0x000001f87c530c40 Thread added: 0x000001f87c530c40
Event: 0.969 Thread 0x000001f87cd5a1f0 Thread added: 0x000001f87cd5a1f0
Event: 1.549 Thread 0x000001f87d315cb0 Thread added: 0x000001f87d315cb0
Event: 2.073 Thread 0x000001f87d315cb0 Thread exited: 0x000001f87d315cb0
Event: 2.111 Thread 0x000001f87d792900 Thread added: 0x000001f87d792900
Event: 2.191 Thread 0x000001f87d792900 Thread exited: 0x000001f87d792900


Dynamic libraries:
0x00007ff681980000 - 0x00007ff68198e000 	C:\Users\HP 14S-FQ1001NU\.jdks\openjdk-21.0.2\bin\java.exe
0x00007ffd3d0f0000 - 0x00007ffd3d307000 	C:\WINDOWS\SYSTEM32\ntdll.dll
0x00007ffd3b7a0000 - 0x00007ffd3b864000 	C:\WINDOWS\System32\KERNEL32.DLL
0x00007ffd3aa80000 - 0x00007ffd3ae2c000 	C:\WINDOWS\System32\KERNELBASE.dll
0x00007ffd3a960000 - 0x00007ffd3aa71000 	C:\WINDOWS\System32\ucrtbase.dll
0x00007ffd23200000 - 0x00007ffd23218000 	C:\Users\HP 14S-FQ1001NU\.jdks\openjdk-21.0.2\bin\jli.dll
0x00007ffd051a0000 - 0x00007ffd051bb000 	C:\Users\HP 14S-FQ1001NU\.jdks\openjdk-21.0.2\bin\VCRUNTIME140.dll
0x00007ffd3ccd0000 - 0x00007ffd3ce7e000 	C:\WINDOWS\System32\USER32.dll
0x00007ffd1fce0000 - 0x00007ffd1ff73000 	C:\WINDOWS\WinSxS\amd64_microsoft.windows.common-controls_6595b64144ccf1df_6.0.22621.3672_none_2713b9d173822955\COMCTL32.dll
0x00007ffd3a530000 - 0x00007ffd3a556000 	C:\WINDOWS\System32\win32u.dll
0x00007ffd3bab0000 - 0x00007ffd3bb57000 	C:\WINDOWS\System32\msvcrt.dll
0x00007ffd3d080000 - 0x00007ffd3d0a9000 	C:\WINDOWS\System32\GDI32.dll
0x00007ffd3a790000 - 0x00007ffd3a8a9000 	C:\WINDOWS\System32\gdi32full.dll
0x00007ffd3a490000 - 0x00007ffd3a52a000 	C:\WINDOWS\System32\msvcp_win.dll
0x00007ffd3c5f0000 - 0x00007ffd3c621000 	C:\WINDOWS\System32\IMM32.DLL
0x00007ffd33b10000 - 0x00007ffd33b1c000 	C:\Users\HP 14S-FQ1001NU\.jdks\openjdk-21.0.2\bin\vcruntime140_1.dll
0x00007ffcfbdb0000 - 0x00007ffcfbe3e000 	C:\Users\HP 14S-FQ1001NU\.jdks\openjdk-21.0.2\bin\msvcp140.dll
0x00007ffceec90000 - 0x00007ffcef9a7000 	C:\Users\HP 14S-FQ1001NU\.jdks\openjdk-21.0.2\bin\server\jvm.dll
0x00007ffd3c940000 - 0x00007ffd3c9f2000 	C:\WINDOWS\System32\ADVAPI32.dll
0x00007ffd3bbe0000 - 0x00007ffd3bc8a000 	C:\WINDOWS\System32\sechost.dll
0x00007ffd3a8b0000 - 0x00007ffd3a8d8000 	C:\WINDOWS\System32\bcrypt.dll
0x00007ffd3ce80000 - 0x00007ffd3cf95000 	C:\WINDOWS\System32\RPCRT4.dll
0x00007ffd3bb60000 - 0x00007ffd3bbd1000 	C:\WINDOWS\System32\WS2_32.dll
0x00007ffd39ce0000 - 0x00007ffd39d2d000 	C:\WINDOWS\SYSTEM32\POWRPROF.dll
0x00007ffd31b80000 - 0x00007ffd31bb4000 	C:\WINDOWS\SYSTEM32\WINMM.dll
0x00007ffd31d50000 - 0x00007ffd31d5a000 	C:\WINDOWS\SYSTEM32\VERSION.dll
0x00007ffd39cc0000 - 0x00007ffd39cd3000 	C:\WINDOWS\SYSTEM32\UMPDC.dll
0x00007ffd39430000 - 0x00007ffd39448000 	C:\WINDOWS\SYSTEM32\kernel.appcore.dll
0x00007ffd27080000 - 0x00007ffd2708a000 	C:\Users\HP 14S-FQ1001NU\.jdks\openjdk-21.0.2\bin\jimage.dll
0x00007ffd37d80000 - 0x00007ffd37fb2000 	C:\WINDOWS\SYSTEM32\DBGHELP.DLL
0x00007ffd3b410000 - 0x00007ffd3b798000 	C:\WINDOWS\System32\combase.dll
0x00007ffd3cbf0000 - 0x00007ffd3ccc7000 	C:\WINDOWS\System32\OLEAUT32.dll
0x00007ffd1f100000 - 0x00007ffd1f132000 	C:\WINDOWS\SYSTEM32\dbgcore.DLL
0x00007ffd3a8e0000 - 0x00007ffd3a95b000 	C:\WINDOWS\System32\bcryptPrimitives.dll
0x00007ffd36890000 - 0x00007ffd3689f000 	C:\Users\HP 14S-FQ1001NU\.jdks\openjdk-21.0.2\bin\instrument.dll
0x00007ffd05160000 - 0x00007ffd0517f000 	C:\Users\HP 14S-FQ1001NU\.jdks\openjdk-21.0.2\bin\java.dll
0x00007ffd3bc90000 - 0x00007ffd3c4ec000 	C:\WINDOWS\System32\SHELL32.dll
0x00007ffd38320000 - 0x00007ffd38c17000 	C:\WINDOWS\SYSTEM32\windows.storage.dll
0x00007ffd381e0000 - 0x00007ffd3831f000 	C:\WINDOWS\SYSTEM32\wintypes.dll
0x00007ffd3c4f0000 - 0x00007ffd3c5e4000 	C:\WINDOWS\System32\SHCORE.dll
0x00007ffd3b880000 - 0x00007ffd3b8de000 	C:\WINDOWS\System32\shlwapi.dll
0x00007ffd3a350000 - 0x00007ffd3a371000 	C:\WINDOWS\SYSTEM32\profapi.dll
0x00007ffcf8cf0000 - 0x00007ffcf8dc7000 	C:\Users\HP 14S-FQ1001NU\.jdks\openjdk-21.0.2\bin\jsvml.dll
0x00007ffd0fa90000 - 0x00007ffd0faa8000 	C:\Users\HP 14S-FQ1001NU\.jdks\openjdk-21.0.2\bin\zip.dll
0x00007ffd27070000 - 0x00007ffd27080000 	C:\Users\HP 14S-FQ1001NU\.jdks\openjdk-21.0.2\bin\net.dll
0x00007ffd33800000 - 0x00007ffd33936000 	C:\WINDOWS\SYSTEM32\WINHTTP.dll
0x00007ffd398c0000 - 0x00007ffd39929000 	C:\WINDOWS\system32\mswsock.dll
0x00007ffd10620000 - 0x00007ffd10636000 	C:\Users\HP 14S-FQ1001NU\.jdks\openjdk-21.0.2\bin\nio.dll
0x00007ffd23830000 - 0x00007ffd2384a000 	C:\Program Files\JetBrains\IntelliJ IDEA Community Edition 2023.3.4\bin\breakgen64.dll
0x00007ffd10610000 - 0x00007ffd10619000 	C:\Users\HP 14S-FQ1001NU\.jdks\openjdk-21.0.2\bin\extnet.dll
0x00007ffd30e90000 - 0x00007ffd30e9a000 	C:\Users\HP 14S-FQ1001NU\.jdks\openjdk-21.0.2\bin\management.dll
0x00007ffd23890000 - 0x00007ffd2389b000 	C:\Users\HP 14S-FQ1001NU\.jdks\openjdk-21.0.2\bin\management_ext.dll
0x00007ffd3b870000 - 0x00007ffd3b878000 	C:\WINDOWS\System32\PSAPI.DLL
0x00007ffd23820000 - 0x00007ffd2382e000 	C:\Users\HP 14S-FQ1001NU\.jdks\openjdk-21.0.2\bin\sunmscapi.dll
0x00007ffd3a620000 - 0x00007ffd3a787000 	C:\WINDOWS\System32\CRYPT32.dll
0x00007ffd39dd0000 - 0x00007ffd39dfe000 	C:\WINDOWS\SYSTEM32\ncrypt.dll
0x00007ffd39d90000 - 0x00007ffd39dc7000 	C:\WINDOWS\SYSTEM32\NTASN1.dll

dbghelp: loaded successfully - version: 4.0.5 - missing functions: none
symbol engine: initialized successfully - sym options: 0x614 - pdb path: .;C:\Users\HP 14S-FQ1001NU\.jdks\openjdk-21.0.2\bin;C:\WINDOWS\SYSTEM32;C:\WINDOWS\WinSxS\amd64_microsoft.windows.common-controls_6595b64144ccf1df_6.0.22621.3672_none_2713b9d173822955;C:\Users\HP 14S-FQ1001NU\.jdks\openjdk-21.0.2\bin\server;C:\Program Files\JetBrains\IntelliJ IDEA Community Edition 2023.3.4\bin

VM Arguments:
jvm_args: -javaagent:C:\Program Files\JetBrains\IntelliJ IDEA Community Edition 2023.3.4\lib\idea_rt.jar=50914:C:\Program Files\JetBrains\IntelliJ IDEA Community Edition 2023.3.4\bin -Dfile.encoding=UTF-8 -Dsun.stdout.encoding=UTF-8 -Dsun.stderr.encoding=UTF-8 
java_command: bg.fmi.javaweb.sportstournamentorganizer.SportsTournamentOrganizerApplication
java_class_path (initial): C:\Users\HP 14S-FQ1001NU\IdeaProjects\local_java_repo\target\classes;C:\Users\HP 14S-FQ1001NU\.m2\repository\org\springframework\boot\spring-boot-starter-web\3.3.0\spring-boot-starter-web-3.3.0.jar;C:\Users\HP 14S-FQ1001NU\.m2\repository\org\springframework\boot\spring-boot-starter\3.3.0\spring-boot-starter-3.3.0.jar;C:\Users\HP 14S-FQ1001NU\.m2\repository\org\springframework\boot\spring-boot-starter-logging\3.3.0\spring-boot-starter-logging-3.3.0.jar;C:\Users\HP 14S-FQ1001NU\.m2\repository\ch\qos\logback\logback-classic\1.5.6\logback-classic-1.5.6.jar;C:\Users\HP 14S-FQ1001NU\.m2\repository\ch\qos\logback\logback-core\1.5.6\logback-core-1.5.6.jar;C:\Users\HP 14S-FQ1001NU\.m2\repository\org\apache\logging\log4j\log4j-to-slf4j\2.23.1\log4j-to-slf4j-2.23.1.jar;C:\Users\HP 14S-FQ1001NU\.m2\repository\org\apache\logging\log4j\log4j-api\2.23.1\log4j-api-2.23.1.jar;C:\Users\HP 14S-FQ1001NU\.m2\repository\org\slf4j\jul-to-slf4j\2.0.13\jul-to-slf4j-2.0.13.jar;C:\Users\HP 14S-FQ1001NU\.m2\repository\jakarta\annotation\jakarta.annotation-api\2.1.1\jakarta.annotation-api-2.1.1.jar;C:\Users\HP 14S-FQ1001NU\.m2\repository\org\yaml\snakeyaml\2.2\snakeyaml-2.2.jar;C:\Users\HP 14S-FQ1001NU\.m2\repository\org\springframework\boot\spring-boot-starter-json\3.3.0\spring-boot-starter-json-3.3.0.jar;C:\Users\HP 14S-FQ1001NU\.m2\repository\com\fasterxml\jackson\core\jackson-databind\2.17.1\jackson-databind-2.17.1.jar;C:\Users\HP 14S-FQ1001NU\.m2\repository\com\fasterxml\jackson\core\jackson-annotations\2.17.1\jackson-annotations-2.17.1.jar;C:\Users\HP 14S-FQ1001NU\.m2\repository\com\fasterxml\jackson\core\jackson-core\2.17.1\jackson-core-2.17.1.jar;C:\Users\HP 14S-FQ1001NU\.m2\repository\com\fasterxml\jackson\datatype\jackson-datatype-jdk8\2.17.1\jackson-datatype-jdk8-2.17.1.jar;C:\Users\HP 14S-FQ1001NU\.m2\repository\com\fasterxml\jackson\datatype\jackson-datatype-jsr310\2.17.1\jackson-datatype-jsr310-2.17.1.jar;C:\Users\HP 14S-FQ1001NU\.m2\repository\com\fasterxml\jackson\module\jackson-module-parameter-names\2.17.1\jackson-module-parameter-names-2.17.1.jar;C:\Users\HP 14S-FQ1001NU\.m2\repository\org\springframework\boot\spring-boot-starter-tomcat\3.3.0\spring-boot-starter-tomcat-3.3.0.jar;C:\Users\HP 14S-FQ1001NU\.m2\repository\org\apache\tomcat\embed\tomcat-embed-core\10.1.24\tomcat-embed-core-10.1.24.jar;C:\Users\HP 14S-FQ1001NU\.m2\repository\org\apache\tomcat\embed\tomcat-embed-el\10.1.24\tomcat-embed-el-10.1.24.jar;C:\Users\HP 14S-FQ1001NU\.m2\repository\org\apache\tomcat\embed\tomcat-embed-websocket\10.1.24\tomcat-embed-websocket-10.1.24.jar;C:\Users\HP 14S-FQ1001NU\.m2\repository\org\springframework\spring-web\6.1.8\spring-web-6.1.8.jar;C:\Users\HP 14S-FQ1001NU\.m2\repository\org\springframework\spring-beans\6.1.8\spring-beans-6.1.8.jar;C:\Users\HP 14S-FQ1001NU\.m2\repository\io\micrometer\micrometer-observation\1.13.0\micrometer-observation-1.13.0.jar;C:\Users\HP 14S-FQ1001NU\.m2\repository\io\micrometer\micrometer-commons\1.13.0\micrometer-commons-1.13.0.jar;C:\Users\HP 14S-FQ1001NU\.m2\repository\org\springframework\spring-webmvc\6.1.8\spring-webmvc-6.1.8.jar;C:\Users\HP 14S-FQ1001NU\.m2\repository\org\springframework\spring-aop\6.1.8\spring-aop-6.1.8.jar;C:\Users\HP 14S-FQ1001NU\.m2\repository\org\springframework\spring-context\6.1.8\spring-context-6.1.8.jar;C:\Users\HP 14S-FQ1001NU\.m2\repository\org\springframework\spring-expression\6.1.8\spring-expression-6.1.8.jar;C:\Users\HP 14S-FQ1001NU\.m2\repository\org\springframework\boot\spring-boot-devtools\3.3.0\spring-boot-devtools-3.3.0.jar;C:\Users\HP 14S-FQ1001NU\.m2\repository\org\springframework\boot\spring-boot\3.3.0\spring-boot-3.3.0.jar;C:\Users\HP 14S-FQ1001NU\.m2\repository\org\springframework\boot\spring-boot-autoconfigure\3.3.0\spring-boot-autoconfigure-3.3.0.jar;C:\Users\HP 14S-FQ1001NU\.m2\repository\org\slf4j\slf4j-api\2.0.13\slf4j-api-2.0.13.jar;C:\Users\HP 14S-FQ1001NU\.m2\repository\jakarta\xml\bind\jakarta.xml.bind-api\4.0.2\jakarta.xml.bind-api-4.0.2.jar;C:\Users\HP 14S-FQ1001NU\.m2\repository\jakarta\activation\jakarta.activation-api\2.1.3\jakarta.activation-api-2.1.3.jar;C:\Users\HP 14S-FQ1001NU\.m2\repository\net\bytebuddy\byte-buddy\1.14.16\byte-buddy-1.14.16.jar;C:\Users\HP 14S-FQ1001NU\.m2\repository\org\springframework\spring-core\6.1.8\spring-core-6.1.8.jar;C:\Users\HP 14S-FQ1001NU\.m2\repository\org\springframework\spring-jcl\6.1.8\spring-jcl-6.1.8.jar;C:\Users\HP 14S-FQ1001NU\.m2\repository\org\mapstruct\mapstruct\1.6.0.Beta1\mapstruct-1.6.0.Beta1.jar;C:\Users\HP 14S-FQ1001NU\.m2\repository\org\mapstruct\mapstruct-processor\1.6.0.Beta1\mapstruct-processor-1.6.0.Beta1.jar;C:\Users\HP 14S-FQ1001NU\.m2\repository\org\postgresql\postgresql\42.7.3\postgresql-42.7.3.jar;C:\Users\HP 14S-FQ1001NU\.m2\repository\org\checkerframework\checker-qual\3.42.0\checker-qual-3.42.0.jar;C:\Users\HP 14S-FQ1001NU\.m2\repository\org\springframework\boot\spring-boot-starter-data-jpa\3.3.0\spring-boot-starter-data-jpa-3.3.0.jar;C:\Users\HP 14S-FQ1001NU\.m2\repository\org\springframework\boot\spring-boot-starter-aop\3.3.0\spring-boot-starter-aop-3.3.0.jar;C:\Users\HP 14S-FQ1001NU\.m2\repository\org\aspectj\aspectjweaver\1.9.22\aspectjweaver-1.9.22.jar;C:\Users\HP 14S-FQ1001NU\.m2\repository\org\springframework\boot\spring-boot-starter-jdbc\3.3.0\spring-boot-starter-jdbc-3.3.0.jar;C:\Users\HP 14S-FQ1001NU\.m2\repository\com\zaxxer\HikariCP\5.1.0\HikariCP-5.1.0.jar;C:\Users\HP 14S-FQ1001NU\.m2\repository\org\springframework\spring-jdbc\6.1.8\spring-jdbc-6.1.8.jar;C:\Users\HP 14S-FQ1001NU\.m2\repository\org\hibernate\orm\hibernate-core\6.5.2.Final\hibernate-core-6.5.2.Final.jar;C:\Users\HP 14S-FQ1001NU\.m2\repository\jakarta\persistence\jakarta.persistence-api\3.1.0\jakarta.persistence-api-3.1.0.jar;C:\Users\HP 14S-FQ1001NU\.m2\repository\jakarta\transaction\jakarta.transaction-api\2.0.1\jakarta.transaction-api-2.0.1.jar;C:\Users\HP 14S-FQ1001NU\.m2\repository\org\jboss\logging\jboss-logging\3.5.3.Final\jboss-logging-3.5.3.Final.jar;C:\Users\HP 14S-FQ1001NU\.m2\repository\org\hibernate\common\hibernate-commons-annotations\6.0.6.Final\hibernate-commons-annotations-6.0.6.Final.jar;C:\Users\HP 14S-FQ1001NU\.m2\repository\io\smallrye\jandex\3.1.2\jandex-3.1.2.jar;C:\Users\HP 14S-FQ1001NU\.m2\repository\com\fasterxml\classmate\1.7.0\classmate-1.7.0.jar;C:\Users\HP 14S-FQ1001NU\.m2\repository\org\glassfish\jaxb\jaxb-runtime\4.0.5\jaxb-runtime-4.0.5.jar;C:\Users\HP 14S-FQ1001NU\.m2\repository\org\glassfish\jaxb\jaxb-core\4.0.5\jaxb-core-4.0.5.jar;C:\Users\HP 14S-FQ1001NU\.m2\repository\org\eclipse\angus\angus-activation\2.0.2\angus-activation-2.0.2.jar;C:\Users\HP 14S-FQ1001NU\.m2\repository\org\glassfish\jaxb\txw2\4.0.5\txw2-4.0.5.jar;C:\Users\HP 14S-FQ1001NU\.m2\repository\com\sun\istack\istack-commons-runtime\4.1.2\istack-commons-runtime-4.1.2.jar;C:\Users\HP 14S-FQ1001NU\.m2\repository\jakarta\inject\jakarta.inject-api\2.0.1\jakarta.inject-api-2.0.1.jar;C:\Users\HP 14S-FQ1001NU\.m2\repository\org\antlr\antlr4-runtime\4.13.0\antlr4-runtime-4.13.0.jar;C:\Users\HP 14S-FQ1001NU\.m2\repository\org\springframework\data\spring-data-jpa\3.3.0\spring-data-jpa-3.3.0.jar;C:\Users\HP 14S-FQ1001NU\.m2\repository\org\springframework\data\spring-data-commons\3.3.0\spring-data-commons-3.3.0.jar;C:\Users\HP 14S-FQ1001NU\.m2\repository\org\springframework\spring-orm\6.1.8\spring-orm-6.1.8.jar;C:\Users\HP 14S-FQ1001NU\.m2\repository\org\springframework\spring-tx\6.1.8\spring-tx-6.1.8.jar;C:\Users\HP 14S-FQ1001NU\.m2\repository\org\springframework\spring-aspects\6.1.8\spring-aspects-6.1.8.jar
Launcher Type: SUN_STANDARD

[Global flags]
     intx CICompilerCount                          = 4                                         {product} {ergonomic}
     uint ConcGCThreads                            = 2                                         {product} {ergonomic}
     uint G1ConcRefinementThreads                  = 8                                         {product} {ergonomic}
   size_t G1HeapRegionSize                         = 1048576                                   {product} {ergonomic}
    uintx GCDrainStackTargetSize                   = 64                                        {product} {ergonomic}
   size_t InitialHeapSize                          = 123731968                                 {product} {ergonomic}
   size_t MarkStackSize                            = 4194304                                   {product} {ergonomic}
   size_t MaxHeapSize                              = 1967128576                                {product} {ergonomic}
   size_t MaxNewSize                               = 1179648000                                {product} {ergonomic}
   size_t MinHeapDeltaBytes                        = 1048576                                   {product} {ergonomic}
   size_t MinHeapSize                              = 8388608                                   {product} {ergonomic}
    uintx NonNMethodCodeHeapSize                   = 5839372                                {pd product} {ergonomic}
    uintx NonProfiledCodeHeapSize                  = 122909434                              {pd product} {ergonomic}
    uintx ProfiledCodeHeapSize                     = 122909434                              {pd product} {ergonomic}
    uintx ReservedCodeCacheSize                    = 251658240                              {pd product} {ergonomic}
     bool SegmentedCodeCache                       = true                                      {product} {ergonomic}
   size_t SoftMaxHeapSize                          = 1967128576                             {manageable} {ergonomic}
     bool UseCompressedOops                        = true                           {product lp64_product} {ergonomic}
     bool UseG1GC                                  = true                                      {product} {ergonomic}
     bool UseLargePagesIndividualAllocation        = false                                  {pd product} {ergonomic}

Logging:
Log output configuration:
 #0: stdout all=warning uptime,level,tags foldmultilines=false
 #1: stderr all=off uptime,level,tags foldmultilines=false

Environment Variables:
PATH=C:\Program Files (x86)\Cuminas\Document Express DjVu Plug-in\;C:\WINDOWS\system32;C:\WINDOWS;C:\WINDOWS\System32\Wbem;C:\WINDOWS\System32\WindowsPowerShell\v1.0\;C:\WINDOWS\System32\OpenSSH\;C:\Program Files\Git\cmd;C:\Program Files\Microsoft SQL Server\150\Tools\Binn\;C:\mysys64\mingw64\bin;C:\Program Files\PuTTY\;C:\Program Files (x86)\Microsoft SQL Server\160\Tools\Binn\;C:\Program Files\Microsoft SQL Server\160\Tools\Binn\;C:\Program Files\Microsoft SQL Server\Client SDK\ODBC\170\Tools\Binn\;C:\Program Files\Microsoft SQL Server\160\DTS\Binn\;C:\Program Files (x86)\Microsoft SQL Server\160\DTS\Binn\;C:\Program Files\Azure Data Studio\bin;C:\MinGW\bin;C:\Program Files\dotnet\;C:\Program Files\nodejs\;C:\Users\HP 14S-FQ1001NU\AppData\Local\Programs\Python\Launcher\;C:\Users\HP 14S-FQ1001NU\AppData\Local\Microsoft\WindowsApps;C:\Users\HP 14S-FQ1001NU\AppData\Local\GitHubDesktop\bin;C:\Users\HP 14S-FQ1001NU\AppData\Local\Programs\Microsoft VS Code\bin;C:\Program Files\JetBrains\IntelliJ IDEA 2022.2.3\bin;;C:\Program Files\Azure Data Studio\bin;C:\Program Files\JetBrains\CLion 2023.1.3\bin;;C:\ghcup\bin;C:\Users\HP 14S-FQ1001NU\.dotnet\tools;C:\Users\HP 14S-FQ1001NU\AppData\Roaming\npm;C:\Users\HP 14S-FQ1001NU\AppData\Roaming\Microsoft\Windows\Start Menu\Programs\MSYS2 64bit\MSYS2 MSYS.lnk;C:\php;C:\Program Files\MongoDB\mongosh-2.2.6-win32-x64\bin;
USERNAME=HP 14S-FQ1001NU
OS=Windows_NT
PROCESSOR_IDENTIFIER=AMD64 Family 23 Model 104 Stepping 1, AuthenticAMD
TMP=C:\Users\HP14S-~1\AppData\Local\Temp
TEMP=C:\Users\HP14S-~1\AppData\Local\Temp




Periodic native trim disabled

---------------  S Y S T E M  ---------------

OS:
 Windows 11 , 64 bit Build 22621 (10.0.22621.3672)
OS uptime: 0 days 2:03 hours
Hyper-V role detected

CPU: total 8 (initial active 8) (8 cores per cpu, 2 threads per core) family 23 model 104 stepping 1 microcode 0x0, cx8, cmov, fxsr, ht, mmx, 3dnowpref, sse, sse2, sse3, ssse3, sse4a, sse4.1, sse4.2, popcnt, lzcnt, tsc, tscinvbit, avx, avx2, aes, clmul, bmi1, bmi2, adx, sha, fma, vzeroupper, clflush, clflushopt, hv, rdtscp, rdpid, f16c
Processor Information for all 8 processors :
  Max Mhz: 2600, Current Mhz: 2600, Mhz Limit: 2600

Memory: 4k page, system-wide physical 7502M (528M free)
TotalPageFile size 10502M (AvailPageFile size 4M)
current process WorkingSet (physical memory assigned to process): 148M, peak: 148M
current process commit charge ("private bytes"): 255M, peak: 256M

vm_info: OpenJDK 64-Bit Server VM (21.0.2+13-58) for windows-amd64 JRE (21.0.2+13-58), built on 2024-01-05T18:32:24Z by "mach5one" with MS VC++ 17.1 (VS2022)

END.
