#
# There is insufficient memory for the Java Runtime Environment to continue.
# Native memory allocation (malloc) failed to allocate 611376 bytes for Chunk::new
# Possible reasons:
#   The system is out of physical RAM or swap space
#   The process is running with CompressedOops enabled, and the Java Heap may be blocking the growth of the native heap
# Possible solutions:
#   Reduce memory load on the system
#   Increase physical memory or swap space
#   Check if swap backing store is full
#   Decrease Java heap size (-Xmx/-Xms)
#   Decrease number of Java threads
#   Decrease Java thread stack sizes (-Xss)
#   Set larger code cache with -XX:ReservedCodeCacheSize=
#   JVM is running with Unscaled Compressed Oops mode in which the Java heap is
#     placed in the first 4GB address space. The Java Heap base address is the
#     maximum limit for the native heap growth. Please use -XX:HeapBaseMinAddress
#     to set the Java Heap base and to place the Java Heap above 4GB virtual address.
# This output file may be truncated or incomplete.
#
#  Out of Memory Error (arena.cpp:168), pid=5304, tid=10272
#
# JRE version: OpenJDK Runtime Environment (21.0.2+13) (build 21.0.2+13-58)
# Java VM: OpenJDK 64-Bit Server VM (21.0.2+13-58, mixed mode, sharing, tiered, compressed oops, compressed class ptrs, g1 gc, windows-amd64)
# No core dump will be written. Minidumps are not enabled by default on client versions of Windows
#

---------------  S U M M A R Y ------------

Command Line: -javaagent:C:\Program Files\JetBrains\IntelliJ IDEA Community Edition 2023.3.4\lib\idea_rt.jar=50899:C:\Program Files\JetBrains\IntelliJ IDEA Community Edition 2023.3.4\bin -Dfile.encoding=UTF-8 -Dsun.stdout.encoding=UTF-8 -Dsun.stderr.encoding=UTF-8 bg.fmi.javaweb.sportstournamentorganizer.SportsTournamentOrganizerApplication

Host: AMD Ryzen 3 5300U with Radeon Graphics         , 8 cores, 7G,  Windows 11 , 64 bit Build 22621 (10.0.22621.3672)
Time: Sat Jun 22 18:12:46 2024  Windows 11 , 64 bit Build 22621 (10.0.22621.3672) elapsed time: 1.396535 seconds (0d 0h 0m 1s)

---------------  T H R E A D  ---------------

Current thread (0x000001429e1c9970):  JavaThread "C2 CompilerThread1" daemon [_thread_in_native, id=10272, stack(0x000000203f400000,0x000000203f500000) (1024K)]


Current CompileTask:
C2:   1396 1712   !   4       jdk.internal.loader.URLClassPath$JarLoader::getResource (40 bytes)

Stack: [0x000000203f400000,0x000000203f500000]
Native frames: (J=compiled Java code, j=interpreted, Vv=VM code, C=native code)
V  [jvm.dll+0x6cade9]
V  [jvm.dll+0x8569c1]
V  [jvm.dll+0x858d2e]
V  [jvm.dll+0x859413]
V  [jvm.dll+0x280e56]
V  [jvm.dll+0xc3f3d]
V  [jvm.dll+0xc4473]
V  [jvm.dll+0x3b5bf2]
V  [jvm.dll+0x1e2209]
V  [jvm.dll+0x249d22]
V  [jvm.dll+0x2491b1]
V  [jvm.dll+0x1c9634]
V  [jvm.dll+0x258859]
V  [jvm.dll+0x256e3a]
V  [jvm.dll+0x3ef6c6]
V  [jvm.dll+0x7ff568]
V  [jvm.dll+0x6c953d]
C  [ucrtbase.dll+0x29333]
C  [KERNEL32.DLL+0x1257d]
C  [ntdll.dll+0x5af28]


---------------  P R O C E S S  ---------------

Threads class SMR info:
_java_thread_list=0x000001429f403a90, length=16, elements={
0x000001423c765b50, 0x0000014258db4ec0, 0x0000014258db5e30, 0x0000014258db7850,
0x0000014258db8ed0, 0x0000014258dbbcf0, 0x0000014258dc5850, 0x0000014258dc6660,
0x0000014258dc84c0, 0x000001429e0bc780, 0x000001429e1c9970, 0x000001429e3fe120,
0x000001429e3b0960, 0x000001429e874620, 0x000001429e701b60, 0x000001429f584680
}

Java Threads: ( => current thread )
  0x000001423c765b50 JavaThread "main"                              [_thread_blocked, id=9620, stack(0x000000203e300000,0x000000203e400000) (1024K)]
  0x0000014258db4ec0 JavaThread "Reference Handler"          daemon [_thread_blocked, id=5324, stack(0x000000203eb00000,0x000000203ec00000) (1024K)]
  0x0000014258db5e30 JavaThread "Finalizer"                  daemon [_thread_blocked, id=6248, stack(0x000000203ec00000,0x000000203ed00000) (1024K)]
  0x0000014258db7850 JavaThread "Signal Dispatcher"          daemon [_thread_blocked, id=15808, stack(0x000000203ed00000,0x000000203ee00000) (1024K)]
  0x0000014258db8ed0 JavaThread "Attach Listener"            daemon [_thread_blocked, id=4936, stack(0x000000203ee00000,0x000000203ef00000) (1024K)]
  0x0000014258dbbcf0 JavaThread "Service Thread"             daemon [_thread_blocked, id=10576, stack(0x000000203ef00000,0x000000203f000000) (1024K)]
  0x0000014258dc5850 JavaThread "Monitor Deflation Thread"   daemon [_thread_blocked, id=556, stack(0x000000203f000000,0x000000203f100000) (1024K)]
  0x0000014258dc6660 JavaThread "C2 CompilerThread0"         daemon [_thread_in_native, id=17528, stack(0x000000203f100000,0x000000203f200000) (1024K)]
  0x0000014258dc84c0 JavaThread "C1 CompilerThread0"         daemon [_thread_blocked, id=8180, stack(0x000000203f200000,0x000000203f300000) (1024K)]
  0x000001429e0bc780 JavaThread "Common-Cleaner"             daemon [_thread_blocked, id=10724, stack(0x000000203f300000,0x000000203f400000) (1024K)]
=>0x000001429e1c9970 JavaThread "C2 CompilerThread1"         daemon [_thread_in_native, id=10272, stack(0x000000203f400000,0x000000203f500000) (1024K)]
  0x000001429e3fe120 JavaThread "Monitor Ctrl-Break"         daemon [_thread_in_native, id=15796, stack(0x000000203f500000,0x000000203f600000) (1024K)]
  0x000001429e3b0960 JavaThread "Notification Thread"        daemon [_thread_blocked, id=11220, stack(0x000000203f600000,0x000000203f700000) (1024K)]
  0x000001429e874620 JavaThread "Thread-0"                          [_thread_blocked, id=12912, stack(0x000000203f700000,0x000000203f800000) (1024K)]
  0x000001429e701b60 JavaThread "restartedMain"                     [_thread_in_vm, id=10572, stack(0x000000203f800000,0x000000203f900000) (1024K)]
  0x000001429f584680 JavaThread "background-preinit"                [_thread_in_vm, id=1172, stack(0x000000203fe00000,0x000000203ff00000) (1024K)]
Total: 16

Other Threads:
  0x0000014258d93550 VMThread "VM Thread"                           [id=16368, stack(0x000000203ea00000,0x000000203eb00000) (1024K)]
  0x0000014258d79ad0 WatcherThread "VM Periodic Task Thread"        [id=17484, stack(0x000000203e900000,0x000000203ea00000) (1024K)]
  0x000001423c7bc5a0 WorkerThread "GC Thread#0"                     [id=15612, stack(0x000000203e400000,0x000000203e500000) (1024K)]
  0x000001429f101a50 WorkerThread "GC Thread#1"                     [id=4540, stack(0x000000203f900000,0x000000203fa00000) (1024K)]
  0x000001429f101df0 WorkerThread "GC Thread#2"                     [id=9168, stack(0x000000203fa00000,0x000000203fb00000) (1024K)]
  0x000001429edf4320 WorkerThread "GC Thread#3"                     [id=13888, stack(0x000000203fb00000,0x000000203fc00000) (1024K)]
  0x000001429f102190 WorkerThread "GC Thread#4"                     [id=18288, stack(0x000000203fc00000,0x000000203fd00000) (1024K)]
  0x000001429f102530 WorkerThread "GC Thread#5"                     [id=14440, stack(0x000000203fd00000,0x000000203fe00000) (1024K)]
  0x000001423a6cdbc0 ConcurrentGCThread "G1 Main Marker"            [id=5780, stack(0x000000203e500000,0x000000203e600000) (1024K)]
  0x000001423a6ce6c0 WorkerThread "G1 Conc#0"                       [id=1900, stack(0x000000203e600000,0x000000203e700000) (1024K)]
  0x0000014258c4e540 ConcurrentGCThread "G1 Refine#0"               [id=13152, stack(0x000000203e700000,0x000000203e800000) (1024K)]
  0x0000014258c50cd0 ConcurrentGCThread "G1 Service"                [id=13880, stack(0x000000203e800000,0x000000203e900000) (1024K)]
Total: 12

Threads with active compile tasks:
C2 CompilerThread0     1417 1713       4       java.util.jar.JarFile::getEntry (35 bytes)
C2 CompilerThread1     1417 1712   !   4       jdk.internal.loader.URLClassPath$JarLoader::getResource (40 bytes)
Total: 2

VM state: not at safepoint (normal execution)

VM Mutex/Monitor currently owned by a thread:  ([mutex/lock_event])
[0x00007ffcef8cace8] Metaspace_lock - owner thread: 0x000001429f584680

Heap address: 0x000000008ac00000, size: 1876 MB, Compressed Oops mode: 32-bit

CDS archive(s) mapped at: [0x0000014259000000-0x0000014259c90000-0x0000014259c90000), size 13172736, SharedBaseAddress: 0x0000014259000000, ArchiveRelocationMode: 1.
Compressed class space mapped at: 0x000001425a000000-0x000001429a000000, reserved size: 1073741824
Narrow klass base: 0x0000014259000000, Narrow klass shift: 0, Narrow klass range: 0x100000000

GC Precious Log:
 CardTable entry size: 512
 Card Set container configuration: InlinePtr #cards 5 size 8 Array Of Cards #cards 12 size 40 Howl #buckets 4 coarsen threshold 1843 Howl Bitmap #cards 512 size 80 coarsen threshold 460 Card regions per heap region 1 cards per card region 2048
 CPUs: 8 total, 8 available
 Memory: 7502M
 Large Page Support: Disabled
 NUMA Support: Disabled
 Compressed Oops: Enabled (32-bit)
 Heap Region Size: 1M
 Heap Min Capacity: 8M
 Heap Initial Capacity: 118M
 Heap Max Capacity: 1876M
 Pre-touch: Disabled
 Parallel Workers: 8
 Concurrent Workers: 2
 Concurrent Refinement Workers: 8
 Periodic GC: Disabled

Heap:
 garbage-first heap   total 120832K, used 19882K [0x000000008ac00000, 0x0000000100000000)
  region size 1024K, 17 young (17408K), 3 survivors (3072K)
 Metaspace       used 9586K, committed 9856K, reserved 1114112K
  class space    used 1150K, committed 1280K, reserved 1048576K

Heap Regions: E=young(eden), S=young(survivor), O=old, HS=humongous(starts), HC=humongous(continues), CS=collection set, F=free, TAMS=top-at-mark-start, PB=parsable bottom
|   0|0x000000008ac00000, 0x000000008ad00000, 0x000000008ad00000|100%|HS|  |TAMS 0x000000008ac00000| PB 0x000000008ac00000| Complete 
|   1|0x000000008ad00000, 0x000000008ae00000, 0x000000008ae00000|100%| O|  |TAMS 0x000000008ad00000| PB 0x000000008ad00000| Untracked 
|   2|0x000000008ae00000, 0x000000008af00000, 0x000000008af00000|100%| O|  |TAMS 0x000000008ae00000| PB 0x000000008ae00000| Untracked 
|   3|0x000000008af00000, 0x000000008af6aa40, 0x000000008b000000| 41%| O|  |TAMS 0x000000008af00000| PB 0x000000008af00000| Untracked 
|   4|0x000000008b000000, 0x000000008b000000, 0x000000008b100000|  0%| F|  |TAMS 0x000000008b000000| PB 0x000000008b000000| Untracked 
|   5|0x000000008b100000, 0x000000008b100000, 0x000000008b200000|  0%| F|  |TAMS 0x000000008b100000| PB 0x000000008b100000| Untracked 
|   6|0x000000008b200000, 0x000000008b200000, 0x000000008b300000|  0%| F|  |TAMS 0x000000008b200000| PB 0x000000008b200000| Untracked 
|   7|0x000000008b300000, 0x000000008b300000, 0x000000008b400000|  0%| F|  |TAMS 0x000000008b300000| PB 0x000000008b300000| Untracked 
|   8|0x000000008b400000, 0x000000008b400000, 0x000000008b500000|  0%| F|  |TAMS 0x000000008b400000| PB 0x000000008b400000| Untracked 
|   9|0x000000008b500000, 0x000000008b500000, 0x000000008b600000|  0%| F|  |TAMS 0x000000008b500000| PB 0x000000008b500000| Untracked 
|  10|0x000000008b600000, 0x000000008b600000, 0x000000008b700000|  0%| F|  |TAMS 0x000000008b600000| PB 0x000000008b600000| Untracked 
|  11|0x000000008b700000, 0x000000008b700000, 0x000000008b800000|  0%| F|  |TAMS 0x000000008b700000| PB 0x000000008b700000| Untracked 
|  12|0x000000008b800000, 0x000000008b800000, 0x000000008b900000|  0%| F|  |TAMS 0x000000008b800000| PB 0x000000008b800000| Untracked 
|  13|0x000000008b900000, 0x000000008b900000, 0x000000008ba00000|  0%| F|  |TAMS 0x000000008b900000| PB 0x000000008b900000| Untracked 
|  14|0x000000008ba00000, 0x000000008ba00000, 0x000000008bb00000|  0%| F|  |TAMS 0x000000008ba00000| PB 0x000000008ba00000| Untracked 
|  15|0x000000008bb00000, 0x000000008bb00000, 0x000000008bc00000|  0%| F|  |TAMS 0x000000008bb00000| PB 0x000000008bb00000| Untracked 
|  16|0x000000008bc00000, 0x000000008bc00000, 0x000000008bd00000|  0%| F|  |TAMS 0x000000008bc00000| PB 0x000000008bc00000| Untracked 
|  17|0x000000008bd00000, 0x000000008bd00000, 0x000000008be00000|  0%| F|  |TAMS 0x000000008bd00000| PB 0x000000008bd00000| Untracked 
|  18|0x000000008be00000, 0x000000008be00000, 0x000000008bf00000|  0%| F|  |TAMS 0x000000008be00000| PB 0x000000008be00000| Untracked 
|  19|0x000000008bf00000, 0x000000008bf00000, 0x000000008c000000|  0%| F|  |TAMS 0x000000008bf00000| PB 0x000000008bf00000| Untracked 
|  20|0x000000008c000000, 0x000000008c000000, 0x000000008c100000|  0%| F|  |TAMS 0x000000008c000000| PB 0x000000008c000000| Untracked 
|  21|0x000000008c100000, 0x000000008c100000, 0x000000008c200000|  0%| F|  |TAMS 0x000000008c100000| PB 0x000000008c100000| Untracked 
|  22|0x000000008c200000, 0x000000008c200000, 0x000000008c300000|  0%| F|  |TAMS 0x000000008c200000| PB 0x000000008c200000| Untracked 
|  23|0x000000008c300000, 0x000000008c300000, 0x000000008c400000|  0%| F|  |TAMS 0x000000008c300000| PB 0x000000008c300000| Untracked 
|  24|0x000000008c400000, 0x000000008c400000, 0x000000008c500000|  0%| F|  |TAMS 0x000000008c400000| PB 0x000000008c400000| Untracked 
|  25|0x000000008c500000, 0x000000008c500000, 0x000000008c600000|  0%| F|  |TAMS 0x000000008c500000| PB 0x000000008c500000| Untracked 
|  26|0x000000008c600000, 0x000000008c600000, 0x000000008c700000|  0%| F|  |TAMS 0x000000008c600000| PB 0x000000008c600000| Untracked 
|  27|0x000000008c700000, 0x000000008c700000, 0x000000008c800000|  0%| F|  |TAMS 0x000000008c700000| PB 0x000000008c700000| Untracked 
|  28|0x000000008c800000, 0x000000008c800000, 0x000000008c900000|  0%| F|  |TAMS 0x000000008c800000| PB 0x000000008c800000| Untracked 
|  29|0x000000008c900000, 0x000000008c900000, 0x000000008ca00000|  0%| F|  |TAMS 0x000000008c900000| PB 0x000000008c900000| Untracked 
|  30|0x000000008ca00000, 0x000000008ca00000, 0x000000008cb00000|  0%| F|  |TAMS 0x000000008ca00000| PB 0x000000008ca00000| Untracked 
|  31|0x000000008cb00000, 0x000000008cb00000, 0x000000008cc00000|  0%| F|  |TAMS 0x000000008cb00000| PB 0x000000008cb00000| Untracked 
|  32|0x000000008cc00000, 0x000000008cc00000, 0x000000008cd00000|  0%| F|  |TAMS 0x000000008cc00000| PB 0x000000008cc00000| Untracked 
|  33|0x000000008cd00000, 0x000000008cd00000, 0x000000008ce00000|  0%| F|  |TAMS 0x000000008cd00000| PB 0x000000008cd00000| Untracked 
|  34|0x000000008ce00000, 0x000000008ce00000, 0x000000008cf00000|  0%| F|  |TAMS 0x000000008ce00000| PB 0x000000008ce00000| Untracked 
|  35|0x000000008cf00000, 0x000000008cf00000, 0x000000008d000000|  0%| F|  |TAMS 0x000000008cf00000| PB 0x000000008cf00000| Untracked 
|  36|0x000000008d000000, 0x000000008d000000, 0x000000008d100000|  0%| F|  |TAMS 0x000000008d000000| PB 0x000000008d000000| Untracked 
|  37|0x000000008d100000, 0x000000008d100000, 0x000000008d200000|  0%| F|  |TAMS 0x000000008d100000| PB 0x000000008d100000| Untracked 
|  38|0x000000008d200000, 0x000000008d200000, 0x000000008d300000|  0%| F|  |TAMS 0x000000008d200000| PB 0x000000008d200000| Untracked 
|  39|0x000000008d300000, 0x000000008d300000, 0x000000008d400000|  0%| F|  |TAMS 0x000000008d300000| PB 0x000000008d300000| Untracked 
|  40|0x000000008d400000, 0x000000008d400000, 0x000000008d500000|  0%| F|  |TAMS 0x000000008d400000| PB 0x000000008d400000| Untracked 
|  41|0x000000008d500000, 0x000000008d500000, 0x000000008d600000|  0%| F|  |TAMS 0x000000008d500000| PB 0x000000008d500000| Untracked 
|  42|0x000000008d600000, 0x000000008d600000, 0x000000008d700000|  0%| F|  |TAMS 0x000000008d600000| PB 0x000000008d600000| Untracked 
|  43|0x000000008d700000, 0x000000008d700000, 0x000000008d800000|  0%| F|  |TAMS 0x000000008d700000| PB 0x000000008d700000| Untracked 
|  44|0x000000008d800000, 0x000000008d800000, 0x000000008d900000|  0%| F|  |TAMS 0x000000008d800000| PB 0x000000008d800000| Untracked 
|  45|0x000000008d900000, 0x000000008d900000, 0x000000008da00000|  0%| F|  |TAMS 0x000000008d900000| PB 0x000000008d900000| Untracked 
|  46|0x000000008da00000, 0x000000008da00000, 0x000000008db00000|  0%| F|  |TAMS 0x000000008da00000| PB 0x000000008da00000| Untracked 
|  47|0x000000008db00000, 0x000000008db00000, 0x000000008dc00000|  0%| F|  |TAMS 0x000000008db00000| PB 0x000000008db00000| Untracked 
|  48|0x000000008dc00000, 0x000000008dc00000, 0x000000008dd00000|  0%| F|  |TAMS 0x000000008dc00000| PB 0x000000008dc00000| Untracked 
|  49|0x000000008dd00000, 0x000000008dd00000, 0x000000008de00000|  0%| F|  |TAMS 0x000000008dd00000| PB 0x000000008dd00000| Untracked 
|  50|0x000000008de00000, 0x000000008de00000, 0x000000008df00000|  0%| F|  |TAMS 0x000000008de00000| PB 0x000000008de00000| Untracked 
|  51|0x000000008df00000, 0x000000008df00000, 0x000000008e000000|  0%| F|  |TAMS 0x000000008df00000| PB 0x000000008df00000| Untracked 
|  52|0x000000008e000000, 0x000000008e000000, 0x000000008e100000|  0%| F|  |TAMS 0x000000008e000000| PB 0x000000008e000000| Untracked 
|  53|0x000000008e100000, 0x000000008e100000, 0x000000008e200000|  0%| F|  |TAMS 0x000000008e100000| PB 0x000000008e100000| Untracked 
|  54|0x000000008e200000, 0x000000008e200000, 0x000000008e300000|  0%| F|  |TAMS 0x000000008e200000| PB 0x000000008e200000| Untracked 
|  55|0x000000008e300000, 0x000000008e300000, 0x000000008e400000|  0%| F|  |TAMS 0x000000008e300000| PB 0x000000008e300000| Untracked 
|  56|0x000000008e400000, 0x000000008e400000, 0x000000008e500000|  0%| F|  |TAMS 0x000000008e400000| PB 0x000000008e400000| Untracked 
|  57|0x000000008e500000, 0x000000008e500000, 0x000000008e600000|  0%| F|  |TAMS 0x000000008e500000| PB 0x000000008e500000| Untracked 
|  58|0x000000008e600000, 0x000000008e600000, 0x000000008e700000|  0%| F|  |TAMS 0x000000008e600000| PB 0x000000008e600000| Untracked 
|  59|0x000000008e700000, 0x000000008e700000, 0x000000008e800000|  0%| F|  |TAMS 0x000000008e700000| PB 0x000000008e700000| Untracked 
|  60|0x000000008e800000, 0x000000008e800000, 0x000000008e900000|  0%| F|  |TAMS 0x000000008e800000| PB 0x000000008e800000| Untracked 
|  61|0x000000008e900000, 0x000000008e900000, 0x000000008ea00000|  0%| F|  |TAMS 0x000000008e900000| PB 0x000000008e900000| Untracked 
|  62|0x000000008ea00000, 0x000000008ea00000, 0x000000008eb00000|  0%| F|  |TAMS 0x000000008ea00000| PB 0x000000008ea00000| Untracked 
|  63|0x000000008eb00000, 0x000000008eb00000, 0x000000008ec00000|  0%| F|  |TAMS 0x000000008eb00000| PB 0x000000008eb00000| Untracked 
|  64|0x000000008ec00000, 0x000000008ec00000, 0x000000008ed00000|  0%| F|  |TAMS 0x000000008ec00000| PB 0x000000008ec00000| Untracked 
|  65|0x000000008ed00000, 0x000000008ed00000, 0x000000008ee00000|  0%| F|  |TAMS 0x000000008ed00000| PB 0x000000008ed00000| Untracked 
|  66|0x000000008ee00000, 0x000000008ee00000, 0x000000008ef00000|  0%| F|  |TAMS 0x000000008ee00000| PB 0x000000008ee00000| Untracked 
|  67|0x000000008ef00000, 0x000000008ef00000, 0x000000008f000000|  0%| F|  |TAMS 0x000000008ef00000| PB 0x000000008ef00000| Untracked 
|  68|0x000000008f000000, 0x000000008f000000, 0x000000008f100000|  0%| F|  |TAMS 0x000000008f000000| PB 0x000000008f000000| Untracked 
|  69|0x000000008f100000, 0x000000008f100000, 0x000000008f200000|  0%| F|  |TAMS 0x000000008f100000| PB 0x000000008f100000| Untracked 
|  70|0x000000008f200000, 0x000000008f200000, 0x000000008f300000|  0%| F|  |TAMS 0x000000008f200000| PB 0x000000008f200000| Untracked 
|  71|0x000000008f300000, 0x000000008f300000, 0x000000008f400000|  0%| F|  |TAMS 0x000000008f300000| PB 0x000000008f300000| Untracked 
|  72|0x000000008f400000, 0x000000008f400000, 0x000000008f500000|  0%| F|  |TAMS 0x000000008f400000| PB 0x000000008f400000| Untracked 
|  73|0x000000008f500000, 0x000000008f500000, 0x000000008f600000|  0%| F|  |TAMS 0x000000008f500000| PB 0x000000008f500000| Untracked 
|  74|0x000000008f600000, 0x000000008f600000, 0x000000008f700000|  0%| F|  |TAMS 0x000000008f600000| PB 0x000000008f600000| Untracked 
|  75|0x000000008f700000, 0x000000008f700000, 0x000000008f800000|  0%| F|  |TAMS 0x000000008f700000| PB 0x000000008f700000| Untracked 
|  76|0x000000008f800000, 0x000000008f800000, 0x000000008f900000|  0%| F|  |TAMS 0x000000008f800000| PB 0x000000008f800000| Untracked 
|  77|0x000000008f900000, 0x000000008f900000, 0x000000008fa00000|  0%| F|  |TAMS 0x000000008f900000| PB 0x000000008f900000| Untracked 
|  78|0x000000008fa00000, 0x000000008fa00000, 0x000000008fb00000|  0%| F|  |TAMS 0x000000008fa00000| PB 0x000000008fa00000| Untracked 
|  79|0x000000008fb00000, 0x000000008fb00000, 0x000000008fc00000|  0%| F|  |TAMS 0x000000008fb00000| PB 0x000000008fb00000| Untracked 
|  80|0x000000008fc00000, 0x000000008fc00000, 0x000000008fd00000|  0%| F|  |TAMS 0x000000008fc00000| PB 0x000000008fc00000| Untracked 
|  81|0x000000008fd00000, 0x000000008fd00000, 0x000000008fe00000|  0%| F|  |TAMS 0x000000008fd00000| PB 0x000000008fd00000| Untracked 
|  82|0x000000008fe00000, 0x000000008fe00000, 0x000000008ff00000|  0%| F|  |TAMS 0x000000008fe00000| PB 0x000000008fe00000| Untracked 
|  83|0x000000008ff00000, 0x000000008ff00000, 0x0000000090000000|  0%| F|  |TAMS 0x000000008ff00000| PB 0x000000008ff00000| Untracked 
|  84|0x0000000090000000, 0x0000000090000000, 0x0000000090100000|  0%| F|  |TAMS 0x0000000090000000| PB 0x0000000090000000| Untracked 
|  85|0x0000000090100000, 0x0000000090100000, 0x0000000090200000|  0%| F|  |TAMS 0x0000000090100000| PB 0x0000000090100000| Untracked 
|  86|0x0000000090200000, 0x0000000090200000, 0x0000000090300000|  0%| F|  |TAMS 0x0000000090200000| PB 0x0000000090200000| Untracked 
|  87|0x0000000090300000, 0x0000000090300000, 0x0000000090400000|  0%| F|  |TAMS 0x0000000090300000| PB 0x0000000090300000| Untracked 
|  88|0x0000000090400000, 0x0000000090400000, 0x0000000090500000|  0%| F|  |TAMS 0x0000000090400000| PB 0x0000000090400000| Untracked 
|  89|0x0000000090500000, 0x0000000090500000, 0x0000000090600000|  0%| F|  |TAMS 0x0000000090500000| PB 0x0000000090500000| Untracked 
|  90|0x0000000090600000, 0x0000000090600000, 0x0000000090700000|  0%| F|  |TAMS 0x0000000090600000| PB 0x0000000090600000| Untracked 
|  91|0x0000000090700000, 0x0000000090700000, 0x0000000090800000|  0%| F|  |TAMS 0x0000000090700000| PB 0x0000000090700000| Untracked 
|  92|0x0000000090800000, 0x0000000090900000, 0x0000000090900000|100%| S|CS|TAMS 0x0000000090800000| PB 0x0000000090800000| Complete 
|  93|0x0000000090900000, 0x0000000090a00000, 0x0000000090a00000|100%| S|CS|TAMS 0x0000000090900000| PB 0x0000000090900000| Complete 
|  94|0x0000000090a00000, 0x0000000090b00000, 0x0000000090b00000|100%| S|CS|TAMS 0x0000000090a00000| PB 0x0000000090a00000| Complete 
|  95|0x0000000090b00000, 0x0000000090b00000, 0x0000000090c00000|  0%| F|  |TAMS 0x0000000090b00000| PB 0x0000000090b00000| Untracked 
|  96|0x0000000090c00000, 0x0000000090c00000, 0x0000000090d00000|  0%| F|  |TAMS 0x0000000090c00000| PB 0x0000000090c00000| Untracked 
|  97|0x0000000090d00000, 0x0000000090d00000, 0x0000000090e00000|  0%| F|  |TAMS 0x0000000090d00000| PB 0x0000000090d00000| Untracked 
|  98|0x0000000090e00000, 0x0000000090e00000, 0x0000000090f00000|  0%| F|  |TAMS 0x0000000090e00000| PB 0x0000000090e00000| Untracked 
|  99|0x0000000090f00000, 0x0000000090f00000, 0x0000000091000000|  0%| F|  |TAMS 0x0000000090f00000| PB 0x0000000090f00000| Untracked 
| 100|0x0000000091000000, 0x0000000091000000, 0x0000000091100000|  0%| F|  |TAMS 0x0000000091000000| PB 0x0000000091000000| Untracked 
| 101|0x0000000091100000, 0x0000000091100000, 0x0000000091200000|  0%| F|  |TAMS 0x0000000091100000| PB 0x0000000091100000| Untracked 
| 102|0x0000000091200000, 0x0000000091200000, 0x0000000091300000|  0%| F|  |TAMS 0x0000000091200000| PB 0x0000000091200000| Untracked 
| 103|0x0000000091300000, 0x0000000091300000, 0x0000000091400000|  0%| F|  |TAMS 0x0000000091300000| PB 0x0000000091300000| Untracked 
| 104|0x0000000091400000, 0x00000000914f1720, 0x0000000091500000| 94%| E|  |TAMS 0x0000000091400000| PB 0x0000000091400000| Complete 
| 105|0x0000000091500000, 0x0000000091600000, 0x0000000091600000|100%| E|CS|TAMS 0x0000000091500000| PB 0x0000000091500000| Complete 
| 106|0x0000000091600000, 0x0000000091700000, 0x0000000091700000|100%| E|CS|TAMS 0x0000000091600000| PB 0x0000000091600000| Complete 
| 107|0x0000000091700000, 0x0000000091800000, 0x0000000091800000|100%| E|CS|TAMS 0x0000000091700000| PB 0x0000000091700000| Complete 
| 108|0x0000000091800000, 0x0000000091900000, 0x0000000091900000|100%| E|CS|TAMS 0x0000000091800000| PB 0x0000000091800000| Complete 
| 109|0x0000000091900000, 0x0000000091a00000, 0x0000000091a00000|100%| E|CS|TAMS 0x0000000091900000| PB 0x0000000091900000| Complete 
| 110|0x0000000091a00000, 0x0000000091b00000, 0x0000000091b00000|100%| E|CS|TAMS 0x0000000091a00000| PB 0x0000000091a00000| Complete 
| 111|0x0000000091b00000, 0x0000000091c00000, 0x0000000091c00000|100%| E|CS|TAMS 0x0000000091b00000| PB 0x0000000091b00000| Complete 
| 112|0x0000000091c00000, 0x0000000091d00000, 0x0000000091d00000|100%| E|CS|TAMS 0x0000000091c00000| PB 0x0000000091c00000| Complete 
| 113|0x0000000091d00000, 0x0000000091e00000, 0x0000000091e00000|100%| E|CS|TAMS 0x0000000091d00000| PB 0x0000000091d00000| Complete 
| 114|0x0000000091e00000, 0x0000000091f00000, 0x0000000091f00000|100%| E|CS|TAMS 0x0000000091e00000| PB 0x0000000091e00000| Complete 
| 115|0x0000000091f00000, 0x0000000092000000, 0x0000000092000000|100%| E|CS|TAMS 0x0000000091f00000| PB 0x0000000091f00000| Complete 
| 116|0x0000000092000000, 0x0000000092100000, 0x0000000092100000|100%| E|CS|TAMS 0x0000000092000000| PB 0x0000000092000000| Complete 
| 117|0x0000000092100000, 0x0000000092200000, 0x0000000092200000|100%| E|CS|TAMS 0x0000000092100000| PB 0x0000000092100000| Complete 

Card table byte_map: [0x0000014254290000,0x0000014254640000] _byte_map_base: 0x0000014253e3a000

Marking Bits: (CMBitMap*) 0x000001423c7bcca0
 Bits: [0x0000014254640000, 0x0000014256390000)

Polling page: 0x000001423a760000

Metaspace:

Usage:
  Non-class:      8.24 MB used.
      Class:      1.12 MB used.
       Both:      9.36 MB used.

Virtual space:
  Non-class space:       64.00 MB reserved,       8.38 MB ( 13%) committed,  1 nodes.
      Class space:        1.00 GB reserved,       1.25 MB ( <1%) committed,  1 nodes.
             Both:        1.06 GB reserved,       9.62 MB ( <1%) committed. 

Chunk freelists:
   Non-Class:  7.56 MB
       Class:  14.67 MB
        Both:  22.24 MB

MaxMetaspaceSize: unlimited
CompressedClassSpaceSize: 1.00 GB
Initial GC threshold: 21.00 MB
Current GC threshold: 21.00 MB
CDS: on
 - commit_granule_bytes: 65536.
 - commit_granule_words: 8192.
 - virtual_space_node_default_size: 8388608.
 - enlarge_chunks_in_place: 1.
 - use_allocation_guard: 0.


Internal statistics:

num_allocs_failed_limit: 0.
num_arena_births: 250.
num_arena_deaths: 0.
num_vsnodes_births: 2.
num_vsnodes_deaths: 0.
num_space_committed: 154.
num_space_uncommitted: 0.
num_chunks_returned_to_freelist: 0.
num_chunks_taken_from_freelist: 561.
num_chunk_merges: 0.
num_chunk_splits: 332.
num_chunks_enlarged: 198.
num_inconsistent_stats: 0.

CodeHeap 'non-profiled nmethods': size=120000Kb used=632Kb max_used=632Kb free=119367Kb
 bounds [0x000001424c680000, 0x000001424c8f0000, 0x0000014253bb0000]
CodeHeap 'profiled nmethods': size=120000Kb used=3177Kb max_used=3177Kb free=116822Kb
 bounds [0x0000014244bb0000, 0x0000014244ed0000, 0x000001424c0e0000]
CodeHeap 'non-nmethods': size=5760Kb used=1395Kb max_used=1418Kb free=4364Kb
 bounds [0x000001424c0e0000, 0x000001424c350000, 0x000001424c680000]
 total_blobs=2251 nmethods=1762 adapters=393
 compilation: enabled
              stopped_count=0, restarted_count=0
 full_count=0

Compilation events (20 events):
Event: 1.383 Thread 0x0000014258dc84c0 1748       3       org.springframework.core.convert.support.GenericConversionService$Converters$$Lambda/0x000001425a0a6d58::apply (8 bytes)
Event: 1.383 Thread 0x0000014258dc84c0 nmethod 1748 0x0000014244ec0810 code [0x0000014244ec0a00, 0x0000014244ec1130]
Event: 1.383 Thread 0x0000014258dc84c0 1749       3       org.springframework.core.convert.support.GenericConversionService$ConvertersForPair::add (11 bytes)
Event: 1.383 Thread 0x0000014258dc84c0 nmethod 1749 0x0000014244ec1390 code [0x0000014244ec1540, 0x0000014244ec1718]
Event: 1.383 Thread 0x0000014258dc84c0 1750       3       java.util.concurrent.ConcurrentLinkedDeque::addFirst (6 bytes)
Event: 1.383 Thread 0x0000014258dc84c0 nmethod 1750 0x0000014244ec1810 code [0x0000014244ec19c0, 0x0000014244ec1af8]
Event: 1.383 Thread 0x0000014258dc84c0 1751       3       java.util.concurrent.ConcurrentLinkedDeque::linkFirst (114 bytes)
Event: 1.385 Thread 0x0000014258dc84c0 nmethod 1751 0x0000014244ec1b90 code [0x0000014244ec2040, 0x0000014244ec4458]
Event: 1.385 Thread 0x0000014258dc84c0 1752       3       java.util.concurrent.ConcurrentLinkedDeque::newNode (18 bytes)
Event: 1.386 Thread 0x0000014258dc84c0 nmethod 1752 0x0000014244ec5090 code [0x0000014244ec52e0, 0x0000014244ec5b60]
Event: 1.386 Thread 0x0000014258dc84c0 1755       3       java.util.concurrent.ConcurrentHashMap::sumCount (60 bytes)
Event: 1.386 Thread 0x0000014258dc84c0 nmethod 1755 0x0000014244ec5e90 code [0x0000014244ec6040, 0x0000014244ec6298]
Event: 1.389 Thread 0x0000014258dc84c0 1756       3       java.lang.invoke.MethodHandles$Lookup::getDirectMethodNoSecurityManager (18 bytes)
Event: 1.390 Thread 0x0000014258dc84c0 nmethod 1756 0x0000014244ec6390 code [0x0000014244ec6540, 0x0000014244ec6690]
Event: 1.390 Thread 0x0000014258dc84c0 1757       3       java.util.Set::of (10 bytes)
Event: 1.390 Thread 0x0000014258dc84c0 nmethod 1757 0x0000014244ec6790 code [0x0000014244ec6940, 0x0000014244ec6ad0]
Event: 1.391 Thread 0x0000014258dc84c0 1758       3       java.lang.String::toLowerCase (29 bytes)
Event: 1.392 Thread 0x0000014258dc84c0 nmethod 1758 0x0000014244ec6b90 code [0x0000014244ec6d60, 0x0000014244ec7028]
Event: 1.392 Thread 0x0000014258dc84c0 1760       3       sun.invoke.util.BytecodeDescriptor::unparseMethod (66 bytes)
Event: 1.393 Thread 0x0000014258dc84c0 nmethod 1760 0x0000014244ec7110 code [0x0000014244ec7340, 0x0000014244ec7928]

GC Heap History (2 events):
Event: 0.913 GC heap before
{Heap before GC invocations=0 (full 0):
 garbage-first heap   total 120832K, used 23552K [0x000000008ac00000, 0x0000000100000000)
  region size 1024K, 23 young (23552K), 0 survivors (0K)
 Metaspace       used 5827K, committed 6016K, reserved 1114112K
  class space    used 660K, committed 768K, reserved 1048576K
}
Event: 0.918 GC heap after
{Heap after GC invocations=1 (full 0):
 garbage-first heap   total 120832K, used 6570K [0x000000008ac00000, 0x0000000100000000)
  region size 1024K, 3 young (3072K), 3 survivors (3072K)
 Metaspace       used 5827K, committed 6016K, reserved 1114112K
  class space    used 660K, committed 768K, reserved 1048576K
}

Dll operation events (12 events):
Event: 0.014 Loaded shared library C:\Users\HP 14S-FQ1001NU\.jdks\openjdk-21.0.2\bin\java.dll
Event: 0.057 Loaded shared library C:\Users\HP 14S-FQ1001NU\.jdks\openjdk-21.0.2\bin\jsvml.dll
Event: 0.159 Loaded shared library C:\Users\HP 14S-FQ1001NU\.jdks\openjdk-21.0.2\bin\zip.dll
Event: 0.164 Loaded shared library C:\Users\HP 14S-FQ1001NU\.jdks\openjdk-21.0.2\bin\instrument.dll
Event: 0.172 Loaded shared library C:\Users\HP 14S-FQ1001NU\.jdks\openjdk-21.0.2\bin\net.dll
Event: 0.174 Loaded shared library C:\Users\HP 14S-FQ1001NU\.jdks\openjdk-21.0.2\bin\nio.dll
Event: 0.177 Loaded shared library C:\Users\HP 14S-FQ1001NU\.jdks\openjdk-21.0.2\bin\zip.dll
Event: 0.276 Loaded shared library C:\Program Files\JetBrains\IntelliJ IDEA Community Edition 2023.3.4\bin\breakgen64.dll
Event: 0.287 Loaded shared library C:\Users\HP 14S-FQ1001NU\.jdks\openjdk-21.0.2\bin\extnet.dll
Event: 0.327 Loaded shared library C:\Users\HP 14S-FQ1001NU\.jdks\openjdk-21.0.2\bin\jimage.dll
Event: 0.729 Loaded shared library C:\Users\HP 14S-FQ1001NU\.jdks\openjdk-21.0.2\bin\management.dll
Event: 0.731 Loaded shared library C:\Users\HP 14S-FQ1001NU\.jdks\openjdk-21.0.2\bin\management_ext.dll

Deoptimization events (20 events):
Event: 1.255 Thread 0x000001429e701b60 Uncommon trap: trap_request=0xffffffc6 fr.pc=0x000001424c70d264 relative=0x0000000000000364
Event: 1.255 Thread 0x000001429e701b60 Uncommon trap: reason=bimorphic_or_optimized_type_check action=maybe_recompile pc=0x000001424c70d264 method=java.util.HashMap.getNode(Ljava/lang/Object;)Ljava/util/HashMap$Node; @ 63 c2
Event: 1.255 Thread 0x000001429e701b60 DEOPT PACKING pc=0x000001424c70d264 sp=0x000000203f8fe200
Event: 1.255 Thread 0x000001429e701b60 DEOPT UNPACKING pc=0x000001424c1346a2 sp=0x000000203f8fe178 mode 2
Event: 1.255 Thread 0x000001429e701b60 Uncommon trap: trap_request=0xffffffc6 fr.pc=0x000001424c70d264 relative=0x0000000000000364
Event: 1.255 Thread 0x000001429e701b60 Uncommon trap: reason=bimorphic_or_optimized_type_check action=maybe_recompile pc=0x000001424c70d264 method=java.util.HashMap.getNode(Ljava/lang/Object;)Ljava/util/HashMap$Node; @ 63 c2
Event: 1.255 Thread 0x000001429e701b60 DEOPT PACKING pc=0x000001424c70d264 sp=0x000000203f8fe200
Event: 1.255 Thread 0x000001429e701b60 DEOPT UNPACKING pc=0x000001424c1346a2 sp=0x000000203f8fe178 mode 2
Event: 1.262 Thread 0x000001429e701b60 Uncommon trap: trap_request=0xffffffc6 fr.pc=0x000001424c70d264 relative=0x0000000000000364
Event: 1.262 Thread 0x000001429e701b60 Uncommon trap: reason=bimorphic_or_optimized_type_check action=maybe_recompile pc=0x000001424c70d264 method=java.util.HashMap.getNode(Ljava/lang/Object;)Ljava/util/HashMap$Node; @ 63 c2
Event: 1.262 Thread 0x000001429e701b60 DEOPT PACKING pc=0x000001424c70d264 sp=0x000000203f8fe200
Event: 1.262 Thread 0x000001429e701b60 DEOPT UNPACKING pc=0x000001424c1346a2 sp=0x000000203f8fe178 mode 2
Event: 1.303 Thread 0x000001429e701b60 Uncommon trap: trap_request=0xffffff54 fr.pc=0x000001424c6d875c relative=0x000000000000129c
Event: 1.303 Thread 0x000001429e701b60 Uncommon trap: reason=speculate_null_assert action=make_not_entrant pc=0x000001424c6d875c method=java.util.jar.JarFile.getVersionedEntry(Ljava/lang/String;Ljava/util/jar/JarEntry;)Ljava/util/jar/JarEntry; @ 115 c2
Event: 1.303 Thread 0x000001429e701b60 DEOPT PACKING pc=0x000001424c6d875c sp=0x000000203f8fd0e0
Event: 1.303 Thread 0x000001429e701b60 DEOPT UNPACKING pc=0x000001424c1346a2 sp=0x000000203f8fcfb8 mode 2
Event: 1.304 Thread 0x000001429e701b60 Uncommon trap: trap_request=0xffffff54 fr.pc=0x000001424c6d164c relative=0x00000000000011ac
Event: 1.304 Thread 0x000001429e701b60 Uncommon trap: reason=speculate_null_assert action=make_not_entrant pc=0x000001424c6d164c method=java.util.jar.JarFile.getVersionedEntry(Ljava/lang/String;Ljava/util/jar/JarEntry;)Ljava/util/jar/JarEntry; @ 115 c2
Event: 1.304 Thread 0x000001429e701b60 DEOPT PACKING pc=0x000001424c6d164c sp=0x000000203f8fc810
Event: 1.304 Thread 0x000001429e701b60 DEOPT UNPACKING pc=0x000001424c1346a2 sp=0x000000203f8fc7a8 mode 2

Classes loaded (20 events):
Event: 1.304 Loading class java/lang/ThreadBuilders$VirtualThreadFactory
Event: 1.304 Loading class java/lang/ThreadBuilders$BaseThreadFactory
Event: 1.304 Loading class java/lang/ThreadBuilders$BaseThreadFactory done
Event: 1.304 Loading class java/lang/ThreadBuilders$VirtualThreadFactory done
Event: 1.325 Loading class java/util/Stack
Event: 1.325 Loading class java/util/Stack done
Event: 1.325 Loading class java/util/Vector$Itr
Event: 1.325 Loading class java/util/Vector$Itr done
Event: 1.389 Loading class java/io/Console
Event: 1.389 Loading class java/io/Console done
Event: 1.390 Loading class jdk/internal/io/JdkConsoleProvider
Event: 1.390 Loading class jdk/internal/io/JdkConsoleProvider done
Event: 1.390 Loading class java/util/ServiceLoader$LayerLookupIterator
Event: 1.390 Loading class java/util/ServiceLoader$LayerLookupIterator done
Event: 1.391 Loading class java/util/ServiceLoader$ProviderSpliterator
Event: 1.391 Loading class java/util/ServiceLoader$ProviderSpliterator done
Event: 1.391 Loading class java/util/BitSet
Event: 1.391 Loading class java/util/BitSet done
Event: 1.392 Loading class jdk/internal/io/JdkConsole
Event: 1.392 Loading class jdk/internal/io/JdkConsole done

Classes unloaded (0 events):
No events

Classes redefined (0 events):
No events

Internal exceptions (20 events):
Event: 1.135 Thread 0x000001429e701b60 Exception <a 'java/lang/NoSuchMethodError'{0x0000000091bb34b0}: 'java.lang.Object java.lang.invoke.DirectMethodHandle$Holder.invokeSpecial(java.lang.Object, java.lang.Object, java.lang.Object, java.lang.Object, java.lang.Object, java.lang.Object, java.lang.Object, int)'> (0x0000000091bb34b0) 
thrown [s\open\src\hotspot\share\interpreter\linkResolver.cpp, line 773]
Event: 1.172 Thread 0x000001429e701b60 Exception <a 'java/lang/NoSuchMethodError'{0x0000000091ad78f0}: 'int java.lang.invoke.DirectMethodHandle$Holder.invokeInterface(java.lang.Object, java.lang.Object)'> (0x0000000091ad78f0) 
thrown [s\open\src\hotspot\share\interpreter\linkResolver.cpp, line 773]
Event: 1.179 Thread 0x000001429e701b60 Exception <a 'java/lang/NoSuchMethodError'{0x0000000091af91a8}: 'void java.lang.invoke.DirectMethodHandle$Holder.invokeSpecial(java.lang.Object, java.lang.Object, java.lang.Object, java.lang.Object, java.lang.Object)'> (0x0000000091af91a8) 
thrown [s\open\src\hotspot\share\interpreter\linkResolver.cpp, line 773]
Event: 1.217 Thread 0x000001429e701b60 Exception <a 'java/lang/NoSuchMethodError'{0x00000000919d2ac0}: 'java.lang.Object java.lang.invoke.DirectMethodHandle$Holder.invokeSpecial(java.lang.Object, java.lang.Object, java.lang.Object, int, java.lang.Object)'> (0x00000000919d2ac0) 
thrown [s\open\src\hotspot\share\interpreter\linkResolver.cpp, line 773]
Event: 1.218 Thread 0x000001429e701b60 Exception <a 'java/lang/NoSuchMethodError'{0x00000000919da3b0}: 'java.lang.Object java.lang.invoke.DirectMethodHandle$Holder.newInvokeSpecial(java.lang.Object, java.lang.Object, java.lang.Object, int, java.lang.Object)'> (0x00000000919da3b0) 
thrown [s\open\src\hotspot\share\interpreter\linkResolver.cpp, line 773]
Event: 1.219 Thread 0x000001429e701b60 Exception <a 'java/lang/NoSuchMethodError'{0x00000000919e1970}: 'java.lang.Object java.lang.invoke.Invokers$Holder.linkToTargetMethod(java.lang.Object, java.lang.Object, int, java.lang.Object, java.lang.Object)'> (0x00000000919e1970) 
thrown [s\open\src\hotspot\share\interpreter\linkResolver.cpp, line 773]
Event: 1.220 Thread 0x000001429e701b60 Exception <a 'java/lang/NoSuchMethodError'{0x00000000919efbe0}: 'java.lang.Object java.lang.invoke.DirectMethodHandle$Holder.newInvokeSpecial(java.lang.Object, int, java.lang.Object)'> (0x00000000919efbe0) 
thrown [s\open\src\hotspot\share\interpreter\linkResolver.cpp, line 773]
Event: 1.221 Thread 0x000001429e701b60 Exception <a 'java/lang/NoSuchMethodError'{0x00000000919f4590}: 'int java.lang.invoke.DirectMethodHandle$Holder.invokeSpecialIFC(java.lang.Object, java.lang.Object, java.lang.Object, java.lang.Object)'> (0x00000000919f4590) 
thrown [s\open\src\hotspot\share\interpreter\linkResolver.cpp, line 773]
Event: 1.245 Thread 0x000001429e701b60 Exception <a 'java/lang/NoSuchMethodError'{0x00000000918c8b58}: 'void java.lang.invoke.DirectMethodHandle$Holder.invokeInterface(java.lang.Object, java.lang.Object, java.lang.Object)'> (0x00000000918c8b58) 
thrown [s\open\src\hotspot\share\interpreter\linkResolver.cpp, line 773]
Event: 1.275 Thread 0x000001429e701b60 Exception <a 'java/lang/NoSuchMethodError'{0x0000000091767d78}: 'void java.lang.invoke.DirectMethodHandle$Holder.invokeStaticInit(java.lang.Object, java.lang.Object, java.lang.Object)'> (0x0000000091767d78) 
thrown [s\open\src\hotspot\share\interpreter\linkResolver.cpp, line 773]
Event: 1.281 Thread 0x000001429e701b60 Exception <a 'java/lang/NoSuchMethodError'{0x00000000917ad9c0}: 'java.lang.Object java.lang.invoke.DirectMethodHandle$Holder.invokeVirtual(java.lang.Object, java.lang.Object, java.lang.Object)'> (0x00000000917ad9c0) 
thrown [s\open\src\hotspot\share\interpreter\linkResolver.cpp, line 773]
Event: 1.286 Thread 0x000001429e701b60 Exception <a 'java/lang/NoSuchMethodError'{0x00000000917cd680}: 'java.lang.Object java.lang.invoke.DirectMethodHandle$Holder.invokeStatic(java.lang.Object, long, java.lang.Object)'> (0x00000000917cd680) 
thrown [s\open\src\hotspot\share\interpreter\linkResolver.cpp, line 773]
Event: 1.286 Thread 0x000001429e701b60 Exception <a 'java/lang/NoSuchMethodError'{0x00000000917d0cd8}: 'java.lang.Object java.lang.invoke.DirectMethodHandle$Holder.invokeStaticInit(java.lang.Object, long, java.lang.Object)'> (0x00000000917d0cd8) 
thrown [s\open\src\hotspot\share\interpreter\linkResolver.cpp, line 773]
Event: 1.287 Thread 0x000001429e701b60 Exception <a 'java/lang/NoSuchMethodError'{0x00000000917d6440}: 'java.lang.Object java.lang.invoke.DirectMethodHandle$Holder.newInvokeSpecial(java.lang.Object, long)'> (0x00000000917d6440) 
thrown [s\open\src\hotspot\share\interpreter\linkResolver.cpp, line 773]
Event: 1.306 Thread 0x000001429e701b60 Exception <a 'java/lang/NoSuchMethodError'{0x000000009162fb50}: 'void java.lang.invoke.DirectMethodHandle$Holder.invokeVirtual(java.lang.Object, java.lang.Object, java.lang.Object, java.lang.Object)'> (0x000000009162fb50) 
thrown [s\open\src\hotspot\share\interpreter\linkResolver.cpp, line 773]
Event: 1.382 Thread 0x000001429f584680 Exception <a 'java/lang/NoClassDefFoundError'{0x00000000915c42f0}: jakarta/validation/Validation> (0x00000000915c42f0) 
thrown [s\open\src\hotspot\share\classfile\systemDictionary.cpp, line 301]
Event: 1.383 Thread 0x000001429e701b60 Exception <a 'java/lang/IncompatibleClassChangeError'{0x000000009159d390}: Found class java.lang.Object, but interface was expected> (0x000000009159d390) 
thrown [s\open\src\hotspot\share\interpreter\linkResolver.cpp, line 840]
Event: 1.389 Thread 0x000001429e701b60 Exception <a 'java/lang/NoSuchMethodError'{0x00000000915f4870}: 'java.lang.Object java.lang.invoke.DirectMethodHandle$Holder.invokeStaticInit(java.lang.Object, int)'> (0x00000000915f4870) 
thrown [s\open\src\hotspot\share\interpreter\linkResolver.cpp, line 773]
Event: 1.392 Thread 0x000001429e701b60 Exception <a 'java/lang/NoSuchMethodError'{0x00000000915fe9b0}: 'java.lang.Object java.lang.invoke.DirectMethodHandle$Holder.invokeStatic(java.lang.Object, int, java.lang.Object)'> (0x00000000915fe9b0) 
thrown [s\open\src\hotspot\share\interpreter\linkResolver.cpp, line 773]
Event: 1.393 Thread 0x000001429e701b60 Exception <a 'java/lang/NoSuchMethodError'{0x0000000091444078}: 'java.lang.Object java.lang.invoke.DirectMethodHandle$Holder.invokeStaticInit(java.lang.Object, int, java.lang.Object)'> (0x0000000091444078) 
thrown [s\open\src\hotspot\share\interpreter\linkResolver.cpp, line 773]

ZGC Phase Switch (0 events):
No events

VM Operations (20 events):
Event: 0.678 Executing VM operation: HandshakeAllThreads (Deoptimize)
Event: 0.678 Executing VM operation: HandshakeAllThreads (Deoptimize) done
Event: 0.678 Executing VM operation: HandshakeAllThreads (Deoptimize)
Event: 0.678 Executing VM operation: HandshakeAllThreads (Deoptimize) done
Event: 0.899 Executing VM operation: ICBufferFull
Event: 0.899 Executing VM operation: ICBufferFull done
Event: 0.906 Executing VM operation: HandshakeAllThreads (Deoptimize)
Event: 0.906 Executing VM operation: HandshakeAllThreads (Deoptimize) done
Event: 0.913 Executing VM operation: G1CollectForAllocation (G1 Evacuation Pause)
Event: 0.918 Executing VM operation: G1CollectForAllocation (G1 Evacuation Pause) done
Event: 1.189 Executing VM operation: HandshakeAllThreads (Deoptimize)
Event: 1.189 Executing VM operation: HandshakeAllThreads (Deoptimize) done
Event: 1.239 Executing VM operation: HandshakeAllThreads (Deoptimize)
Event: 1.239 Executing VM operation: HandshakeAllThreads (Deoptimize) done
Event: 1.362 Executing VM operation: HandshakeAllThreads (Deoptimize)
Event: 1.362 Executing VM operation: HandshakeAllThreads (Deoptimize) done
Event: 1.369 Executing VM operation: HandshakeAllThreads (Deoptimize)
Event: 1.369 Executing VM operation: HandshakeAllThreads (Deoptimize) done
Event: 1.370 Executing VM operation: HandshakeAllThreads (Deoptimize)
Event: 1.370 Executing VM operation: HandshakeAllThreads (Deoptimize) done

Events (16 events):
Event: 0.031 Thread 0x000001423c765b50 Thread added: 0x000001423c765b50
Event: 0.054 Thread 0x0000014258db4ec0 Thread added: 0x0000014258db4ec0
Event: 0.055 Thread 0x0000014258db5e30 Thread added: 0x0000014258db5e30
Event: 0.055 Thread 0x0000014258db7850 Thread added: 0x0000014258db7850
Event: 0.055 Thread 0x0000014258db8ed0 Thread added: 0x0000014258db8ed0
Event: 0.055 Thread 0x0000014258dbbcf0 Thread added: 0x0000014258dbbcf0
Event: 0.055 Thread 0x0000014258dc5850 Thread added: 0x0000014258dc5850
Event: 0.055 Thread 0x0000014258dc6660 Thread added: 0x0000014258dc6660
Event: 0.056 Thread 0x0000014258dc84c0 Thread added: 0x0000014258dc84c0
Event: 0.138 Thread 0x000001429e0bc780 Thread added: 0x000001429e0bc780
Event: 0.217 Thread 0x000001429e1c9970 Thread added: 0x000001429e1c9970
Event: 0.276 Thread 0x000001429e3fe120 Thread added: 0x000001429e3fe120
Event: 0.276 Thread 0x000001429e3b0960 Thread added: 0x000001429e3b0960
Event: 0.798 Thread 0x000001429e874620 Thread added: 0x000001429e874620
Event: 0.801 Thread 0x000001429e701b60 Thread added: 0x000001429e701b60
Event: 1.379 Thread 0x000001429f584680 Thread added: 0x000001429f584680


Dynamic libraries:
0x00007ff681980000 - 0x00007ff68198e000 	C:\Users\HP 14S-FQ1001NU\.jdks\openjdk-21.0.2\bin\java.exe
0x00007ffd3d0f0000 - 0x00007ffd3d307000 	C:\WINDOWS\SYSTEM32\ntdll.dll
0x00007ffd3b7a0000 - 0x00007ffd3b864000 	C:\WINDOWS\System32\KERNEL32.DLL
0x00007ffd3aa80000 - 0x00007ffd3ae2c000 	C:\WINDOWS\System32\KERNELBASE.dll
0x00007ffd3a960000 - 0x00007ffd3aa71000 	C:\WINDOWS\System32\ucrtbase.dll
0x00007ffd051a0000 - 0x00007ffd051bb000 	C:\Users\HP 14S-FQ1001NU\.jdks\openjdk-21.0.2\bin\VCRUNTIME140.dll
0x00007ffd23200000 - 0x00007ffd23218000 	C:\Users\HP 14S-FQ1001NU\.jdks\openjdk-21.0.2\bin\jli.dll
0x00007ffd3ccd0000 - 0x00007ffd3ce7e000 	C:\WINDOWS\System32\USER32.dll
0x00007ffd1fce0000 - 0x00007ffd1ff73000 	C:\WINDOWS\WinSxS\amd64_microsoft.windows.common-controls_6595b64144ccf1df_6.0.22621.3672_none_2713b9d173822955\COMCTL32.dll
0x00007ffd3a530000 - 0x00007ffd3a556000 	C:\WINDOWS\System32\win32u.dll
0x00007ffd3bab0000 - 0x00007ffd3bb57000 	C:\WINDOWS\System32\msvcrt.dll
0x00007ffd3d080000 - 0x00007ffd3d0a9000 	C:\WINDOWS\System32\GDI32.dll
0x00007ffd3a790000 - 0x00007ffd3a8a9000 	C:\WINDOWS\System32\gdi32full.dll
0x00007ffd3a490000 - 0x00007ffd3a52a000 	C:\WINDOWS\System32\msvcp_win.dll
0x00007ffd3c5f0000 - 0x00007ffd3c621000 	C:\WINDOWS\System32\IMM32.DLL
0x00007ffd33b10000 - 0x00007ffd33b1c000 	C:\Users\HP 14S-FQ1001NU\.jdks\openjdk-21.0.2\bin\vcruntime140_1.dll
0x00007ffcfbdb0000 - 0x00007ffcfbe3e000 	C:\Users\HP 14S-FQ1001NU\.jdks\openjdk-21.0.2\bin\msvcp140.dll
0x00007ffceec90000 - 0x00007ffcef9a7000 	C:\Users\HP 14S-FQ1001NU\.jdks\openjdk-21.0.2\bin\server\jvm.dll
0x00007ffd3c940000 - 0x00007ffd3c9f2000 	C:\WINDOWS\System32\ADVAPI32.dll
0x00007ffd3bbe0000 - 0x00007ffd3bc8a000 	C:\WINDOWS\System32\sechost.dll
0x00007ffd3a8b0000 - 0x00007ffd3a8d8000 	C:\WINDOWS\System32\bcrypt.dll
0x00007ffd3ce80000 - 0x00007ffd3cf95000 	C:\WINDOWS\System32\RPCRT4.dll
0x00007ffd3bb60000 - 0x00007ffd3bbd1000 	C:\WINDOWS\System32\WS2_32.dll
0x00007ffd39ce0000 - 0x00007ffd39d2d000 	C:\WINDOWS\SYSTEM32\POWRPROF.dll
0x00007ffd31b80000 - 0x00007ffd31bb4000 	C:\WINDOWS\SYSTEM32\WINMM.dll
0x00007ffd31d50000 - 0x00007ffd31d5a000 	C:\WINDOWS\SYSTEM32\VERSION.dll
0x00007ffd39cc0000 - 0x00007ffd39cd3000 	C:\WINDOWS\SYSTEM32\UMPDC.dll
0x00007ffd39430000 - 0x00007ffd39448000 	C:\WINDOWS\SYSTEM32\kernel.appcore.dll
0x00007ffd27080000 - 0x00007ffd2708a000 	C:\Users\HP 14S-FQ1001NU\.jdks\openjdk-21.0.2\bin\jimage.dll
0x00007ffd37d80000 - 0x00007ffd37fb2000 	C:\WINDOWS\SYSTEM32\DBGHELP.DLL
0x00007ffd3b410000 - 0x00007ffd3b798000 	C:\WINDOWS\System32\combase.dll
0x00007ffd3cbf0000 - 0x00007ffd3ccc7000 	C:\WINDOWS\System32\OLEAUT32.dll
0x00007ffd1f100000 - 0x00007ffd1f132000 	C:\WINDOWS\SYSTEM32\dbgcore.DLL
0x00007ffd3a8e0000 - 0x00007ffd3a95b000 	C:\WINDOWS\System32\bcryptPrimitives.dll
0x00007ffd30e90000 - 0x00007ffd30e9f000 	C:\Users\HP 14S-FQ1001NU\.jdks\openjdk-21.0.2\bin\instrument.dll
0x00007ffd05160000 - 0x00007ffd0517f000 	C:\Users\HP 14S-FQ1001NU\.jdks\openjdk-21.0.2\bin\java.dll
0x00007ffd3bc90000 - 0x00007ffd3c4ec000 	C:\WINDOWS\System32\SHELL32.dll
0x00007ffd38320000 - 0x00007ffd38c17000 	C:\WINDOWS\SYSTEM32\windows.storage.dll
0x00007ffd381e0000 - 0x00007ffd3831f000 	C:\WINDOWS\SYSTEM32\wintypes.dll
0x00007ffd3c4f0000 - 0x00007ffd3c5e4000 	C:\WINDOWS\System32\SHCORE.dll
0x00007ffd3b880000 - 0x00007ffd3b8de000 	C:\WINDOWS\System32\shlwapi.dll
0x00007ffd3a350000 - 0x00007ffd3a371000 	C:\WINDOWS\SYSTEM32\profapi.dll
0x00007ffcf8cf0000 - 0x00007ffcf8dc7000 	C:\Users\HP 14S-FQ1001NU\.jdks\openjdk-21.0.2\bin\jsvml.dll
0x00007ffd0fa90000 - 0x00007ffd0faa8000 	C:\Users\HP 14S-FQ1001NU\.jdks\openjdk-21.0.2\bin\zip.dll
0x00007ffd27070000 - 0x00007ffd27080000 	C:\Users\HP 14S-FQ1001NU\.jdks\openjdk-21.0.2\bin\net.dll
0x00007ffd33800000 - 0x00007ffd33936000 	C:\WINDOWS\SYSTEM32\WINHTTP.dll
0x00007ffd398c0000 - 0x00007ffd39929000 	C:\WINDOWS\system32\mswsock.dll
0x00007ffd10620000 - 0x00007ffd10636000 	C:\Users\HP 14S-FQ1001NU\.jdks\openjdk-21.0.2\bin\nio.dll
0x00007ffd23820000 - 0x00007ffd2383a000 	C:\Program Files\JetBrains\IntelliJ IDEA Community Edition 2023.3.4\bin\breakgen64.dll
0x00007ffd10610000 - 0x00007ffd10619000 	C:\Users\HP 14S-FQ1001NU\.jdks\openjdk-21.0.2\bin\extnet.dll
0x00007ffd23890000 - 0x00007ffd2389a000 	C:\Users\HP 14S-FQ1001NU\.jdks\openjdk-21.0.2\bin\management.dll
0x00007ffd21690000 - 0x00007ffd2169b000 	C:\Users\HP 14S-FQ1001NU\.jdks\openjdk-21.0.2\bin\management_ext.dll
0x00007ffd3b870000 - 0x00007ffd3b878000 	C:\WINDOWS\System32\PSAPI.DLL

dbghelp: loaded successfully - version: 4.0.5 - missing functions: none
symbol engine: initialized successfully - sym options: 0x614 - pdb path: .;C:\Users\HP 14S-FQ1001NU\.jdks\openjdk-21.0.2\bin;C:\WINDOWS\SYSTEM32;C:\WINDOWS\WinSxS\amd64_microsoft.windows.common-controls_6595b64144ccf1df_6.0.22621.3672_none_2713b9d173822955;C:\Users\HP 14S-FQ1001NU\.jdks\openjdk-21.0.2\bin\server;C:\Program Files\JetBrains\IntelliJ IDEA Community Edition 2023.3.4\bin

VM Arguments:
jvm_args: -javaagent:C:\Program Files\JetBrains\IntelliJ IDEA Community Edition 2023.3.4\lib\idea_rt.jar=50899:C:\Program Files\JetBrains\IntelliJ IDEA Community Edition 2023.3.4\bin -Dfile.encoding=UTF-8 -Dsun.stdout.encoding=UTF-8 -Dsun.stderr.encoding=UTF-8 
java_command: bg.fmi.javaweb.sportstournamentorganizer.SportsTournamentOrganizerApplication
java_class_path (initial): C:\Users\HP 14S-FQ1001NU\IdeaProjects\local_java_repo\target\classes;C:\Users\HP 14S-FQ1001NU\.m2\repository\org\springframework\boot\spring-boot-starter-web\3.3.0\spring-boot-starter-web-3.3.0.jar;C:\Users\HP 14S-FQ1001NU\.m2\repository\org\springframework\boot\spring-boot-starter\3.3.0\spring-boot-starter-3.3.0.jar;C:\Users\HP 14S-FQ1001NU\.m2\repository\org\springframework\boot\spring-boot-starter-logging\3.3.0\spring-boot-starter-logging-3.3.0.jar;C:\Users\HP 14S-FQ1001NU\.m2\repository\ch\qos\logback\logback-classic\1.5.6\logback-classic-1.5.6.jar;C:\Users\HP 14S-FQ1001NU\.m2\repository\ch\qos\logback\logback-core\1.5.6\logback-core-1.5.6.jar;C:\Users\HP 14S-FQ1001NU\.m2\repository\org\apache\logging\log4j\log4j-to-slf4j\2.23.1\log4j-to-slf4j-2.23.1.jar;C:\Users\HP 14S-FQ1001NU\.m2\repository\org\apache\logging\log4j\log4j-api\2.23.1\log4j-api-2.23.1.jar;C:\Users\HP 14S-FQ1001NU\.m2\repository\org\slf4j\jul-to-slf4j\2.0.13\jul-to-slf4j-2.0.13.jar;C:\Users\HP 14S-FQ1001NU\.m2\repository\jakarta\annotation\jakarta.annotation-api\2.1.1\jakarta.annotation-api-2.1.1.jar;C:\Users\HP 14S-FQ1001NU\.m2\repository\org\yaml\snakeyaml\2.2\snakeyaml-2.2.jar;C:\Users\HP 14S-FQ1001NU\.m2\repository\org\springframework\boot\spring-boot-starter-json\3.3.0\spring-boot-starter-json-3.3.0.jar;C:\Users\HP 14S-FQ1001NU\.m2\repository\com\fasterxml\jackson\core\jackson-databind\2.17.1\jackson-databind-2.17.1.jar;C:\Users\HP 14S-FQ1001NU\.m2\repository\com\fasterxml\jackson\core\jackson-annotations\2.17.1\jackson-annotations-2.17.1.jar;C:\Users\HP 14S-FQ1001NU\.m2\repository\com\fasterxml\jackson\core\jackson-core\2.17.1\jackson-core-2.17.1.jar;C:\Users\HP 14S-FQ1001NU\.m2\repository\com\fasterxml\jackson\datatype\jackson-datatype-jdk8\2.17.1\jackson-datatype-jdk8-2.17.1.jar;C:\Users\HP 14S-FQ1001NU\.m2\repository\com\fasterxml\jackson\datatype\jackson-datatype-jsr310\2.17.1\jackson-datatype-jsr310-2.17.1.jar;C:\Users\HP 14S-FQ1001NU\.m2\repository\com\fasterxml\jackson\module\jackson-module-parameter-names\2.17.1\jackson-module-parameter-names-2.17.1.jar;C:\Users\HP 14S-FQ1001NU\.m2\repository\org\springframework\boot\spring-boot-starter-tomcat\3.3.0\spring-boot-starter-tomcat-3.3.0.jar;C:\Users\HP 14S-FQ1001NU\.m2\repository\org\apache\tomcat\embed\tomcat-embed-core\10.1.24\tomcat-embed-core-10.1.24.jar;C:\Users\HP 14S-FQ1001NU\.m2\repository\org\apache\tomcat\embed\tomcat-embed-el\10.1.24\tomcat-embed-el-10.1.24.jar;C:\Users\HP 14S-FQ1001NU\.m2\repository\org\apache\tomcat\embed\tomcat-embed-websocket\10.1.24\tomcat-embed-websocket-10.1.24.jar;C:\Users\HP 14S-FQ1001NU\.m2\repository\org\springframework\spring-web\6.1.8\spring-web-6.1.8.jar;C:\Users\HP 14S-FQ1001NU\.m2\repository\org\springframework\spring-beans\6.1.8\spring-beans-6.1.8.jar;C:\Users\HP 14S-FQ1001NU\.m2\repository\io\micrometer\micrometer-observation\1.13.0\micrometer-observation-1.13.0.jar;C:\Users\HP 14S-FQ1001NU\.m2\repository\io\micrometer\micrometer-commons\1.13.0\micrometer-commons-1.13.0.jar;C:\Users\HP 14S-FQ1001NU\.m2\repository\org\springframework\spring-webmvc\6.1.8\spring-webmvc-6.1.8.jar;C:\Users\HP 14S-FQ1001NU\.m2\repository\org\springframework\spring-aop\6.1.8\spring-aop-6.1.8.jar;C:\Users\HP 14S-FQ1001NU\.m2\repository\org\springframework\spring-context\6.1.8\spring-context-6.1.8.jar;C:\Users\HP 14S-FQ1001NU\.m2\repository\org\springframework\spring-expression\6.1.8\spring-expression-6.1.8.jar;C:\Users\HP 14S-FQ1001NU\.m2\repository\org\springframework\boot\spring-boot-devtools\3.3.0\spring-boot-devtools-3.3.0.jar;C:\Users\HP 14S-FQ1001NU\.m2\repository\org\springframework\boot\spring-boot\3.3.0\spring-boot-3.3.0.jar;C:\Users\HP 14S-FQ1001NU\.m2\repository\org\springframework\boot\spring-boot-autoconfigure\3.3.0\spring-boot-autoconfigure-3.3.0.jar;C:\Users\HP 14S-FQ1001NU\.m2\repository\org\slf4j\slf4j-api\2.0.13\slf4j-api-2.0.13.jar;C:\Users\HP 14S-FQ1001NU\.m2\repository\jakarta\xml\bind\jakarta.xml.bind-api\4.0.2\jakarta.xml.bind-api-4.0.2.jar;C:\Users\HP 14S-FQ1001NU\.m2\repository\jakarta\activation\jakarta.activation-api\2.1.3\jakarta.activation-api-2.1.3.jar;C:\Users\HP 14S-FQ1001NU\.m2\repository\net\bytebuddy\byte-buddy\1.14.16\byte-buddy-1.14.16.jar;C:\Users\HP 14S-FQ1001NU\.m2\repository\org\springframework\spring-core\6.1.8\spring-core-6.1.8.jar;C:\Users\HP 14S-FQ1001NU\.m2\repository\org\springframework\spring-jcl\6.1.8\spring-jcl-6.1.8.jar;C:\Users\HP 14S-FQ1001NU\.m2\repository\org\mapstruct\mapstruct\1.6.0.Beta1\mapstruct-1.6.0.Beta1.jar;C:\Users\HP 14S-FQ1001NU\.m2\repository\org\mapstruct\mapstruct-processor\1.6.0.Beta1\mapstruct-processor-1.6.0.Beta1.jar;C:\Users\HP 14S-FQ1001NU\.m2\repository\org\postgresql\postgresql\42.7.3\postgresql-42.7.3.jar;C:\Users\HP 14S-FQ1001NU\.m2\repository\org\checkerframework\checker-qual\3.42.0\checker-qual-3.42.0.jar;C:\Users\HP 14S-FQ1001NU\.m2\repository\org\springframework\boot\spring-boot-starter-data-jpa\3.3.0\spring-boot-starter-data-jpa-3.3.0.jar;C:\Users\HP 14S-FQ1001NU\.m2\repository\org\springframework\boot\spring-boot-starter-aop\3.3.0\spring-boot-starter-aop-3.3.0.jar;C:\Users\HP 14S-FQ1001NU\.m2\repository\org\aspectj\aspectjweaver\1.9.22\aspectjweaver-1.9.22.jar;C:\Users\HP 14S-FQ1001NU\.m2\repository\org\springframework\boot\spring-boot-starter-jdbc\3.3.0\spring-boot-starter-jdbc-3.3.0.jar;C:\Users\HP 14S-FQ1001NU\.m2\repository\com\zaxxer\HikariCP\5.1.0\HikariCP-5.1.0.jar;C:\Users\HP 14S-FQ1001NU\.m2\repository\org\springframework\spring-jdbc\6.1.8\spring-jdbc-6.1.8.jar;C:\Users\HP 14S-FQ1001NU\.m2\repository\org\hibernate\orm\hibernate-core\6.5.2.Final\hibernate-core-6.5.2.Final.jar;C:\Users\HP 14S-FQ1001NU\.m2\repository\jakarta\persistence\jakarta.persistence-api\3.1.0\jakarta.persistence-api-3.1.0.jar;C:\Users\HP 14S-FQ1001NU\.m2\repository\jakarta\transaction\jakarta.transaction-api\2.0.1\jakarta.transaction-api-2.0.1.jar;C:\Users\HP 14S-FQ1001NU\.m2\repository\org\jboss\logging\jboss-logging\3.5.3.Final\jboss-logging-3.5.3.Final.jar;C:\Users\HP 14S-FQ1001NU\.m2\repository\org\hibernate\common\hibernate-commons-annotations\6.0.6.Final\hibernate-commons-annotations-6.0.6.Final.jar;C:\Users\HP 14S-FQ1001NU\.m2\repository\io\smallrye\jandex\3.1.2\jandex-3.1.2.jar;C:\Users\HP 14S-FQ1001NU\.m2\repository\com\fasterxml\classmate\1.7.0\classmate-1.7.0.jar;C:\Users\HP 14S-FQ1001NU\.m2\repository\org\glassfish\jaxb\jaxb-runtime\4.0.5\jaxb-runtime-4.0.5.jar;C:\Users\HP 14S-FQ1001NU\.m2\repository\org\glassfish\jaxb\jaxb-core\4.0.5\jaxb-core-4.0.5.jar;C:\Users\HP 14S-FQ1001NU\.m2\repository\org\eclipse\angus\angus-activation\2.0.2\angus-activation-2.0.2.jar;C:\Users\HP 14S-FQ1001NU\.m2\repository\org\glassfish\jaxb\txw2\4.0.5\txw2-4.0.5.jar;C:\Users\HP 14S-FQ1001NU\.m2\repository\com\sun\istack\istack-commons-runtime\4.1.2\istack-commons-runtime-4.1.2.jar;C:\Users\HP 14S-FQ1001NU\.m2\repository\jakarta\inject\jakarta.inject-api\2.0.1\jakarta.inject-api-2.0.1.jar;C:\Users\HP 14S-FQ1001NU\.m2\repository\org\antlr\antlr4-runtime\4.13.0\antlr4-runtime-4.13.0.jar;C:\Users\HP 14S-FQ1001NU\.m2\repository\org\springframework\data\spring-data-jpa\3.3.0\spring-data-jpa-3.3.0.jar;C:\Users\HP 14S-FQ1001NU\.m2\repository\org\springframework\data\spring-data-commons\3.3.0\spring-data-commons-3.3.0.jar;C:\Users\HP 14S-FQ1001NU\.m2\repository\org\springframework\spring-orm\6.1.8\spring-orm-6.1.8.jar;C:\Users\HP 14S-FQ1001NU\.m2\repository\org\springframework\spring-tx\6.1.8\spring-tx-6.1.8.jar;C:\Users\HP 14S-FQ1001NU\.m2\repository\org\springframework\spring-aspects\6.1.8\spring-aspects-6.1.8.jar
Launcher Type: SUN_STANDARD

[Global flags]
     intx CICompilerCount                          = 4                                         {product} {ergonomic}
     uint ConcGCThreads                            = 2                                         {product} {ergonomic}
     uint G1ConcRefinementThreads                  = 8                                         {product} {ergonomic}
   size_t G1HeapRegionSize                         = 1048576                                   {product} {ergonomic}
    uintx GCDrainStackTargetSize                   = 64                                        {product} {ergonomic}
   size_t InitialHeapSize                          = 123731968                                 {product} {ergonomic}
   size_t MarkStackSize                            = 4194304                                   {product} {ergonomic}
   size_t MaxHeapSize                              = 1967128576                                {product} {ergonomic}
   size_t MaxNewSize                               = 1179648000                                {product} {ergonomic}
   size_t MinHeapDeltaBytes                        = 1048576                                   {product} {ergonomic}
   size_t MinHeapSize                              = 8388608                                   {product} {ergonomic}
    uintx NonNMethodCodeHeapSize                   = 5839372                                {pd product} {ergonomic}
    uintx NonProfiledCodeHeapSize                  = 122909434                              {pd product} {ergonomic}
    uintx ProfiledCodeHeapSize                     = 122909434                              {pd product} {ergonomic}
    uintx ReservedCodeCacheSize                    = 251658240                              {pd product} {ergonomic}
     bool SegmentedCodeCache                       = true                                      {product} {ergonomic}
   size_t SoftMaxHeapSize                          = 1967128576                             {manageable} {ergonomic}
     bool UseCompressedOops                        = true                           {product lp64_product} {ergonomic}
     bool UseG1GC                                  = true                                      {product} {ergonomic}
     bool UseLargePagesIndividualAllocation        = false                                  {pd product} {ergonomic}

Logging:
Log output configuration:
 #0: stdout all=warning uptime,level,tags foldmultilines=false
 #1: stderr all=off uptime,level,tags foldmultilines=false

Environment Variables:
PATH=C:\Program Files (x86)\Cuminas\Document Express DjVu Plug-in\;C:\WINDOWS\system32;C:\WINDOWS;C:\WINDOWS\System32\Wbem;C:\WINDOWS\System32\WindowsPowerShell\v1.0\;C:\WINDOWS\System32\OpenSSH\;C:\Program Files\Git\cmd;C:\Program Files\Microsoft SQL Server\150\Tools\Binn\;C:\mysys64\mingw64\bin;C:\Program Files\PuTTY\;C:\Program Files (x86)\Microsoft SQL Server\160\Tools\Binn\;C:\Program Files\Microsoft SQL Server\160\Tools\Binn\;C:\Program Files\Microsoft SQL Server\Client SDK\ODBC\170\Tools\Binn\;C:\Program Files\Microsoft SQL Server\160\DTS\Binn\;C:\Program Files (x86)\Microsoft SQL Server\160\DTS\Binn\;C:\Program Files\Azure Data Studio\bin;C:\MinGW\bin;C:\Program Files\dotnet\;C:\Program Files\nodejs\;C:\Users\HP 14S-FQ1001NU\AppData\Local\Programs\Python\Launcher\;C:\Users\HP 14S-FQ1001NU\AppData\Local\Microsoft\WindowsApps;C:\Users\HP 14S-FQ1001NU\AppData\Local\GitHubDesktop\bin;C:\Users\HP 14S-FQ1001NU\AppData\Local\Programs\Microsoft VS Code\bin;C:\Program Files\JetBrains\IntelliJ IDEA 2022.2.3\bin;;C:\Program Files\Azure Data Studio\bin;C:\Program Files\JetBrains\CLion 2023.1.3\bin;;C:\ghcup\bin;C:\Users\HP 14S-FQ1001NU\.dotnet\tools;C:\Users\HP 14S-FQ1001NU\AppData\Roaming\npm;C:\Users\HP 14S-FQ1001NU\AppData\Roaming\Microsoft\Windows\Start Menu\Programs\MSYS2 64bit\MSYS2 MSYS.lnk;C:\php;C:\Program Files\MongoDB\mongosh-2.2.6-win32-x64\bin;
USERNAME=HP 14S-FQ1001NU
OS=Windows_NT
PROCESSOR_IDENTIFIER=AMD64 Family 23 Model 104 Stepping 1, AuthenticAMD
TMP=C:\Users\HP14S-~1\AppData\Local\Temp
TEMP=C:\Users\HP14S-~1\AppData\Local\Temp




Periodic native trim disabled

---------------  S Y S T E M  ---------------

OS:
 Windows 11 , 64 bit Build 22621 (10.0.22621.3672)
OS uptime: 0 days 2:00 hours
Hyper-V role detected

CPU: total 8 (initial active 8) (8 cores per cpu, 2 threads per core) family 23 model 104 stepping 1 microcode 0x0, cx8, cmov, fxsr, ht, mmx, 3dnowpref, sse, sse2, sse3, ssse3, sse4a, sse4.1, sse4.2, popcnt, lzcnt, tsc, tscinvbit, avx, avx2, aes, clmul, bmi1, bmi2, adx, sha, fma, vzeroupper, clflush, clflushopt, hv, rdtscp, rdpid, f16c
Processor Information for all 8 processors :
  Max Mhz: 2600, Current Mhz: 2600, Mhz Limit: 2600

Memory: 4k page, system-wide physical 7502M (499M free)
TotalPageFile size 10502M (AvailPageFile size 4M)
current process WorkingSet (physical memory assigned to process): 101M, peak: 101M
current process commit charge ("private bytes"): 231M, peak: 231M

vm_info: OpenJDK 64-Bit Server VM (21.0.2+13-58) for windows-amd64 JRE (21.0.2+13-58), built on 2024-01-05T18:32:24Z by "mach5one" with MS VC++ 17.1 (VS2022)

END.
